ORD  UPLO       N    NRHS     lda     ldb       TIME     MFLOP        RESID
===  ====  ======  ======  ======  ======  =========  ========  ===========

  C     G     477     517     477     477      0.028   6814.37  2.834075e-02
  R     G     477     517     477     477      0.011  17440.41  2.885986e-02

2 TESTS RUN, ALL PASSED.

ORD  UPLO       N    NRHS     lda     ldb       TIME     MFLOP        RESID
===  ====  ======  ======  ======  ======  =========  ========  ===========

  C     U     477     517     477     477      0.008  19206.99  9.170970e-04
  C     L     477     517     477     477      0.008  18349.99  9.571882e-04
  R     U     477     517     477     477      0.013  11926.00  9.571882e-04
  R     L     477     517     477     477      0.009  17916.09  9.170970e-04

4 TESTS RUN, ALL PASSED.

Rt  Maj      M      N    lda        TIME       MFLOP   RESIDUAL
==  ===  =====  =====  =====  ==========  ==========  =========
QR  Col    517    477    517  2.1529e-02     7589.16   1.22e-02
QL  Col    517    477    517  1.5034e-02    10867.84   1.19e-02
RQ  Col    517    477    517  1.9914e-02     8205.62   1.26e-02
LQ  Col    517    477    517  1.4036e-02    11641.97   1.23e-02

4 cases ran, 4 cases passed

NREPS   Ord. UPLO DIAG       N    lda          TIME        MFLOPS         RESID
=====  ==== =====  ===== =====  =====  ============  ============  ============
    1  Col  Upper NonUn    477    477       0.00520      6951.789  2.116334e-03
    1  Col  Upper Unit     477    477       0.00255     14164.883  4.708994e-03
    1  Col  Lower NonUn    477    477       0.00364      9946.965  2.117779e-03
    1  Col  Lower Unit     477    477       0.00236     15355.310  3.426430e-03
    1  Row  Upper NonUn    477    477       0.00221     16340.159  2.345633e-03
    1  Row  Upper Unit     477    477       0.00224     16121.707  3.521557e-03
    1  Row  Lower NonUn    477    477       0.00229     15784.080  2.146268e-03
    1  Row  Lower Unit     477    477       0.00342     10590.489  4.439000e-03

8 cases: 8 passed, 0 skipped, 0 failed
NREPS  ORD   UPLO      N    lda          TIME        MFLOPS         RESID
=====  ===  =====  =====  =====  ============  ============  ============
    1  Col  Upper    477    477       0.00876      3098.770  9.109113e-01
    1  Col  Lower    477    477       0.00498      5445.080  1.229839e+00
    1  Row  Upper    477    477       0.00475      5716.990  1.229839e+00
    1  Row  Lower    477    477       0.00479      5668.024  9.109113e-01

4 cases: 4 passed, 0 skipped, 0 failed
ORD  UPLO       N    NRHS     lda     ldb       TIME     MFLOP        RESID
===  ====  ======  ======  ======  ======  =========  ========  ===========

  C     G     477     517     477     477      0.019   9969.08  2.937769e-02
  R     G     477     517     477     477      0.017  11072.31  2.387131e-02

2 TESTS RUN, ALL PASSED.

ORD  UPLO       N    NRHS     lda     ldb       TIME     MFLOP        RESID
===  ====  ======  ======  ======  ======  =========  ========  ===========

  C     U     477     517     477     477      0.013  11614.41  1.154032e-03
  C     L     477     517     477     477      0.013  11685.00  1.283678e-03
  R     U     477     517     477     477      0.012  12880.80  1.283678e-03
  R     L     477     517     477     477      0.015   9989.58  1.154032e-03

4 TESTS RUN, ALL PASSED.

Rt  Maj      M      N    lda        TIME       MFLOP   RESIDUAL
==  ===  =====  =====  =====  ==========  ==========  =========
QR  Col    517    477    517  3.0095e-02     5429.05   1.21e-02
QL  Col    517    477    517  1.5287e-02    10687.98   1.30e-02
RQ  Col    517    477    517  1.7606e-02     9281.31   1.18e-02
LQ  Col    517    477    517  1.6467e-02     9923.28   1.23e-02

4 cases ran, 4 cases passed

NREPS   Ord. UPLO DIAG       N    lda          TIME        MFLOPS         RESID
=====  ==== =====  ===== =====  =====  ============  ============  ============
    1  Col  Upper NonUn    477    477       0.00601      6021.490  2.131233e-03
    1  Col  Upper Unit     477    477       0.00327     11049.820  4.424644e-03
    1  Col  Lower NonUn    477    477       0.00339     10681.167  2.118662e-03
    1  Col  Lower Unit     477    477       0.00309     11711.593  5.293098e-03
    1  Row  Upper NonUn    477    477       0.00305     11845.812  2.137837e-03
    1  Row  Upper Unit     477    477       0.00269     13443.742  5.132306e-03
    1  Row  Lower NonUn    477    477       0.00289     12505.050  2.143581e-03
    1  Row  Lower Unit     477    477       0.00278     13022.718  4.296000e-03

8 cases: 8 passed, 0 skipped, 0 failed
NREPS  ORD   UPLO      N    lda          TIME        MFLOPS         RESID
=====  ===  =====  =====  =====  ============  ============  ============
    1  Col  Upper    477    477       0.00782      3468.341  1.625620e+00
    1  Col  Lower    477    477       0.00360      7538.992  7.135175e-01
    1  Row  Upper    477    477       0.00356      7628.010  7.135175e-01
    1  Row  Lower    477    477       0.00381      7119.610  1.625620e+00

4 cases: 4 passed, 0 skipped, 0 failed
ORD  UPLO       N    NRHS     lda     ldb       TIME     MFLOP        RESID
===  ====  ======  ======  ======  ======  =========  ========  ===========

  C     G     477     517     477     477      0.087   8715.34  2.436122e-02
  R     G     477     517     477     477      0.064  11925.65  2.763149e-02

2 TESTS RUN, ALL PASSED.

ORD  UPLO       N    NRHS     lda     ldb       TIME     MFLOP        RESID
===  ====  ======  ======  ======  ======  =========  ========  ===========

  C     U     477     517     477     477      0.055  11174.21  1.011067e-03
  C     L     477     517     477     477      0.048  12908.12  1.023042e-03
  R     U     477     517     477     477      0.049  12509.67  1.002683e-03
  R     L     477     517     477     477      0.047  13067.10  8.788262e-04

4 TESTS RUN, ALL PASSED.

Rt  Maj      M      N    lda        TIME       MFLOP   RESIDUAL
==  ===  =====  =====  =====  ==========  ==========  =========
QR  Col    517    477    517  7.5512e-02     8661.47   1.73e-02
QL  Col    517    477    517  7.0536e-02     9272.49   1.85e-02
RQ  Col    517    477    517  6.0209e-02    10863.59   1.77e-02
LQ  Col    517    477    517  5.8085e-02    11260.84   1.69e-02

4 cases ran, 4 cases passed

NREPS   Ord. UPLO DIAG       N    lda          TIME        MFLOPS         RESID
=====  ==== =====  ===== =====  =====  ============  ============  ============
    1  Col  Upper NonUn    477    477       0.01329     10850.198  2.662834e-03
    1  Col  Upper Unit     477    477       0.00697     20693.356  6.503653e-03
    1  Col  Lower NonUn    477    477       0.00839     17191.442  2.663196e-03
    1  Col  Lower Unit     477    477       0.00852     16937.112  7.005023e-03
    1  Row  Upper NonUn    477    477       0.00869     16599.929  2.662505e-03
    1  Row  Upper Unit     477    477       0.00815     17688.950  7.108091e-03
    1  Row  Lower NonUn    477    477       0.00722     19979.693  2.663173e-03
    1  Row  Lower Unit     477    477       0.00713     20243.248  6.138931e-03

8 cases: 8 passed, 0 skipped, 0 failed
NREPS  ORD   UPLO      N    lda          TIME        MFLOPS         RESID
=====  ===  =====  =====  =====  ============  ============  ============
    1  Col  Upper    477    477       0.03006      3610.850  2.089315e+00
    1  Col  Lower    477    477       0.02540      4273.224  2.847993e+00
    1  Row  Upper    477    477       0.02105      5154.658  2.847993e+00
    1  Row  Lower    477    477       0.02235      4856.857  2.089315e+00

4 cases: 4 passed, 0 skipped, 0 failed
ORD  UPLO       N    NRHS     lda     ldb       TIME     MFLOP        RESID
===  ====  ======  ======  ======  ======  =========  ========  ===========

  C     G     477     517     477     477      0.070  10804.15  2.482413e-02
  R     G     477     517     477     477      0.054  14057.96  2.143052e-02

2 TESTS RUN, ALL PASSED.

ORD  UPLO       N    NRHS     lda     ldb       TIME     MFLOP        RESID
===  ====  ======  ======  ======  ======  =========  ========  ===========

  C     U     477     517     477     477      0.044  14096.88  8.925195e-04
  C     L     477     517     477     477      0.042  14655.24  9.011741e-04
  R     U     477     517     477     477      0.042  14582.78  8.749145e-04
  R     L     477     517     477     477      0.048  12739.52  8.973810e-04

4 TESTS RUN, ALL PASSED.

Rt  Maj      M      N    lda        TIME       MFLOP   RESIDUAL
==  ===  =====  =====  =====  ==========  ==========  =========
QR  Col    517    477    517  6.7226e-02     9729.04   1.42e-02
QL  Col    517    477    517  5.3372e-02    12254.45   1.38e-02
RQ  Col    517    477    517  4.9518e-02    13209.05   1.42e-02
LQ  Col    517    477    517  4.7650e-02    13726.88   1.29e-02

4 cases ran, 4 cases passed

NREPS   Ord. UPLO DIAG       N    lda          TIME        MFLOPS         RESID
=====  ==== =====  ===== =====  =====  ============  ============  ============
    1  Col  Upper NonUn    477    477       0.02326      6201.779  2.662181e-03
    1  Col  Upper Unit     477    477       0.01146     12585.359  5.342296e-03
    1  Col  Lower NonUn    477    477       0.00897     16074.592  2.662992e-03
    1  Col  Lower Unit     477    477       0.00753     19157.156  6.027514e-03
    1  Row  Upper NonUn    477    477       0.00800     18036.182  2.662366e-03
    1  Row  Upper Unit     477    477       0.00809     17842.101  5.946501e-03
    1  Row  Lower NonUn    477    477       0.00821     17566.170  2.663781e-03
    1  Row  Lower Unit     477    477       0.00954     15120.900  5.246211e-03

8 cases: 8 passed, 0 skipped, 0 failed
NREPS  ORD   UPLO      N    lda          TIME        MFLOPS         RESID
=====  ===  =====  =====  =====  ============  ============  ============
    1  Col  Upper    477    477       0.01665      6518.398  2.043977e+00
    1  Col  Lower    477    477       0.01047     10368.905  1.076525e+00
    1  Row  Upper    477    477       0.01002     10828.228  1.076525e+00
    1  Row  Lower    477    477       0.01013     10714.911  2.043977e+00

4 cases: 4 passed, 0 skipped, 0 failed
