================================================================================
HPLinpack 2.2  --  High-Performance Linpack benchmark  --   February 24, 2016
Written by A. Petitet and R. Clint Whaley,  Innovative Computing Laboratory, UTK
Modified by Piotr Luszczek, Innovative Computing Laboratory, UTK
Modified by Julien Langou, University of Colorado Denver
================================================================================

An explanation of the input/output parameters follows:
T/V    : Wall time / encoded variant.
N      : The order of the coefficient matrix A.
NB     : The partitioning blocking factor.
P      : The number of process rows.
Q      : The number of process columns.
Time   : Time in seconds to solve the linear system.
Gflops : Rate of execution for solving the linear system.

The following parameter values will be used:

N      :    6000 
NB     :      32 
PMAP   : Row-major process mapping
P      :       1 
Q      :       2 
PFACT  :    Left    Crout    Right 
NBMIN  :       2        4 
NDIV   :       2 
RFACT  :    Left    Crout    Right 
BCAST  :   1ring 
DEPTH  :       0 
SWAP   : Mix (threshold = 64)
L1     : transposed form
U      : transposed form
EQUIL  : yes
ALIGN  : 8 double precision words

--------------------------------------------------------------------------------

- The matrix A is randomly generated for each test.
- The following scaled residual check will be computed:
      ||Ax-b||_oo / ( eps * ( || x ||_oo * || A ||_oo + || b ||_oo ) * N )
- The relative machine precision (eps) is taken to be               1.110223e-16
- Computational tests pass if scaled residuals are less than                16.0

================================================================================
T/V                N    NB     P     Q               Time                 Gflops
--------------------------------------------------------------------------------
WR00L2L2        6000    32     1     2               5.41              2.661e+01
HPL_pdgesv() start time Fri Aug 11 12:54:28 2017

HPL_pdgesv() end time   Fri Aug 11 12:54:33 2017

--------------------------------------------------------------------------------
||Ax-b||_oo/(eps*(||A||_oo*||x||_oo+||b||_oo)*N)=        0.0037600 ...... PASSED
================================================================================
T/V                N    NB     P     Q               Time                 Gflops
--------------------------------------------------------------------------------
WR00L2L4        6000    32     1     2               5.38              2.677e+01
HPL_pdgesv() start time Fri Aug 11 12:54:34 2017

HPL_pdgesv() end time   Fri Aug 11 12:54:40 2017

--------------------------------------------------------------------------------
||Ax-b||_oo/(eps*(||A||_oo*||x||_oo+||b||_oo)*N)=        0.0029515 ...... PASSED
================================================================================
T/V                N    NB     P     Q               Time                 Gflops
--------------------------------------------------------------------------------
WR00L2C2        6000    32     1     2               5.49              2.626e+01
HPL_pdgesv() start time Fri Aug 11 12:54:41 2017

HPL_pdgesv() end time   Fri Aug 11 12:54:46 2017

--------------------------------------------------------------------------------
||Ax-b||_oo/(eps*(||A||_oo*||x||_oo+||b||_oo)*N)=        0.0037600 ...... PASSED
================================================================================
T/V                N    NB     P     Q               Time                 Gflops
--------------------------------------------------------------------------------
WR00L2C4        6000    32     1     2               5.33              2.701e+01
HPL_pdgesv() start time Fri Aug 11 12:54:48 2017

HPL_pdgesv() end time   Fri Aug 11 12:54:53 2017

--------------------------------------------------------------------------------
||Ax-b||_oo/(eps*(||A||_oo*||x||_oo+||b||_oo)*N)=        0.0029515 ...... PASSED
================================================================================
T/V                N    NB     P     Q               Time                 Gflops
--------------------------------------------------------------------------------
WR00L2R2        6000    32     1     2               5.51              2.615e+01
HPL_pdgesv() start time Fri Aug 11 12:54:54 2017

HPL_pdgesv() end time   Fri Aug 11 12:55:00 2017

--------------------------------------------------------------------------------
||Ax-b||_oo/(eps*(||A||_oo*||x||_oo+||b||_oo)*N)=        0.0030078 ...... PASSED
================================================================================
T/V                N    NB     P     Q               Time                 Gflops
--------------------------------------------------------------------------------
WR00L2R4        6000    32     1     2               5.68              2.535e+01
HPL_pdgesv() start time Fri Aug 11 12:55:01 2017

HPL_pdgesv() end time   Fri Aug 11 12:55:07 2017

--------------------------------------------------------------------------------
||Ax-b||_oo/(eps*(||A||_oo*||x||_oo+||b||_oo)*N)=        0.0028860 ...... PASSED
================================================================================
T/V                N    NB     P     Q               Time                 Gflops
--------------------------------------------------------------------------------
WR00C2L2        6000    32     1     2               7.92              1.819e+01
HPL_pdgesv() start time Fri Aug 11 12:55:08 2017

HPL_pdgesv() end time   Fri Aug 11 12:55:16 2017

--------------------------------------------------------------------------------
||Ax-b||_oo/(eps*(||A||_oo*||x||_oo+||b||_oo)*N)=        0.0037600 ...... PASSED
================================================================================
T/V                N    NB     P     Q               Time                 Gflops
--------------------------------------------------------------------------------
WR00C2L4        6000    32     1     2               5.96              2.418e+01
HPL_pdgesv() start time Fri Aug 11 12:55:17 2017

HPL_pdgesv() end time   Fri Aug 11 12:55:23 2017

--------------------------------------------------------------------------------
||Ax-b||_oo/(eps*(||A||_oo*||x||_oo+||b||_oo)*N)=        0.0029515 ...... PASSED
================================================================================
T/V                N    NB     P     Q               Time                 Gflops
--------------------------------------------------------------------------------
WR00C2C2        6000    32     1     2               5.95              2.420e+01
HPL_pdgesv() start time Fri Aug 11 12:55:24 2017

HPL_pdgesv() end time   Fri Aug 11 12:55:30 2017

--------------------------------------------------------------------------------
||Ax-b||_oo/(eps*(||A||_oo*||x||_oo+||b||_oo)*N)=        0.0037600 ...... PASSED
================================================================================
T/V                N    NB     P     Q               Time                 Gflops
--------------------------------------------------------------------------------
WR00C2C4        6000    32     1     2               5.41              2.665e+01
HPL_pdgesv() start time Fri Aug 11 12:55:31 2017

HPL_pdgesv() end time   Fri Aug 11 12:55:37 2017

--------------------------------------------------------------------------------
||Ax-b||_oo/(eps*(||A||_oo*||x||_oo+||b||_oo)*N)=        0.0029515 ...... PASSED
================================================================================
T/V                N    NB     P     Q               Time                 Gflops
--------------------------------------------------------------------------------
WR00C2R2        6000    32     1     2               5.59              2.575e+01
HPL_pdgesv() start time Fri Aug 11 12:55:38 2017

HPL_pdgesv() end time   Fri Aug 11 12:55:44 2017

--------------------------------------------------------------------------------
||Ax-b||_oo/(eps*(||A||_oo*||x||_oo+||b||_oo)*N)=        0.0030078 ...... PASSED
================================================================================
T/V                N    NB     P     Q               Time                 Gflops
--------------------------------------------------------------------------------
WR00C2R4        6000    32     1     2              11.77              1.224e+01
HPL_pdgesv() start time Fri Aug 11 12:55:45 2017

HPL_pdgesv() end time   Fri Aug 11 12:55:57 2017

--------------------------------------------------------------------------------
||Ax-b||_oo/(eps*(||A||_oo*||x||_oo+||b||_oo)*N)=        0.0028860 ...... PASSED
================================================================================
T/V                N    NB     P     Q               Time                 Gflops
--------------------------------------------------------------------------------
WR00R2L2        6000    32     1     2               5.79              2.488e+01
HPL_pdgesv() start time Fri Aug 11 12:55:58 2017

HPL_pdgesv() end time   Fri Aug 11 12:56:04 2017

--------------------------------------------------------------------------------
||Ax-b||_oo/(eps*(||A||_oo*||x||_oo+||b||_oo)*N)=        0.0037600 ...... PASSED
================================================================================
T/V                N    NB     P     Q               Time                 Gflops
--------------------------------------------------------------------------------
WR00R2L4        6000    32     1     2               5.47              2.635e+01
HPL_pdgesv() start time Fri Aug 11 12:56:05 2017

HPL_pdgesv() end time   Fri Aug 11 12:56:10 2017

--------------------------------------------------------------------------------
||Ax-b||_oo/(eps*(||A||_oo*||x||_oo+||b||_oo)*N)=        0.0029515 ...... PASSED
================================================================================
T/V                N    NB     P     Q               Time                 Gflops
--------------------------------------------------------------------------------
WR00R2C2        6000    32     1     2               5.57              2.587e+01
HPL_pdgesv() start time Fri Aug 11 12:56:11 2017

HPL_pdgesv() end time   Fri Aug 11 12:56:17 2017

--------------------------------------------------------------------------------
||Ax-b||_oo/(eps*(||A||_oo*||x||_oo+||b||_oo)*N)=        0.0037600 ...... PASSED
================================================================================
T/V                N    NB     P     Q               Time                 Gflops
--------------------------------------------------------------------------------
WR00R2C4        6000    32     1     2               6.29              2.289e+01
HPL_pdgesv() start time Fri Aug 11 12:56:18 2017

HPL_pdgesv() end time   Fri Aug 11 12:56:25 2017

--------------------------------------------------------------------------------
||Ax-b||_oo/(eps*(||A||_oo*||x||_oo+||b||_oo)*N)=        0.0029515 ...... PASSED
================================================================================
T/V                N    NB     P     Q               Time                 Gflops
--------------------------------------------------------------------------------
WR00R2R2        6000    32     1     2               5.55              2.595e+01
HPL_pdgesv() start time Fri Aug 11 12:56:26 2017

HPL_pdgesv() end time   Fri Aug 11 12:56:31 2017

--------------------------------------------------------------------------------
||Ax-b||_oo/(eps*(||A||_oo*||x||_oo+||b||_oo)*N)=        0.0030078 ...... PASSED
================================================================================
T/V                N    NB     P     Q               Time                 Gflops
--------------------------------------------------------------------------------
WR00R2R4        6000    32     1     2               5.72              2.518e+01
HPL_pdgesv() start time Fri Aug 11 12:56:33 2017

HPL_pdgesv() end time   Fri Aug 11 12:56:38 2017

--------------------------------------------------------------------------------
||Ax-b||_oo/(eps*(||A||_oo*||x||_oo+||b||_oo)*N)=        0.0028860 ...... PASSED
================================================================================

Finished     18 tests with the following results:
             18 tests completed and passed residual checks,
              0 tests completed and failed residual checks,
              0 tests skipped because of illegal input values.
--------------------------------------------------------------------------------

End of Tests.
================================================================================
