================================================================================
HPLinpack 2.2  --  High-Performance Linpack benchmark  --   February 24, 2016
Written by A. Petitet and R. Clint Whaley,  Innovative Computing Laboratory, UTK
Modified by Piotr Luszczek, Innovative Computing Laboratory, UTK
Modified by Julien Langou, University of Colorado Denver
================================================================================

An explanation of the input/output parameters follows:
T/V    : Wall time / encoded variant.
N      : The order of the coefficient matrix A.
NB     : The partitioning blocking factor.
P      : The number of process rows.
Q      : The number of process columns.
Time   : Time in seconds to solve the linear system.
Gflops : Rate of execution for solving the linear system.

The following parameter values will be used:

N      :    1000 
NB     :      32        4 
PMAP   : Row-major process mapping
P      :       2        1        4 
Q      :       2        4        1 
PFACT  :    Left    Crout    Right 
NBMIN  :       2        4 
NDIV   :       2 
RFACT  :    Left    Crout    Right 
BCAST  :   1ring 
DEPTH  :       0 
SWAP   : Mix (threshold = 64)
L1     : transposed form
U      : transposed form
EQUIL  : yes
ALIGN  : 8 double precision words

--------------------------------------------------------------------------------

- The matrix A is randomly generated for each test.
- The following scaled residual check will be computed:
      ||Ax-b||_oo / ( eps * ( || x ||_oo * || A ||_oo + || b ||_oo ) * N )
- The relative machine precision (eps) is taken to be               1.110223e-16
- Computational tests pass if scaled residuals are less than                16.0

================================================================================
T/V                N    NB     P     Q               Time                 Gflops
--------------------------------------------------------------------------------
WR00L2L2        1000    32     2     2               1.33              5.014e-01
HPL_pdgesv() start time Tue Jul  4 18:01:47 2017

HPL_pdgesv() end time   Tue Jul  4 18:01:48 2017

--------------------------------------------------------------------------------
||Ax-b||_oo/(eps*(||A||_oo*||x||_oo+||b||_oo)*N)=        0.0057868 ...... PASSED
================================================================================
T/V                N    NB     P     Q               Time                 Gflops
--------------------------------------------------------------------------------
WR00L2L4        1000    32     2     2               1.31              5.085e-01
HPL_pdgesv() start time Tue Jul  4 18:01:48 2017

HPL_pdgesv() end time   Tue Jul  4 18:01:50 2017

--------------------------------------------------------------------------------
||Ax-b||_oo/(eps*(||A||_oo*||x||_oo+||b||_oo)*N)=        0.0057868 ...... PASSED
================================================================================
T/V                N    NB     P     Q               Time                 Gflops
--------------------------------------------------------------------------------
WR00L2C2        1000    32     2     2               1.32              5.077e-01
HPL_pdgesv() start time Tue Jul  4 18:01:50 2017

HPL_pdgesv() end time   Tue Jul  4 18:01:51 2017

--------------------------------------------------------------------------------
||Ax-b||_oo/(eps*(||A||_oo*||x||_oo+||b||_oo)*N)=        0.0057868 ...... PASSED
================================================================================
T/V                N    NB     P     Q               Time                 Gflops
--------------------------------------------------------------------------------
WR00L2C4        1000    32     2     2               1.33              5.005e-01
HPL_pdgesv() start time Tue Jul  4 18:01:51 2017

HPL_pdgesv() end time   Tue Jul  4 18:01:53 2017

--------------------------------------------------------------------------------
||Ax-b||_oo/(eps*(||A||_oo*||x||_oo+||b||_oo)*N)=        0.0057868 ...... PASSED
================================================================================
T/V                N    NB     P     Q               Time                 Gflops
--------------------------------------------------------------------------------
WR00L2R2        1000    32     2     2               1.28              5.226e-01
HPL_pdgesv() start time Tue Jul  4 18:01:53 2017

HPL_pdgesv() end time   Tue Jul  4 18:01:54 2017

--------------------------------------------------------------------------------
||Ax-b||_oo/(eps*(||A||_oo*||x||_oo+||b||_oo)*N)=        0.0057868 ...... PASSED
================================================================================
T/V                N    NB     P     Q               Time                 Gflops
--------------------------------------------------------------------------------
WR00L2R4        1000    32     2     2               1.38              4.850e-01
HPL_pdgesv() start time Tue Jul  4 18:01:54 2017

HPL_pdgesv() end time   Tue Jul  4 18:01:55 2017

--------------------------------------------------------------------------------
||Ax-b||_oo/(eps*(||A||_oo*||x||_oo+||b||_oo)*N)=        0.0057868 ...... PASSED
================================================================================
T/V                N    NB     P     Q               Time                 Gflops
--------------------------------------------------------------------------------
WR00C2L2        1000    32     2     2               1.31              5.081e-01
HPL_pdgesv() start time Tue Jul  4 18:01:56 2017

HPL_pdgesv() end time   Tue Jul  4 18:01:57 2017

--------------------------------------------------------------------------------
||Ax-b||_oo/(eps*(||A||_oo*||x||_oo+||b||_oo)*N)=        0.0057868 ...... PASSED
================================================================================
T/V                N    NB     P     Q               Time                 Gflops
--------------------------------------------------------------------------------
WR00C2L4        1000    32     2     2               1.27              5.262e-01
HPL_pdgesv() start time Tue Jul  4 18:01:57 2017

HPL_pdgesv() end time   Tue Jul  4 18:01:58 2017

--------------------------------------------------------------------------------
||Ax-b||_oo/(eps*(||A||_oo*||x||_oo+||b||_oo)*N)=        0.0057868 ...... PASSED
================================================================================
T/V                N    NB     P     Q               Time                 Gflops
--------------------------------------------------------------------------------
WR00C2C2        1000    32     2     2               1.39              4.824e-01
HPL_pdgesv() start time Tue Jul  4 18:01:58 2017

HPL_pdgesv() end time   Tue Jul  4 18:02:00 2017

--------------------------------------------------------------------------------
||Ax-b||_oo/(eps*(||A||_oo*||x||_oo+||b||_oo)*N)=        0.0057868 ...... PASSED
================================================================================
T/V                N    NB     P     Q               Time                 Gflops
--------------------------------------------------------------------------------
WR00C2C4        1000    32     2     2               1.31              5.099e-01
HPL_pdgesv() start time Tue Jul  4 18:02:00 2017

HPL_pdgesv() end time   Tue Jul  4 18:02:01 2017

--------------------------------------------------------------------------------
||Ax-b||_oo/(eps*(||A||_oo*||x||_oo+||b||_oo)*N)=        0.0057868 ...... PASSED
================================================================================
T/V                N    NB     P     Q               Time                 Gflops
--------------------------------------------------------------------------------
WR00C2R2        1000    32     2     2               1.27              5.255e-01
HPL_pdgesv() start time Tue Jul  4 18:02:01 2017

HPL_pdgesv() end time   Tue Jul  4 18:02:03 2017

--------------------------------------------------------------------------------
||Ax-b||_oo/(eps*(||A||_oo*||x||_oo+||b||_oo)*N)=        0.0057868 ...... PASSED
================================================================================
T/V                N    NB     P     Q               Time                 Gflops
--------------------------------------------------------------------------------
WR00C2R4        1000    32     2     2               1.29              5.186e-01
HPL_pdgesv() start time Tue Jul  4 18:02:03 2017

HPL_pdgesv() end time   Tue Jul  4 18:02:04 2017

--------------------------------------------------------------------------------
||Ax-b||_oo/(eps*(||A||_oo*||x||_oo+||b||_oo)*N)=        0.0057868 ...... PASSED
================================================================================
T/V                N    NB     P     Q               Time                 Gflops
--------------------------------------------------------------------------------
WR00R2L2        1000    32     2     2               1.28              5.211e-01
HPL_pdgesv() start time Tue Jul  4 18:02:04 2017

HPL_pdgesv() end time   Tue Jul  4 18:02:06 2017

--------------------------------------------------------------------------------
||Ax-b||_oo/(eps*(||A||_oo*||x||_oo+||b||_oo)*N)=        0.0057868 ...... PASSED
================================================================================
T/V                N    NB     P     Q               Time                 Gflops
--------------------------------------------------------------------------------
WR00R2L4        1000    32     2     2               1.35              4.957e-01
HPL_pdgesv() start time Tue Jul  4 18:02:06 2017

HPL_pdgesv() end time   Tue Jul  4 18:02:07 2017

--------------------------------------------------------------------------------
||Ax-b||_oo/(eps*(||A||_oo*||x||_oo+||b||_oo)*N)=        0.0057868 ...... PASSED
================================================================================
T/V                N    NB     P     Q               Time                 Gflops
--------------------------------------------------------------------------------
WR00R2C2        1000    32     2     2               1.29              5.198e-01
HPL_pdgesv() start time Tue Jul  4 18:02:07 2017

HPL_pdgesv() end time   Tue Jul  4 18:02:08 2017

--------------------------------------------------------------------------------
||Ax-b||_oo/(eps*(||A||_oo*||x||_oo+||b||_oo)*N)=        0.0057868 ...... PASSED
================================================================================
T/V                N    NB     P     Q               Time                 Gflops
--------------------------------------------------------------------------------
WR00R2C4        1000    32     2     2               1.27              5.249e-01
HPL_pdgesv() start time Tue Jul  4 18:02:09 2017

HPL_pdgesv() end time   Tue Jul  4 18:02:10 2017

--------------------------------------------------------------------------------
||Ax-b||_oo/(eps*(||A||_oo*||x||_oo+||b||_oo)*N)=        0.0057868 ...... PASSED
================================================================================
T/V                N    NB     P     Q               Time                 Gflops
--------------------------------------------------------------------------------
WR00R2R2        1000    32     2     2               1.34              4.974e-01
HPL_pdgesv() start time Tue Jul  4 18:02:10 2017

HPL_pdgesv() end time   Tue Jul  4 18:02:11 2017

--------------------------------------------------------------------------------
||Ax-b||_oo/(eps*(||A||_oo*||x||_oo+||b||_oo)*N)=        0.0057868 ...... PASSED
================================================================================
T/V                N    NB     P     Q               Time                 Gflops
--------------------------------------------------------------------------------
WR00R2R4        1000    32     2     2               1.28              5.209e-01
HPL_pdgesv() start time Tue Jul  4 18:02:11 2017

HPL_pdgesv() end time   Tue Jul  4 18:02:13 2017

--------------------------------------------------------------------------------
||Ax-b||_oo/(eps*(||A||_oo*||x||_oo+||b||_oo)*N)=        0.0057868 ...... PASSED
================================================================================
T/V                N    NB     P     Q               Time                 Gflops
--------------------------------------------------------------------------------
WR00L2L2        1000     4     2     2               1.39              4.806e-01
HPL_pdgesv() start time Tue Jul  4 18:02:13 2017

HPL_pdgesv() end time   Tue Jul  4 18:02:14 2017

--------------------------------------------------------------------------------
||Ax-b||_oo/(eps*(||A||_oo*||x||_oo+||b||_oo)*N)=        0.0057225 ...... PASSED
================================================================================
T/V                N    NB     P     Q               Time                 Gflops
--------------------------------------------------------------------------------
WR00L2L4        1000     4     2     2               1.45              4.601e-01
HPL_pdgesv() start time Tue Jul  4 18:02:14 2017

HPL_pdgesv() end time   Tue Jul  4 18:02:16 2017

--------------------------------------------------------------------------------
||Ax-b||_oo/(eps*(||A||_oo*||x||_oo+||b||_oo)*N)=        0.0057225 ...... PASSED
================================================================================
T/V                N    NB     P     Q               Time                 Gflops
--------------------------------------------------------------------------------
WR00L2C2        1000     4     2     2               1.40              4.775e-01
HPL_pdgesv() start time Tue Jul  4 18:02:16 2017

HPL_pdgesv() end time   Tue Jul  4 18:02:17 2017

--------------------------------------------------------------------------------
||Ax-b||_oo/(eps*(||A||_oo*||x||_oo+||b||_oo)*N)=        0.0057225 ...... PASSED
================================================================================
T/V                N    NB     P     Q               Time                 Gflops
--------------------------------------------------------------------------------
WR00L2C4        1000     4     2     2               1.56              4.282e-01
HPL_pdgesv() start time Tue Jul  4 18:02:18 2017

HPL_pdgesv() end time   Tue Jul  4 18:02:19 2017

--------------------------------------------------------------------------------
||Ax-b||_oo/(eps*(||A||_oo*||x||_oo+||b||_oo)*N)=        0.0057225 ...... PASSED
================================================================================
T/V                N    NB     P     Q               Time                 Gflops
--------------------------------------------------------------------------------
WR00L2R2        1000     4     2     2               1.37              4.865e-01
HPL_pdgesv() start time Tue Jul  4 18:02:19 2017

HPL_pdgesv() end time   Tue Jul  4 18:02:21 2017

--------------------------------------------------------------------------------
||Ax-b||_oo/(eps*(||A||_oo*||x||_oo+||b||_oo)*N)=        0.0057225 ...... PASSED
================================================================================
T/V                N    NB     P     Q               Time                 Gflops
--------------------------------------------------------------------------------
WR00L2R4        1000     4     2     2               1.50              4.443e-01
HPL_pdgesv() start time Tue Jul  4 18:02:21 2017

HPL_pdgesv() end time   Tue Jul  4 18:02:22 2017

--------------------------------------------------------------------------------
||Ax-b||_oo/(eps*(||A||_oo*||x||_oo+||b||_oo)*N)=        0.0057225 ...... PASSED
================================================================================
T/V                N    NB     P     Q               Time                 Gflops
--------------------------------------------------------------------------------
WR00C2L2        1000     4     2     2               1.36              4.903e-01
HPL_pdgesv() start time Tue Jul  4 18:02:22 2017

HPL_pdgesv() end time   Tue Jul  4 18:02:24 2017

--------------------------------------------------------------------------------
||Ax-b||_oo/(eps*(||A||_oo*||x||_oo+||b||_oo)*N)=        0.0057225 ...... PASSED
================================================================================
T/V                N    NB     P     Q               Time                 Gflops
--------------------------------------------------------------------------------
WR00C2L4        1000     4     2     2               1.48              4.504e-01
HPL_pdgesv() start time Tue Jul  4 18:02:24 2017

HPL_pdgesv() end time   Tue Jul  4 18:02:25 2017

--------------------------------------------------------------------------------
||Ax-b||_oo/(eps*(||A||_oo*||x||_oo+||b||_oo)*N)=        0.0057225 ...... PASSED
================================================================================
T/V                N    NB     P     Q               Time                 Gflops
--------------------------------------------------------------------------------
WR00C2C2        1000     4     2     2               1.44              4.639e-01
HPL_pdgesv() start time Tue Jul  4 18:02:25 2017

HPL_pdgesv() end time   Tue Jul  4 18:02:27 2017

--------------------------------------------------------------------------------
||Ax-b||_oo/(eps*(||A||_oo*||x||_oo+||b||_oo)*N)=        0.0057225 ...... PASSED
================================================================================
T/V                N    NB     P     Q               Time                 Gflops
--------------------------------------------------------------------------------
WR00C2C4        1000     4     2     2               1.48              4.509e-01
HPL_pdgesv() start time Tue Jul  4 18:02:27 2017

HPL_pdgesv() end time   Tue Jul  4 18:02:29 2017

--------------------------------------------------------------------------------
||Ax-b||_oo/(eps*(||A||_oo*||x||_oo+||b||_oo)*N)=        0.0057225 ...... PASSED
================================================================================
T/V                N    NB     P     Q               Time                 Gflops
--------------------------------------------------------------------------------
WR00C2R2        1000     4     2     2               1.44              4.649e-01
HPL_pdgesv() start time Tue Jul  4 18:02:29 2017

HPL_pdgesv() end time   Tue Jul  4 18:02:30 2017

--------------------------------------------------------------------------------
||Ax-b||_oo/(eps*(||A||_oo*||x||_oo+||b||_oo)*N)=        0.0057225 ...... PASSED
================================================================================
T/V                N    NB     P     Q               Time                 Gflops
--------------------------------------------------------------------------------
WR00C2R4        1000     4     2     2               1.48              4.522e-01
HPL_pdgesv() start time Tue Jul  4 18:02:30 2017

HPL_pdgesv() end time   Tue Jul  4 18:02:32 2017

--------------------------------------------------------------------------------
||Ax-b||_oo/(eps*(||A||_oo*||x||_oo+||b||_oo)*N)=        0.0057225 ...... PASSED
================================================================================
T/V                N    NB     P     Q               Time                 Gflops
--------------------------------------------------------------------------------
WR00R2L2        1000     4     2     2               1.44              4.640e-01
HPL_pdgesv() start time Tue Jul  4 18:02:32 2017

HPL_pdgesv() end time   Tue Jul  4 18:02:33 2017

--------------------------------------------------------------------------------
||Ax-b||_oo/(eps*(||A||_oo*||x||_oo+||b||_oo)*N)=        0.0057225 ...... PASSED
================================================================================
T/V                N    NB     P     Q               Time                 Gflops
--------------------------------------------------------------------------------
WR00R2L4        1000     4     2     2               1.50              4.469e-01
HPL_pdgesv() start time Tue Jul  4 18:02:33 2017

HPL_pdgesv() end time   Tue Jul  4 18:02:35 2017

--------------------------------------------------------------------------------
||Ax-b||_oo/(eps*(||A||_oo*||x||_oo+||b||_oo)*N)=        0.0057225 ...... PASSED
================================================================================
T/V                N    NB     P     Q               Time                 Gflops
--------------------------------------------------------------------------------
WR00R2C2        1000     4     2     2               1.44              4.630e-01
HPL_pdgesv() start time Tue Jul  4 18:02:35 2017

HPL_pdgesv() end time   Tue Jul  4 18:02:36 2017

--------------------------------------------------------------------------------
||Ax-b||_oo/(eps*(||A||_oo*||x||_oo+||b||_oo)*N)=        0.0057225 ...... PASSED
================================================================================
T/V                N    NB     P     Q               Time                 Gflops
--------------------------------------------------------------------------------
WR00R2C4        1000     4     2     2               1.48              4.517e-01
HPL_pdgesv() start time Tue Jul  4 18:02:37 2017

HPL_pdgesv() end time   Tue Jul  4 18:02:38 2017

--------------------------------------------------------------------------------
||Ax-b||_oo/(eps*(||A||_oo*||x||_oo+||b||_oo)*N)=        0.0057225 ...... PASSED
================================================================================
T/V                N    NB     P     Q               Time                 Gflops
--------------------------------------------------------------------------------
WR00R2R2        1000     4     2     2               1.43              4.689e-01
HPL_pdgesv() start time Tue Jul  4 18:02:38 2017

HPL_pdgesv() end time   Tue Jul  4 18:02:40 2017

--------------------------------------------------------------------------------
||Ax-b||_oo/(eps*(||A||_oo*||x||_oo+||b||_oo)*N)=        0.0057225 ...... PASSED
================================================================================
T/V                N    NB     P     Q               Time                 Gflops
--------------------------------------------------------------------------------
WR00R2R4        1000     4     2     2               1.49              4.487e-01
HPL_pdgesv() start time Tue Jul  4 18:02:40 2017

HPL_pdgesv() end time   Tue Jul  4 18:02:41 2017

--------------------------------------------------------------------------------
||Ax-b||_oo/(eps*(||A||_oo*||x||_oo+||b||_oo)*N)=        0.0057225 ...... PASSED
================================================================================
T/V                N    NB     P     Q               Time                 Gflops
--------------------------------------------------------------------------------
WR00L2L2        1000    32     1     4               1.43              4.659e-01
HPL_pdgesv() start time Tue Jul  4 18:02:41 2017

HPL_pdgesv() end time   Tue Jul  4 18:02:43 2017

--------------------------------------------------------------------------------
||Ax-b||_oo/(eps*(||A||_oo*||x||_oo+||b||_oo)*N)=        0.0062534 ...... PASSED
================================================================================
T/V                N    NB     P     Q               Time                 Gflops
--------------------------------------------------------------------------------
WR00L2L4        1000    32     1     4               1.46              4.570e-01
HPL_pdgesv() start time Tue Jul  4 18:02:43 2017

HPL_pdgesv() end time   Tue Jul  4 18:02:44 2017

--------------------------------------------------------------------------------
||Ax-b||_oo/(eps*(||A||_oo*||x||_oo+||b||_oo)*N)=        0.0062534 ...... PASSED
================================================================================
T/V                N    NB     P     Q               Time                 Gflops
--------------------------------------------------------------------------------
WR00L2C2        1000    32     1     4               1.44              4.655e-01
HPL_pdgesv() start time Tue Jul  4 18:02:45 2017

HPL_pdgesv() end time   Tue Jul  4 18:02:46 2017

--------------------------------------------------------------------------------
||Ax-b||_oo/(eps*(||A||_oo*||x||_oo+||b||_oo)*N)=        0.0062534 ...... PASSED
================================================================================
T/V                N    NB     P     Q               Time                 Gflops
--------------------------------------------------------------------------------
WR00L2C4        1000    32     1     4               1.68              3.979e-01
HPL_pdgesv() start time Tue Jul  4 18:02:46 2017

HPL_pdgesv() end time   Tue Jul  4 18:02:48 2017

--------------------------------------------------------------------------------
||Ax-b||_oo/(eps*(||A||_oo*||x||_oo+||b||_oo)*N)=        0.0062534 ...... PASSED
================================================================================
T/V                N    NB     P     Q               Time                 Gflops
--------------------------------------------------------------------------------
WR00L2R2        1000    32     1     4               1.42              4.716e-01
HPL_pdgesv() start time Tue Jul  4 18:02:48 2017

HPL_pdgesv() end time   Tue Jul  4 18:02:49 2017

--------------------------------------------------------------------------------
||Ax-b||_oo/(eps*(||A||_oo*||x||_oo+||b||_oo)*N)=        0.0062534 ...... PASSED
================================================================================
T/V                N    NB     P     Q               Time                 Gflops
--------------------------------------------------------------------------------
WR00L2R4        1000    32     1     4               1.52              4.390e-01
HPL_pdgesv() start time Tue Jul  4 18:02:49 2017

HPL_pdgesv() end time   Tue Jul  4 18:02:51 2017

--------------------------------------------------------------------------------
||Ax-b||_oo/(eps*(||A||_oo*||x||_oo+||b||_oo)*N)=        0.0062534 ...... PASSED
================================================================================
T/V                N    NB     P     Q               Time                 Gflops
--------------------------------------------------------------------------------
WR00C2L2        1000    32     1     4               1.43              4.667e-01
HPL_pdgesv() start time Tue Jul  4 18:02:51 2017

HPL_pdgesv() end time   Tue Jul  4 18:02:52 2017

--------------------------------------------------------------------------------
||Ax-b||_oo/(eps*(||A||_oo*||x||_oo+||b||_oo)*N)=        0.0062534 ...... PASSED
================================================================================
T/V                N    NB     P     Q               Time                 Gflops
--------------------------------------------------------------------------------
WR00C2L4        1000    32     1     4               1.57              4.266e-01
HPL_pdgesv() start time Tue Jul  4 18:02:53 2017

HPL_pdgesv() end time   Tue Jul  4 18:02:54 2017

--------------------------------------------------------------------------------
||Ax-b||_oo/(eps*(||A||_oo*||x||_oo+||b||_oo)*N)=        0.0062534 ...... PASSED
================================================================================
T/V                N    NB     P     Q               Time                 Gflops
--------------------------------------------------------------------------------
WR00C2C2        1000    32     1     4               1.42              4.695e-01
HPL_pdgesv() start time Tue Jul  4 18:02:54 2017

HPL_pdgesv() end time   Tue Jul  4 18:02:56 2017

--------------------------------------------------------------------------------
||Ax-b||_oo/(eps*(||A||_oo*||x||_oo+||b||_oo)*N)=        0.0062534 ...... PASSED
================================================================================
T/V                N    NB     P     Q               Time                 Gflops
--------------------------------------------------------------------------------
WR00C2C4        1000    32     1     4               1.48              4.499e-01
HPL_pdgesv() start time Tue Jul  4 18:02:56 2017

HPL_pdgesv() end time   Tue Jul  4 18:02:57 2017

--------------------------------------------------------------------------------
||Ax-b||_oo/(eps*(||A||_oo*||x||_oo+||b||_oo)*N)=        0.0062534 ...... PASSED
================================================================================
T/V                N    NB     P     Q               Time                 Gflops
--------------------------------------------------------------------------------
WR00C2R2        1000    32     1     4               1.43              4.668e-01
HPL_pdgesv() start time Tue Jul  4 18:02:57 2017

HPL_pdgesv() end time   Tue Jul  4 18:02:59 2017

--------------------------------------------------------------------------------
||Ax-b||_oo/(eps*(||A||_oo*||x||_oo+||b||_oo)*N)=        0.0062534 ...... PASSED
================================================================================
T/V                N    NB     P     Q               Time                 Gflops
--------------------------------------------------------------------------------
WR00C2R4        1000    32     1     4               1.43              4.669e-01
HPL_pdgesv() start time Tue Jul  4 18:02:59 2017

HPL_pdgesv() end time   Tue Jul  4 18:03:00 2017

--------------------------------------------------------------------------------
||Ax-b||_oo/(eps*(||A||_oo*||x||_oo+||b||_oo)*N)=        0.0062534 ...... PASSED
================================================================================
T/V                N    NB     P     Q               Time                 Gflops
--------------------------------------------------------------------------------
WR00R2L2        1000    32     1     4               1.42              4.713e-01
HPL_pdgesv() start time Tue Jul  4 18:03:01 2017

HPL_pdgesv() end time   Tue Jul  4 18:03:02 2017

--------------------------------------------------------------------------------
||Ax-b||_oo/(eps*(||A||_oo*||x||_oo+||b||_oo)*N)=        0.0062534 ...... PASSED
================================================================================
T/V                N    NB     P     Q               Time                 Gflops
--------------------------------------------------------------------------------
WR00R2L4        1000    32     1     4               1.42              4.712e-01
HPL_pdgesv() start time Tue Jul  4 18:03:02 2017

HPL_pdgesv() end time   Tue Jul  4 18:03:04 2017

--------------------------------------------------------------------------------
||Ax-b||_oo/(eps*(||A||_oo*||x||_oo+||b||_oo)*N)=        0.0062534 ...... PASSED
================================================================================
T/V                N    NB     P     Q               Time                 Gflops
--------------------------------------------------------------------------------
WR00R2C2        1000    32     1     4               1.45              4.622e-01
HPL_pdgesv() start time Tue Jul  4 18:03:04 2017

HPL_pdgesv() end time   Tue Jul  4 18:03:05 2017

--------------------------------------------------------------------------------
||Ax-b||_oo/(eps*(||A||_oo*||x||_oo+||b||_oo)*N)=        0.0062534 ...... PASSED
================================================================================
T/V                N    NB     P     Q               Time                 Gflops
--------------------------------------------------------------------------------
WR00R2C4        1000    32     1     4               1.42              4.698e-01
HPL_pdgesv() start time Tue Jul  4 18:03:05 2017

HPL_pdgesv() end time   Tue Jul  4 18:03:07 2017

--------------------------------------------------------------------------------
||Ax-b||_oo/(eps*(||A||_oo*||x||_oo+||b||_oo)*N)=        0.0062534 ...... PASSED
================================================================================
T/V                N    NB     P     Q               Time                 Gflops
--------------------------------------------------------------------------------
WR00R2R2        1000    32     1     4               1.46              4.579e-01
HPL_pdgesv() start time Tue Jul  4 18:03:07 2017

HPL_pdgesv() end time   Tue Jul  4 18:03:08 2017

--------------------------------------------------------------------------------
||Ax-b||_oo/(eps*(||A||_oo*||x||_oo+||b||_oo)*N)=        0.0062534 ...... PASSED
================================================================================
T/V                N    NB     P     Q               Time                 Gflops
--------------------------------------------------------------------------------
WR00R2R4        1000    32     1     4               1.40              4.777e-01
HPL_pdgesv() start time Tue Jul  4 18:03:08 2017

HPL_pdgesv() end time   Tue Jul  4 18:03:10 2017

--------------------------------------------------------------------------------
||Ax-b||_oo/(eps*(||A||_oo*||x||_oo+||b||_oo)*N)=        0.0062534 ...... PASSED
================================================================================
T/V                N    NB     P     Q               Time                 Gflops
--------------------------------------------------------------------------------
WR00L2L2        1000     4     1     4               1.48              4.514e-01
HPL_pdgesv() start time Tue Jul  4 18:03:10 2017

HPL_pdgesv() end time   Tue Jul  4 18:03:11 2017

--------------------------------------------------------------------------------
||Ax-b||_oo/(eps*(||A||_oo*||x||_oo+||b||_oo)*N)=        0.0057513 ...... PASSED
================================================================================
T/V                N    NB     P     Q               Time                 Gflops
--------------------------------------------------------------------------------
WR00L2L4        1000     4     1     4               1.34              5.003e-01
HPL_pdgesv() start time Tue Jul  4 18:03:11 2017

HPL_pdgesv() end time   Tue Jul  4 18:03:13 2017

--------------------------------------------------------------------------------
||Ax-b||_oo/(eps*(||A||_oo*||x||_oo+||b||_oo)*N)=        0.0057513 ...... PASSED
================================================================================
T/V                N    NB     P     Q               Time                 Gflops
--------------------------------------------------------------------------------
WR00L2C2        1000     4     1     4               1.48              4.503e-01
HPL_pdgesv() start time Tue Jul  4 18:03:13 2017

HPL_pdgesv() end time   Tue Jul  4 18:03:14 2017

--------------------------------------------------------------------------------
||Ax-b||_oo/(eps*(||A||_oo*||x||_oo+||b||_oo)*N)=        0.0057513 ...... PASSED
================================================================================
T/V                N    NB     P     Q               Time                 Gflops
--------------------------------------------------------------------------------
WR00L2C4        1000     4     1     4               1.34              4.971e-01
HPL_pdgesv() start time Tue Jul  4 18:03:15 2017

HPL_pdgesv() end time   Tue Jul  4 18:03:16 2017

--------------------------------------------------------------------------------
||Ax-b||_oo/(eps*(||A||_oo*||x||_oo+||b||_oo)*N)=        0.0057513 ...... PASSED
================================================================================
T/V                N    NB     P     Q               Time                 Gflops
--------------------------------------------------------------------------------
WR00L2R2        1000     4     1     4               1.34              4.994e-01
HPL_pdgesv() start time Tue Jul  4 18:03:16 2017

HPL_pdgesv() end time   Tue Jul  4 18:03:17 2017

--------------------------------------------------------------------------------
||Ax-b||_oo/(eps*(||A||_oo*||x||_oo+||b||_oo)*N)=        0.0057513 ...... PASSED
================================================================================
T/V                N    NB     P     Q               Time                 Gflops
--------------------------------------------------------------------------------
WR00L2R4        1000     4     1     4               1.38              4.856e-01
HPL_pdgesv() start time Tue Jul  4 18:03:18 2017

HPL_pdgesv() end time   Tue Jul  4 18:03:19 2017

--------------------------------------------------------------------------------
||Ax-b||_oo/(eps*(||A||_oo*||x||_oo+||b||_oo)*N)=        0.0057513 ...... PASSED
================================================================================
T/V                N    NB     P     Q               Time                 Gflops
--------------------------------------------------------------------------------
WR00C2L2        1000     4     1     4               1.40              4.783e-01
HPL_pdgesv() start time Tue Jul  4 18:03:19 2017

HPL_pdgesv() end time   Tue Jul  4 18:03:20 2017

--------------------------------------------------------------------------------
||Ax-b||_oo/(eps*(||A||_oo*||x||_oo+||b||_oo)*N)=        0.0057513 ...... PASSED
================================================================================
T/V                N    NB     P     Q               Time                 Gflops
--------------------------------------------------------------------------------
WR00C2L4        1000     4     1     4               1.45              4.610e-01
HPL_pdgesv() start time Tue Jul  4 18:03:21 2017

HPL_pdgesv() end time   Tue Jul  4 18:03:22 2017

--------------------------------------------------------------------------------
||Ax-b||_oo/(eps*(||A||_oo*||x||_oo+||b||_oo)*N)=        0.0057513 ...... PASSED
================================================================================
T/V                N    NB     P     Q               Time                 Gflops
--------------------------------------------------------------------------------
WR00C2C2        1000     4     1     4               1.38              4.840e-01
HPL_pdgesv() start time Tue Jul  4 18:03:22 2017

HPL_pdgesv() end time   Tue Jul  4 18:03:24 2017

--------------------------------------------------------------------------------
||Ax-b||_oo/(eps*(||A||_oo*||x||_oo+||b||_oo)*N)=        0.0057513 ...... PASSED
================================================================================
T/V                N    NB     P     Q               Time                 Gflops
--------------------------------------------------------------------------------
WR00C2C4        1000     4     1     4               1.45              4.608e-01
HPL_pdgesv() start time Tue Jul  4 18:03:24 2017

HPL_pdgesv() end time   Tue Jul  4 18:03:25 2017

--------------------------------------------------------------------------------
||Ax-b||_oo/(eps*(||A||_oo*||x||_oo+||b||_oo)*N)=        0.0057513 ...... PASSED
================================================================================
T/V                N    NB     P     Q               Time                 Gflops
--------------------------------------------------------------------------------
WR00C2R2        1000     4     1     4               1.34              4.989e-01
HPL_pdgesv() start time Tue Jul  4 18:03:25 2017

HPL_pdgesv() end time   Tue Jul  4 18:03:27 2017

--------------------------------------------------------------------------------
||Ax-b||_oo/(eps*(||A||_oo*||x||_oo+||b||_oo)*N)=        0.0057513 ...... PASSED
================================================================================
T/V                N    NB     P     Q               Time                 Gflops
--------------------------------------------------------------------------------
WR00C2R4        1000     4     1     4               1.35              4.950e-01
HPL_pdgesv() start time Tue Jul  4 18:03:27 2017

HPL_pdgesv() end time   Tue Jul  4 18:03:28 2017

--------------------------------------------------------------------------------
||Ax-b||_oo/(eps*(||A||_oo*||x||_oo+||b||_oo)*N)=        0.0057513 ...... PASSED
================================================================================
T/V                N    NB     P     Q               Time                 Gflops
--------------------------------------------------------------------------------
WR00R2L2        1000     4     1     4               1.44              4.649e-01
HPL_pdgesv() start time Tue Jul  4 18:03:28 2017

HPL_pdgesv() end time   Tue Jul  4 18:03:30 2017

--------------------------------------------------------------------------------
||Ax-b||_oo/(eps*(||A||_oo*||x||_oo+||b||_oo)*N)=        0.0057513 ...... PASSED
================================================================================
T/V                N    NB     P     Q               Time                 Gflops
--------------------------------------------------------------------------------
WR00R2L4        1000     4     1     4               1.34              4.980e-01
HPL_pdgesv() start time Tue Jul  4 18:03:30 2017

HPL_pdgesv() end time   Tue Jul  4 18:03:31 2017

--------------------------------------------------------------------------------
||Ax-b||_oo/(eps*(||A||_oo*||x||_oo+||b||_oo)*N)=        0.0057513 ...... PASSED
================================================================================
T/V                N    NB     P     Q               Time                 Gflops
--------------------------------------------------------------------------------
WR00R2C2        1000     4     1     4               1.46              4.587e-01
HPL_pdgesv() start time Tue Jul  4 18:03:31 2017

HPL_pdgesv() end time   Tue Jul  4 18:03:33 2017

--------------------------------------------------------------------------------
||Ax-b||_oo/(eps*(||A||_oo*||x||_oo+||b||_oo)*N)=        0.0057513 ...... PASSED
================================================================================
T/V                N    NB     P     Q               Time                 Gflops
--------------------------------------------------------------------------------
WR00R2C4        1000     4     1     4               1.34              4.977e-01
HPL_pdgesv() start time Tue Jul  4 18:03:33 2017

HPL_pdgesv() end time   Tue Jul  4 18:03:34 2017

--------------------------------------------------------------------------------
||Ax-b||_oo/(eps*(||A||_oo*||x||_oo+||b||_oo)*N)=        0.0057513 ...... PASSED
================================================================================
T/V                N    NB     P     Q               Time                 Gflops
--------------------------------------------------------------------------------
WR00R2R2        1000     4     1     4               1.50              4.443e-01
HPL_pdgesv() start time Tue Jul  4 18:03:34 2017

HPL_pdgesv() end time   Tue Jul  4 18:03:36 2017

--------------------------------------------------------------------------------
||Ax-b||_oo/(eps*(||A||_oo*||x||_oo+||b||_oo)*N)=        0.0057513 ...... PASSED
================================================================================
T/V                N    NB     P     Q               Time                 Gflops
--------------------------------------------------------------------------------
WR00R2R4        1000     4     1     4               1.34              4.983e-01
HPL_pdgesv() start time Tue Jul  4 18:03:36 2017

HPL_pdgesv() end time   Tue Jul  4 18:03:37 2017

--------------------------------------------------------------------------------
||Ax-b||_oo/(eps*(||A||_oo*||x||_oo+||b||_oo)*N)=        0.0057513 ...... PASSED
================================================================================
T/V                N    NB     P     Q               Time                 Gflops
--------------------------------------------------------------------------------
WR00L2L2        1000    32     4     1               1.49              4.489e-01
HPL_pdgesv() start time Tue Jul  4 18:03:37 2017

HPL_pdgesv() end time   Tue Jul  4 18:03:39 2017

--------------------------------------------------------------------------------
||Ax-b||_oo/(eps*(||A||_oo*||x||_oo+||b||_oo)*N)=        0.0057382 ...... PASSED
================================================================================
T/V                N    NB     P     Q               Time                 Gflops
--------------------------------------------------------------------------------
WR00L2L4        1000    32     4     1               1.37              4.881e-01
HPL_pdgesv() start time Tue Jul  4 18:03:39 2017

HPL_pdgesv() end time   Tue Jul  4 18:03:40 2017

--------------------------------------------------------------------------------
||Ax-b||_oo/(eps*(||A||_oo*||x||_oo+||b||_oo)*N)=        0.0057382 ...... PASSED
================================================================================
T/V                N    NB     P     Q               Time                 Gflops
--------------------------------------------------------------------------------
WR00L2C2        1000    32     4     1               1.50              4.447e-01
HPL_pdgesv() start time Tue Jul  4 18:03:41 2017

HPL_pdgesv() end time   Tue Jul  4 18:03:42 2017

--------------------------------------------------------------------------------
||Ax-b||_oo/(eps*(||A||_oo*||x||_oo+||b||_oo)*N)=        0.0057382 ...... PASSED
================================================================================
T/V                N    NB     P     Q               Time                 Gflops
--------------------------------------------------------------------------------
WR00L2C4        1000    32     4     1               1.38              4.837e-01
HPL_pdgesv() start time Tue Jul  4 18:03:42 2017

HPL_pdgesv() end time   Tue Jul  4 18:03:44 2017

--------------------------------------------------------------------------------
||Ax-b||_oo/(eps*(||A||_oo*||x||_oo+||b||_oo)*N)=        0.0057382 ...... PASSED
================================================================================
T/V                N    NB     P     Q               Time                 Gflops
--------------------------------------------------------------------------------
WR00L2R2        1000    32     4     1               1.49              4.479e-01
HPL_pdgesv() start time Tue Jul  4 18:03:44 2017

HPL_pdgesv() end time   Tue Jul  4 18:03:45 2017

--------------------------------------------------------------------------------
||Ax-b||_oo/(eps*(||A||_oo*||x||_oo+||b||_oo)*N)=        0.0057382 ...... PASSED
================================================================================
T/V                N    NB     P     Q               Time                 Gflops
--------------------------------------------------------------------------------
WR00L2R4        1000    32     4     1               1.38              4.834e-01
HPL_pdgesv() start time Tue Jul  4 18:03:45 2017

HPL_pdgesv() end time   Tue Jul  4 18:03:47 2017

--------------------------------------------------------------------------------
||Ax-b||_oo/(eps*(||A||_oo*||x||_oo+||b||_oo)*N)=        0.0057382 ...... PASSED
================================================================================
T/V                N    NB     P     Q               Time                 Gflops
--------------------------------------------------------------------------------
WR00C2L2        1000    32     4     1               1.49              4.484e-01
HPL_pdgesv() start time Tue Jul  4 18:03:47 2017

HPL_pdgesv() end time   Tue Jul  4 18:03:48 2017

--------------------------------------------------------------------------------
||Ax-b||_oo/(eps*(||A||_oo*||x||_oo+||b||_oo)*N)=        0.0057382 ...... PASSED
================================================================================
T/V                N    NB     P     Q               Time                 Gflops
--------------------------------------------------------------------------------
WR00C2L4        1000    32     4     1               1.39              4.800e-01
HPL_pdgesv() start time Tue Jul  4 18:03:48 2017

HPL_pdgesv() end time   Tue Jul  4 18:03:50 2017

--------------------------------------------------------------------------------
||Ax-b||_oo/(eps*(||A||_oo*||x||_oo+||b||_oo)*N)=        0.0057382 ...... PASSED
================================================================================
T/V                N    NB     P     Q               Time                 Gflops
--------------------------------------------------------------------------------
WR00C2C2        1000    32     4     1               1.44              4.637e-01
HPL_pdgesv() start time Tue Jul  4 18:03:50 2017

HPL_pdgesv() end time   Tue Jul  4 18:03:51 2017

--------------------------------------------------------------------------------
||Ax-b||_oo/(eps*(||A||_oo*||x||_oo+||b||_oo)*N)=        0.0057382 ...... PASSED
================================================================================
T/V                N    NB     P     Q               Time                 Gflops
--------------------------------------------------------------------------------
WR00C2C4        1000    32     4     1               1.43              4.685e-01
HPL_pdgesv() start time Tue Jul  4 18:03:51 2017

HPL_pdgesv() end time   Tue Jul  4 18:03:53 2017

--------------------------------------------------------------------------------
||Ax-b||_oo/(eps*(||A||_oo*||x||_oo+||b||_oo)*N)=        0.0057382 ...... PASSED
================================================================================
T/V                N    NB     P     Q               Time                 Gflops
--------------------------------------------------------------------------------
WR00C2R2        1000    32     4     1               1.36              4.898e-01
HPL_pdgesv() start time Tue Jul  4 18:03:53 2017

HPL_pdgesv() end time   Tue Jul  4 18:03:54 2017

--------------------------------------------------------------------------------
||Ax-b||_oo/(eps*(||A||_oo*||x||_oo+||b||_oo)*N)=        0.0057382 ...... PASSED
================================================================================
T/V                N    NB     P     Q               Time                 Gflops
--------------------------------------------------------------------------------
WR00C2R4        1000    32     4     1               1.46              4.574e-01
HPL_pdgesv() start time Tue Jul  4 18:03:55 2017

HPL_pdgesv() end time   Tue Jul  4 18:03:56 2017

--------------------------------------------------------------------------------
||Ax-b||_oo/(eps*(||A||_oo*||x||_oo+||b||_oo)*N)=        0.0057382 ...... PASSED
================================================================================
T/V                N    NB     P     Q               Time                 Gflops
--------------------------------------------------------------------------------
WR00R2L2        1000    32     4     1               1.37              4.869e-01
HPL_pdgesv() start time Tue Jul  4 18:03:56 2017

HPL_pdgesv() end time   Tue Jul  4 18:03:57 2017

--------------------------------------------------------------------------------
||Ax-b||_oo/(eps*(||A||_oo*||x||_oo+||b||_oo)*N)=        0.0057382 ...... PASSED
================================================================================
T/V                N    NB     P     Q               Time                 Gflops
--------------------------------------------------------------------------------
WR00R2L4        1000    32     4     1               1.43              4.682e-01
HPL_pdgesv() start time Tue Jul  4 18:03:58 2017

HPL_pdgesv() end time   Tue Jul  4 18:03:59 2017

--------------------------------------------------------------------------------
||Ax-b||_oo/(eps*(||A||_oo*||x||_oo+||b||_oo)*N)=        0.0057382 ...... PASSED
================================================================================
T/V                N    NB     P     Q               Time                 Gflops
--------------------------------------------------------------------------------
WR00R2C2        1000    32     4     1               1.41              4.738e-01
HPL_pdgesv() start time Tue Jul  4 18:03:59 2017

HPL_pdgesv() end time   Tue Jul  4 18:04:01 2017

--------------------------------------------------------------------------------
||Ax-b||_oo/(eps*(||A||_oo*||x||_oo+||b||_oo)*N)=        0.0057382 ...... PASSED
================================================================================
T/V                N    NB     P     Q               Time                 Gflops
--------------------------------------------------------------------------------
WR00R2C4        1000    32     4     1               1.46              4.590e-01
HPL_pdgesv() start time Tue Jul  4 18:04:01 2017

HPL_pdgesv() end time   Tue Jul  4 18:04:02 2017

--------------------------------------------------------------------------------
||Ax-b||_oo/(eps*(||A||_oo*||x||_oo+||b||_oo)*N)=        0.0057382 ...... PASSED
================================================================================
T/V                N    NB     P     Q               Time                 Gflops
--------------------------------------------------------------------------------
WR00R2R2        1000    32     4     1               1.36              4.895e-01
HPL_pdgesv() start time Tue Jul  4 18:04:02 2017

HPL_pdgesv() end time   Tue Jul  4 18:04:04 2017

--------------------------------------------------------------------------------
||Ax-b||_oo/(eps*(||A||_oo*||x||_oo+||b||_oo)*N)=        0.0057382 ...... PASSED
================================================================================
T/V                N    NB     P     Q               Time                 Gflops
--------------------------------------------------------------------------------
WR00R2R4        1000    32     4     1               1.49              4.487e-01
HPL_pdgesv() start time Tue Jul  4 18:04:04 2017

HPL_pdgesv() end time   Tue Jul  4 18:04:05 2017

--------------------------------------------------------------------------------
||Ax-b||_oo/(eps*(||A||_oo*||x||_oo+||b||_oo)*N)=        0.0057382 ...... PASSED
================================================================================
T/V                N    NB     P     Q               Time                 Gflops
--------------------------------------------------------------------------------
WR00L2L2        1000     4     4     1               1.46              4.585e-01
HPL_pdgesv() start time Tue Jul  4 18:04:05 2017

HPL_pdgesv() end time   Tue Jul  4 18:04:07 2017

--------------------------------------------------------------------------------
||Ax-b||_oo/(eps*(||A||_oo*||x||_oo+||b||_oo)*N)=        0.0073137 ...... PASSED
================================================================================
T/V                N    NB     P     Q               Time                 Gflops
--------------------------------------------------------------------------------
WR00L2L4        1000     4     4     1               1.58              4.238e-01
HPL_pdgesv() start time Tue Jul  4 18:04:07 2017

HPL_pdgesv() end time   Tue Jul  4 18:04:09 2017

--------------------------------------------------------------------------------
||Ax-b||_oo/(eps*(||A||_oo*||x||_oo+||b||_oo)*N)=        0.0073137 ...... PASSED
================================================================================
T/V                N    NB     P     Q               Time                 Gflops
--------------------------------------------------------------------------------
WR00L2C2        1000     4     4     1               1.47              4.547e-01
HPL_pdgesv() start time Tue Jul  4 18:04:09 2017

HPL_pdgesv() end time   Tue Jul  4 18:04:10 2017

--------------------------------------------------------------------------------
||Ax-b||_oo/(eps*(||A||_oo*||x||_oo+||b||_oo)*N)=        0.0073137 ...... PASSED
================================================================================
T/V                N    NB     P     Q               Time                 Gflops
--------------------------------------------------------------------------------
WR00L2C4        1000     4     4     1               1.53              4.363e-01
HPL_pdgesv() start time Tue Jul  4 18:04:10 2017

HPL_pdgesv() end time   Tue Jul  4 18:04:12 2017

--------------------------------------------------------------------------------
||Ax-b||_oo/(eps*(||A||_oo*||x||_oo+||b||_oo)*N)=        0.0073137 ...... PASSED
================================================================================
T/V                N    NB     P     Q               Time                 Gflops
--------------------------------------------------------------------------------
WR00L2R2        1000     4     4     1               1.53              4.356e-01
HPL_pdgesv() start time Tue Jul  4 18:04:12 2017

HPL_pdgesv() end time   Tue Jul  4 18:04:14 2017

--------------------------------------------------------------------------------
||Ax-b||_oo/(eps*(||A||_oo*||x||_oo+||b||_oo)*N)=        0.0073137 ...... PASSED
================================================================================
T/V                N    NB     P     Q               Time                 Gflops
--------------------------------------------------------------------------------
WR00L2R4        1000     4     4     1               1.47              4.531e-01
HPL_pdgesv() start time Tue Jul  4 18:04:14 2017

HPL_pdgesv() end time   Tue Jul  4 18:04:15 2017

--------------------------------------------------------------------------------
||Ax-b||_oo/(eps*(||A||_oo*||x||_oo+||b||_oo)*N)=        0.0073137 ...... PASSED
================================================================================
T/V                N    NB     P     Q               Time                 Gflops
--------------------------------------------------------------------------------
WR00C2L2        1000     4     4     1               1.63              4.088e-01
HPL_pdgesv() start time Tue Jul  4 18:04:15 2017

HPL_pdgesv() end time   Tue Jul  4 18:04:17 2017

--------------------------------------------------------------------------------
||Ax-b||_oo/(eps*(||A||_oo*||x||_oo+||b||_oo)*N)=        0.0073137 ...... PASSED
================================================================================
T/V                N    NB     P     Q               Time                 Gflops
--------------------------------------------------------------------------------
WR00C2L4        1000     4     4     1               1.47              4.547e-01
HPL_pdgesv() start time Tue Jul  4 18:04:17 2017

HPL_pdgesv() end time   Tue Jul  4 18:04:19 2017

--------------------------------------------------------------------------------
||Ax-b||_oo/(eps*(||A||_oo*||x||_oo+||b||_oo)*N)=        0.0073137 ...... PASSED
================================================================================
T/V                N    NB     P     Q               Time                 Gflops
--------------------------------------------------------------------------------
WR00C2C2        1000     4     4     1               1.64              4.063e-01
HPL_pdgesv() start time Tue Jul  4 18:04:19 2017

HPL_pdgesv() end time   Tue Jul  4 18:04:20 2017

--------------------------------------------------------------------------------
||Ax-b||_oo/(eps*(||A||_oo*||x||_oo+||b||_oo)*N)=        0.0073137 ...... PASSED
================================================================================
T/V                N    NB     P     Q               Time                 Gflops
--------------------------------------------------------------------------------
WR00C2C4        1000     4     4     1               1.58              4.242e-01
HPL_pdgesv() start time Tue Jul  4 18:04:20 2017

HPL_pdgesv() end time   Tue Jul  4 18:04:22 2017

--------------------------------------------------------------------------------
||Ax-b||_oo/(eps*(||A||_oo*||x||_oo+||b||_oo)*N)=        0.0073137 ...... PASSED
================================================================================
T/V                N    NB     P     Q               Time                 Gflops
--------------------------------------------------------------------------------
WR00C2R2        1000     4     4     1               1.50              4.453e-01
HPL_pdgesv() start time Tue Jul  4 18:04:22 2017

HPL_pdgesv() end time   Tue Jul  4 18:04:24 2017

--------------------------------------------------------------------------------
||Ax-b||_oo/(eps*(||A||_oo*||x||_oo+||b||_oo)*N)=        0.0073137 ...... PASSED
================================================================================
T/V                N    NB     P     Q               Time                 Gflops
--------------------------------------------------------------------------------
WR00C2R4        1000     4     4     1               1.57              4.248e-01
HPL_pdgesv() start time Tue Jul  4 18:04:24 2017

HPL_pdgesv() end time   Tue Jul  4 18:04:25 2017

--------------------------------------------------------------------------------
||Ax-b||_oo/(eps*(||A||_oo*||x||_oo+||b||_oo)*N)=        0.0073137 ...... PASSED
================================================================================
T/V                N    NB     P     Q               Time                 Gflops
--------------------------------------------------------------------------------
WR00R2L2        1000     4     4     1               1.50              4.449e-01
HPL_pdgesv() start time Tue Jul  4 18:04:25 2017

HPL_pdgesv() end time   Tue Jul  4 18:04:27 2017

--------------------------------------------------------------------------------
||Ax-b||_oo/(eps*(||A||_oo*||x||_oo+||b||_oo)*N)=        0.0073137 ...... PASSED
================================================================================
T/V                N    NB     P     Q               Time                 Gflops
--------------------------------------------------------------------------------
WR00R2L4        1000     4     4     1               1.59              4.209e-01
HPL_pdgesv() start time Tue Jul  4 18:04:27 2017

HPL_pdgesv() end time   Tue Jul  4 18:04:29 2017

--------------------------------------------------------------------------------
||Ax-b||_oo/(eps*(||A||_oo*||x||_oo+||b||_oo)*N)=        0.0073137 ...... PASSED
================================================================================
T/V                N    NB     P     Q               Time                 Gflops
--------------------------------------------------------------------------------
WR00R2C2        1000     4     4     1               1.46              4.583e-01
HPL_pdgesv() start time Tue Jul  4 18:04:29 2017

HPL_pdgesv() end time   Tue Jul  4 18:04:30 2017

--------------------------------------------------------------------------------
||Ax-b||_oo/(eps*(||A||_oo*||x||_oo+||b||_oo)*N)=        0.0073137 ...... PASSED
================================================================================
T/V                N    NB     P     Q               Time                 Gflops
--------------------------------------------------------------------------------
WR00R2C4        1000     4     4     1               1.65              4.053e-01
HPL_pdgesv() start time Tue Jul  4 18:04:30 2017

HPL_pdgesv() end time   Tue Jul  4 18:04:32 2017

--------------------------------------------------------------------------------
||Ax-b||_oo/(eps*(||A||_oo*||x||_oo+||b||_oo)*N)=        0.0073137 ...... PASSED
================================================================================
T/V                N    NB     P     Q               Time                 Gflops
--------------------------------------------------------------------------------
WR00R2R2        1000     4     4     1               1.58              4.217e-01
HPL_pdgesv() start time Tue Jul  4 18:04:32 2017

HPL_pdgesv() end time   Tue Jul  4 18:04:34 2017

--------------------------------------------------------------------------------
||Ax-b||_oo/(eps*(||A||_oo*||x||_oo+||b||_oo)*N)=        0.0073137 ...... PASSED
================================================================================
T/V                N    NB     P     Q               Time                 Gflops
--------------------------------------------------------------------------------
WR00R2R4        1000     4     4     1               1.53              4.374e-01
HPL_pdgesv() start time Tue Jul  4 18:04:34 2017

HPL_pdgesv() end time   Tue Jul  4 18:04:35 2017

--------------------------------------------------------------------------------
||Ax-b||_oo/(eps*(||A||_oo*||x||_oo+||b||_oo)*N)=        0.0073137 ...... PASSED
================================================================================

Finished    108 tests with the following results:
            108 tests completed and passed residual checks,
              0 tests completed and failed residual checks,
              0 tests skipped because of illegal input values.
--------------------------------------------------------------------------------

End of Tests.
================================================================================
