
*******************************************************************************
*******************************************************************************
*******************************************************************************
*       BEGAN ATLAS3.10.3 INSTALL OF SECTION 2-4-3 ON 08/11/2017 AT 02:57     *
*******************************************************************************
*******************************************************************************
*******************************************************************************



make[2]: Entering directory '/home/aposta/sc17/atlasBuild/bin'
cd /home/aposta/sc17/atlasBuild/tune/blas/gemm ; make res/cXover.h pre=c nb=88
make[3]: Entering directory '/home/aposta/sc17/atlasBuild/tune/blas/gemm'
make cRun_tfc pre=c
make[4]: Entering directory '/home/aposta/sc17/atlasBuild/tune/blas/gemm'
make xctfc pre=c typ=SCPLX
make[5]: Entering directory '/home/aposta/sc17/atlasBuild/tune/blas/gemm'
/usr/bin/c99-gcc -o ctfc.o -c -DL2SIZE=33554432 -I/home/aposta/sc17/atlasBuild/include -I/home/aposta/sc17/ATLAS//include -I/home/aposta/sc17/ATLAS//include/contrib -DAdd_ -DF77_INTEGER=int -DStringSunStyle -DATL_OS_Linux -DATL_ARCH_Corei1 -DATL_CPUMHZ=2592 -DATL_AVXMAC -DATL_AVX -DATL_SSE3 -DATL_SSE2 -DATL_SSE1 -DATL_USE64BITS -DATL_GAS_x8664 -m64  -DATL_NCPU=2 -fomit-frame-pointer -mfpmath=sse -O2 -fno-schedule-insns2 -mavx2 -mfma -m64 -DSCPLX /home/aposta/sc17/ATLAS//tune/blas/gemm/tfc.c \
                 -DSM_FOUT=/home/aposta/sc17/atlasBuild/include/cXover.h
cd /home/aposta/sc17/atlasBuild/src/blas/gemm ; make clib
make[6]: Entering directory '/home/aposta/sc17/atlasBuild/src/blas/gemm'
make auxillib ccleanuplib cusergemm
make[7]: Entering directory '/home/aposta/sc17/atlasBuild/src/blas/gemm'
cd /home/aposta/sc17/atlasBuild/src/auxil ; make lib
make[8]: Entering directory '/home/aposta/sc17/atlasBuild/src/auxil'
make[8]: Nothing to be done for 'lib'.
make[8]: Leaving directory '/home/aposta/sc17/atlasBuild/src/auxil'
cd KERNEL ; make -f cMakefile clib
make[8]: Entering directory '/home/aposta/sc17/atlasBuild/src/blas/gemm/KERNEL'
make[8]: Nothing to be done for 'clib'.
make[8]: Leaving directory '/home/aposta/sc17/atlasBuild/src/blas/gemm/KERNEL'
make[7]: Nothing to be done for 'cusergemm'.
make[7]: Leaving directory '/home/aposta/sc17/atlasBuild/src/blas/gemm'
make -j 2 clib.grd
make[7]: Entering directory '/home/aposta/sc17/atlasBuild/src/blas/gemm'
/usr/bin/c99-gcc -o ATL_cgemmNN.o -c -DL2SIZE=33554432 -I/home/aposta/sc17/atlasBuild/include -I/home/aposta/sc17/ATLAS//include -I/home/aposta/sc17/ATLAS//include/contrib -DAdd_ -DF77_INTEGER=int -DStringSunStyle -DATL_OS_Linux -DATL_ARCH_Corei1 -DATL_CPUMHZ=2592 -DATL_AVXMAC -DATL_AVX -DATL_SSE3 -DATL_SSE2 -DATL_SSE1 -DATL_USE64BITS -DATL_GAS_x8664 -m64  -DATL_NCPU=2 -fomit-frame-pointer -mfpmath=sse -O2 -fno-schedule-insns2 -mavx2 -mfma -m64 -DSCPLX \
              -DNoTransA_ -DNoTransB_ /home/aposta/sc17/ATLAS//src/blas/gemm/ATL_gemmXX.c
/usr/bin/c99-gcc -o ATL_cgemmNT.o -c -DL2SIZE=33554432 -I/home/aposta/sc17/atlasBuild/include -I/home/aposta/sc17/ATLAS//include -I/home/aposta/sc17/ATLAS//include/contrib -DAdd_ -DF77_INTEGER=int -DStringSunStyle -DATL_OS_Linux -DATL_ARCH_Corei1 -DATL_CPUMHZ=2592 -DATL_AVXMAC -DATL_AVX -DATL_SSE3 -DATL_SSE2 -DATL_SSE1 -DATL_USE64BITS -DATL_GAS_x8664 -m64  -DATL_NCPU=2 -fomit-frame-pointer -mfpmath=sse -O2 -fno-schedule-insns2 -mavx2 -mfma -m64 -DSCPLX \
              -DNoTransA_ -DTransB_ /home/aposta/sc17/ATLAS//src/blas/gemm/ATL_gemmXX.c
/usr/bin/c99-gcc -o ATL_cgemmTN.o -c -DL2SIZE=33554432 -I/home/aposta/sc17/atlasBuild/include -I/home/aposta/sc17/ATLAS//include -I/home/aposta/sc17/ATLAS//include/contrib -DAdd_ -DF77_INTEGER=int -DStringSunStyle -DATL_OS_Linux -DATL_ARCH_Corei1 -DATL_CPUMHZ=2592 -DATL_AVXMAC -DATL_AVX -DATL_SSE3 -DATL_SSE2 -DATL_SSE1 -DATL_USE64BITS -DATL_GAS_x8664 -m64  -DATL_NCPU=2 -fomit-frame-pointer -mfpmath=sse -O2 -fno-schedule-insns2 -mavx2 -mfma -m64 -DSCPLX \
              -DTransA_ -DNoTransB_ /home/aposta/sc17/ATLAS//src/blas/gemm/ATL_gemmXX.c
/usr/bin/c99-gcc -o ATL_cgemmTT.o -c -DL2SIZE=33554432 -I/home/aposta/sc17/atlasBuild/include -I/home/aposta/sc17/ATLAS//include -I/home/aposta/sc17/ATLAS//include/contrib -DAdd_ -DF77_INTEGER=int -DStringSunStyle -DATL_OS_Linux -DATL_ARCH_Corei1 -DATL_CPUMHZ=2592 -DATL_AVXMAC -DATL_AVX -DATL_SSE3 -DATL_SSE2 -DATL_SSE1 -DATL_USE64BITS -DATL_GAS_x8664 -m64  -DATL_NCPU=2 -fomit-frame-pointer -mfpmath=sse -O2 -fno-schedule-insns2 -mavx2 -mfma -m64 -DSCPLX \
              -DTransA_ -DTransB_ /home/aposta/sc17/ATLAS//src/blas/gemm/ATL_gemmXX.c
/usr/bin/c99-gcc -o ATL_cAgemmNN.o -c -DL2SIZE=33554432 -I/home/aposta/sc17/atlasBuild/include -I/home/aposta/sc17/ATLAS//include -I/home/aposta/sc17/ATLAS//include/contrib -DAdd_ -DF77_INTEGER=int -DStringSunStyle -DATL_OS_Linux -DATL_ARCH_Corei1 -DATL_CPUMHZ=2592 -DATL_AVXMAC -DATL_AVX -DATL_SSE3 -DATL_SSE2 -DATL_SSE1 -DATL_USE64BITS -DATL_GAS_x8664 -m64  -DATL_NCPU=2 -fomit-frame-pointer -mfpmath=sse -O2 -fno-schedule-insns2 -mavx2 -mfma -m64 -DSCPLX -DNoTransA_ -DNoTransB_ \
              -DALIASED_GEMM /home/aposta/sc17/ATLAS//src/blas/gemm/ATL_AgemmXX.c
/usr/bin/c99-gcc -o ATL_cAgemmNT.o -c -DL2SIZE=33554432 -I/home/aposta/sc17/atlasBuild/include -I/home/aposta/sc17/ATLAS//include -I/home/aposta/sc17/ATLAS//include/contrib -DAdd_ -DF77_INTEGER=int -DStringSunStyle -DATL_OS_Linux -DATL_ARCH_Corei1 -DATL_CPUMHZ=2592 -DATL_AVXMAC -DATL_AVX -DATL_SSE3 -DATL_SSE2 -DATL_SSE1 -DATL_USE64BITS -DATL_GAS_x8664 -m64  -DATL_NCPU=2 -fomit-frame-pointer -mfpmath=sse -O2 -fno-schedule-insns2 -mavx2 -mfma -m64 -DSCPLX -DNoTransA_ -DTransB_ \
              -DALIASED_GEMM /home/aposta/sc17/ATLAS//src/blas/gemm/ATL_AgemmXX.c
/usr/bin/c99-gcc -o ATL_cAgemmTN.o -c -DL2SIZE=33554432 -I/home/aposta/sc17/atlasBuild/include -I/home/aposta/sc17/ATLAS//include -I/home/aposta/sc17/ATLAS//include/contrib -DAdd_ -DF77_INTEGER=int -DStringSunStyle -DATL_OS_Linux -DATL_ARCH_Corei1 -DATL_CPUMHZ=2592 -DATL_AVXMAC -DATL_AVX -DATL_SSE3 -DATL_SSE2 -DATL_SSE1 -DATL_USE64BITS -DATL_GAS_x8664 -m64  -DATL_NCPU=2 -fomit-frame-pointer -mfpmath=sse -O2 -fno-schedule-insns2 -mavx2 -mfma -m64 -DSCPLX -DTransA_ -DNoTransB_ \
              -DALIASED_GEMM /home/aposta/sc17/ATLAS//src/blas/gemm/ATL_AgemmXX.c
/usr/bin/c99-gcc -o ATL_cAgemmTT.o -c -DL2SIZE=33554432 -I/home/aposta/sc17/atlasBuild/include -I/home/aposta/sc17/ATLAS//include -I/home/aposta/sc17/ATLAS//include/contrib -DAdd_ -DF77_INTEGER=int -DStringSunStyle -DATL_OS_Linux -DATL_ARCH_Corei1 -DATL_CPUMHZ=2592 -DATL_AVXMAC -DATL_AVX -DATL_SSE3 -DATL_SSE2 -DATL_SSE1 -DATL_USE64BITS -DATL_GAS_x8664 -m64  -DATL_NCPU=2 -fomit-frame-pointer -mfpmath=sse -O2 -fno-schedule-insns2 -mavx2 -mfma -m64 -DSCPLX -DTransA_ -DTransB_ \
              -DALIASED_GEMM /home/aposta/sc17/ATLAS//src/blas/gemm/ATL_AgemmXX.c
/usr/bin/c99-gcc -o ATL_cAgemmNC.o -c -DL2SIZE=33554432 -I/home/aposta/sc17/atlasBuild/include -I/home/aposta/sc17/ATLAS//include -I/home/aposta/sc17/ATLAS//include/contrib -DAdd_ -DF77_INTEGER=int -DStringSunStyle -DATL_OS_Linux -DATL_ARCH_Corei1 -DATL_CPUMHZ=2592 -DATL_AVXMAC -DATL_AVX -DATL_SSE3 -DATL_SSE2 -DATL_SSE1 -DATL_USE64BITS -DATL_GAS_x8664 -m64  -DATL_NCPU=2 -fomit-frame-pointer -mfpmath=sse -O2 -fno-schedule-insns2 -mavx2 -mfma -m64 -DSCPLX -DNoTransA_ -DConjTransB_ \
              -DALIASED_GEMM /home/aposta/sc17/ATLAS//src/blas/gemm/ATL_AgemmXX.c
/usr/bin/c99-gcc -o ATL_cAgemmTC.o -c -DL2SIZE=33554432 -I/home/aposta/sc17/atlasBuild/include -I/home/aposta/sc17/ATLAS//include -I/home/aposta/sc17/ATLAS//include/contrib -DAdd_ -DF77_INTEGER=int -DStringSunStyle -DATL_OS_Linux -DATL_ARCH_Corei1 -DATL_CPUMHZ=2592 -DATL_AVXMAC -DATL_AVX -DATL_SSE3 -DATL_SSE2 -DATL_SSE1 -DATL_USE64BITS -DATL_GAS_x8664 -m64  -DATL_NCPU=2 -fomit-frame-pointer -mfpmath=sse -O2 -fno-schedule-insns2 -mavx2 -mfma -m64 -DSCPLX -DTransA_ -DConjTransB_ \
              -DALIASED_GEMM /home/aposta/sc17/ATLAS//src/blas/gemm/ATL_AgemmXX.c
/usr/bin/c99-gcc -o ATL_cAgemmCN.o -c -DL2SIZE=33554432 -I/home/aposta/sc17/atlasBuild/include -I/home/aposta/sc17/ATLAS//include -I/home/aposta/sc17/ATLAS//include/contrib -DAdd_ -DF77_INTEGER=int -DStringSunStyle -DATL_OS_Linux -DATL_ARCH_Corei1 -DATL_CPUMHZ=2592 -DATL_AVXMAC -DATL_AVX -DATL_SSE3 -DATL_SSE2 -DATL_SSE1 -DATL_USE64BITS -DATL_GAS_x8664 -m64  -DATL_NCPU=2 -fomit-frame-pointer -mfpmath=sse -O2 -fno-schedule-insns2 -mavx2 -mfma -m64 -DSCPLX -DConjTransA_ -DNoTransB_ \
              -DALIASED_GEMM /home/aposta/sc17/ATLAS//src/blas/gemm/ATL_AgemmXX.c
/usr/bin/c99-gcc -o ATL_cAgemmCT.o -c -DL2SIZE=33554432 -I/home/aposta/sc17/atlasBuild/include -I/home/aposta/sc17/ATLAS//include -I/home/aposta/sc17/ATLAS//include/contrib -DAdd_ -DF77_INTEGER=int -DStringSunStyle -DATL_OS_Linux -DATL_ARCH_Corei1 -DATL_CPUMHZ=2592 -DATL_AVXMAC -DATL_AVX -DATL_SSE3 -DATL_SSE2 -DATL_SSE1 -DATL_USE64BITS -DATL_GAS_x8664 -m64  -DATL_NCPU=2 -fomit-frame-pointer -mfpmath=sse -O2 -fno-schedule-insns2 -mavx2 -mfma -m64 -DSCPLX -DConjTransA_ -DTransB_ \
              -DALIASED_GEMM /home/aposta/sc17/ATLAS//src/blas/gemm/ATL_AgemmXX.c
/usr/bin/c99-gcc -o ATL_cAgemmCC.o -c -DL2SIZE=33554432 -I/home/aposta/sc17/atlasBuild/include -I/home/aposta/sc17/ATLAS//include -I/home/aposta/sc17/ATLAS//include/contrib -DAdd_ -DF77_INTEGER=int -DStringSunStyle -DATL_OS_Linux -DATL_ARCH_Corei1 -DATL_CPUMHZ=2592 -DATL_AVXMAC -DATL_AVX -DATL_SSE3 -DATL_SSE2 -DATL_SSE1 -DATL_USE64BITS -DATL_GAS_x8664 -m64  -DATL_NCPU=2 -fomit-frame-pointer -mfpmath=sse -O2 -fno-schedule-insns2 -mavx2 -mfma -m64 -DSCPLX -DConjTransA_ -DConjTransB_ \
              -DALIASED_GEMM /home/aposta/sc17/ATLAS//src/blas/gemm/ATL_AgemmXX.c
/usr/bin/c99-gcc -o ATL_cgemmNC.o -c -DL2SIZE=33554432 -I/home/aposta/sc17/atlasBuild/include -I/home/aposta/sc17/ATLAS//include -I/home/aposta/sc17/ATLAS//include/contrib -DAdd_ -DF77_INTEGER=int -DStringSunStyle -DATL_OS_Linux -DATL_ARCH_Corei1 -DATL_CPUMHZ=2592 -DATL_AVXMAC -DATL_AVX -DATL_SSE3 -DATL_SSE2 -DATL_SSE1 -DATL_USE64BITS -DATL_GAS_x8664 -m64  -DATL_NCPU=2 -fomit-frame-pointer -mfpmath=sse -O2 -fno-schedule-insns2 -mavx2 -mfma -m64 -DSCPLX \
              -DNoTransA_ -DConjTransB_ /home/aposta/sc17/ATLAS//src/blas/gemm/ATL_gemmXX.c
/usr/bin/c99-gcc -o ATL_cgemmCN.o -c -DL2SIZE=33554432 -I/home/aposta/sc17/atlasBuild/include -I/home/aposta/sc17/ATLAS//include -I/home/aposta/sc17/ATLAS//include/contrib -DAdd_ -DF77_INTEGER=int -DStringSunStyle -DATL_OS_Linux -DATL_ARCH_Corei1 -DATL_CPUMHZ=2592 -DATL_AVXMAC -DATL_AVX -DATL_SSE3 -DATL_SSE2 -DATL_SSE1 -DATL_USE64BITS -DATL_GAS_x8664 -m64  -DATL_NCPU=2 -fomit-frame-pointer -mfpmath=sse -O2 -fno-schedule-insns2 -mavx2 -mfma -m64 -DSCPLX \
              -DConjTransA_ -DNoTransB_ /home/aposta/sc17/ATLAS//src/blas/gemm/ATL_gemmXX.c
/usr/bin/c99-gcc -o ATL_cgemmTC.o -c -DL2SIZE=33554432 -I/home/aposta/sc17/atlasBuild/include -I/home/aposta/sc17/ATLAS//include -I/home/aposta/sc17/ATLAS//include/contrib -DAdd_ -DF77_INTEGER=int -DStringSunStyle -DATL_OS_Linux -DATL_ARCH_Corei1 -DATL_CPUMHZ=2592 -DATL_AVXMAC -DATL_AVX -DATL_SSE3 -DATL_SSE2 -DATL_SSE1 -DATL_USE64BITS -DATL_GAS_x8664 -m64  -DATL_NCPU=2 -fomit-frame-pointer -mfpmath=sse -O2 -fno-schedule-insns2 -mavx2 -mfma -m64 -DSCPLX \
              -DTransA_ -DConjTransB_ /home/aposta/sc17/ATLAS//src/blas/gemm/ATL_gemmXX.c
/usr/bin/c99-gcc -o ATL_cgemmCT.o -c -DL2SIZE=33554432 -I/home/aposta/sc17/atlasBuild/include -I/home/aposta/sc17/ATLAS//include -I/home/aposta/sc17/ATLAS//include/contrib -DAdd_ -DF77_INTEGER=int -DStringSunStyle -DATL_OS_Linux -DATL_ARCH_Corei1 -DATL_CPUMHZ=2592 -DATL_AVXMAC -DATL_AVX -DATL_SSE3 -DATL_SSE2 -DATL_SSE1 -DATL_USE64BITS -DATL_GAS_x8664 -m64  -DATL_NCPU=2 -fomit-frame-pointer -mfpmath=sse -O2 -fno-schedule-insns2 -mavx2 -mfma -m64 -DSCPLX \
              -DConjTransA_ -DTransB_ /home/aposta/sc17/ATLAS//src/blas/gemm/ATL_gemmXX.c
/usr/bin/c99-gcc -o ATL_cgemmCC.o -c -DL2SIZE=33554432 -I/home/aposta/sc17/atlasBuild/include -I/home/aposta/sc17/ATLAS//include -I/home/aposta/sc17/ATLAS//include/contrib -DAdd_ -DF77_INTEGER=int -DStringSunStyle -DATL_OS_Linux -DATL_ARCH_Corei1 -DATL_CPUMHZ=2592 -DATL_AVXMAC -DATL_AVX -DATL_SSE3 -DATL_SSE2 -DATL_SSE1 -DATL_USE64BITS -DATL_GAS_x8664 -m64  -DATL_NCPU=2 -fomit-frame-pointer -mfpmath=sse -O2 -fno-schedule-insns2 -mavx2 -mfma -m64 -DSCPLX \
              -DConjTransA_ -DConjTransB_ /home/aposta/sc17/ATLAS//src/blas/gemm/ATL_gemmXX.c
ar r /home/aposta/sc17/atlasBuild/lib/libatlas.a ATL_cMBJBmm.o ATL_cIBNBmm.o ATL_cIBJBmm.o ATL_cgemm.o ATL_cGetNB.o ATL_cGetNCNB.o ATL_cgemmNN.o ATL_cgemmNT.o ATL_cgemmTN.o ATL_cgemmTT.o ATL_cNCmmIJK.o ATL_cNCmmJIK.o ATL_cNCmmIJK_c.o ATL_cNCmmJIK_c.o ATL_caliased_gemm.o ATL_cAgemmNN.o ATL_cAgemmNT.o ATL_cAgemmTN.o ATL_cAgemmTT.o ATL_cmmJIK.o ATL_cmmIJK.o ATL_cmmJKI.o ATL_cgereal2cplx.o ATL_cmmJITcp.o ATL_cAgemmNC.o ATL_cAgemmTC.o ATL_cAgemmCN.o ATL_cAgemmCT.o ATL_cAgemmCC.o ATL_cCNBmm_b0.o ATL_cCNBmm_b1.o ATL_cCNBmm_bX.o ATL_cgemmNC.o ATL_cgemmCN.o ATL_cgemmTC.o ATL_cgemmCT.o ATL_cgemmCC.o ATL_ccol2blk_aXi0.o ATL_crow2blkT_aXi0.o ATL_ccol2blkConj_aXi0.o ATL_crow2blkC_aXi0.o ATL_ccol2blk_aX.o ATL_crow2blkT_aX.o ATL_ccol2blkConj_aX.o ATL_crow2blkC_aX.o ATL_ccol2blk_a1.o ATL_crow2blkT_a1.o ATL_ccol2blkConj_a1.o ATL_crow2blkC_a1.o ATL_cputblk_bXi0.o ATL_cputblk_bX.o ATL_cputblk_b1.o ATL_cputblk_bn1.o ATL_cputblk_b0.o
echo /home/aposta/sc17/atlasBuild/lib/libatlas.a
/home/aposta/sc17/atlasBuild/lib/libatlas.a
touch clib.grd
make[7]: Leaving directory '/home/aposta/sc17/atlasBuild/src/blas/gemm'
make[6]: Leaving directory '/home/aposta/sc17/atlasBuild/src/blas/gemm'
cd /home/aposta/sc17/atlasBuild/src/blas/gemm ; make ATL_cbig_mm.o ATL_csmall_mm.o \
           ATL_csbig_mm.o pre=c typ=SCPLX
make[6]: Entering directory '/home/aposta/sc17/atlasBuild/src/blas/gemm'
make[6]: 'ATL_cbig_mm.o' is up to date.
make[6]: 'ATL_csmall_mm.o' is up to date.
/usr/bin/c99-gcc -o ATL_csbig_mm.o -c -DL2SIZE=33554432 -I/home/aposta/sc17/atlasBuild/include -I/home/aposta/sc17/ATLAS//include -I/home/aposta/sc17/ATLAS//include/contrib -DAdd_ -DF77_INTEGER=int -DStringSunStyle -DATL_OS_Linux -DATL_ARCH_Corei1 -DATL_CPUMHZ=2592 -DATL_AVXMAC -DATL_AVX -DATL_SSE3 -DATL_SSE2 -DATL_SSE1 -DATL_USE64BITS -DATL_GAS_x8664 -m64  -DATL_NCPU=2 -fomit-frame-pointer -mfpmath=sse -O2 -fno-schedule-insns2 -mavx2 -mfma -m64 -DSCPLX -DCRBIG_MM -I./ \
              /home/aposta/sc17/ATLAS//src/blas/gemm/ATL_gemm.c
make[6]: Leaving directory '/home/aposta/sc17/atlasBuild/src/blas/gemm'
/usr/bin/c99-gcc -DL2SIZE=33554432 -I/home/aposta/sc17/atlasBuild/include -I/home/aposta/sc17/ATLAS//include -I/home/aposta/sc17/ATLAS//include/contrib -DAdd_ -DF77_INTEGER=int -DStringSunStyle -DATL_OS_Linux -DATL_ARCH_Corei1 -DATL_CPUMHZ=2592 -DATL_AVXMAC -DATL_AVX -DATL_SSE3 -DATL_SSE2 -DATL_SSE1 -DATL_USE64BITS -DATL_GAS_x8664 -m64  -DATL_NCPU=2 -fomit-frame-pointer -mfpmath=sse -O2 -fno-schedule-insns2 -mavx2 -mfma -m64 -o xctfc ctfc.o \
              /home/aposta/sc17/atlasBuild/src/blas/gemm/ATL_cbig_mm.o /home/aposta/sc17/atlasBuild/src/blas/gemm/ATL_csmall_mm.o \
              /home/aposta/sc17/atlasBuild/src/blas/gemm/ATL_csbig_mm.o \
              /home/aposta/sc17/atlasBuild/lib/libatlas.a -lpthread -lm
make[5]: Leaving directory '/home/aposta/sc17/atlasBuild/tune/blas/gemm'
/home/aposta/sc17/atlasBuild/bin/ATLrun.sh /home/aposta/sc17/atlasBuild/tune/blas/gemm xctfc


Finding crossover point for small case algorithms:

TEST  TA  TB    M    N    K        alpha         beta    Time  Mflop  SpUp
====  ==  ==  ===  ===  ===  ===== =====  ===== =====  ======  =====  ====

   1   N   N   80   10   10   -1.0   0.0    1.0   0.0    5.45 4333.3 1.00
   1   N   N   80   10   10   -1.0   0.0    1.0   0.0    5.58 4236.9 0.98
   2   N   N   80  750  750   -1.0   0.0    1.0   0.0    4.62 5142.9 1.00
   2   N   N   80  750  750   -1.0   0.0    1.0   0.0    0.73 32459.0 6.31
   3   N   N   80  380  380   -1.0   0.0    1.0   0.0    4.65 5085.7 1.00
   3   N   N   80  380  380   -1.0   0.0    1.0   0.0    0.83 28573.1 5.62
   4   N   N   80  195  195   -1.0   0.0    1.0   0.0    4.63 5105.9 1.00
   4   N   N   80  195  195   -1.0   0.0    1.0   0.0    1.29 18346.5 3.59
   5   N   N   80  102  102   -1.0   0.0    1.0   0.0    4.60 5135.8 1.00
   5   N   N   80  102  102   -1.0   0.0    1.0   0.0    1.46 16181.2 3.15
   6   N   N   80   56   56   -1.0   0.0    1.0   0.0    4.67 5056.7 1.00
   6   N   N   80   56   56   -1.0   0.0    1.0   0.0    4.64 5091.6 1.01
   7   N   N   80   33   33   -1.0   0.0    1.0   0.0    4.80 4926.1 1.00
   7   N   N   80   33   33   -1.0   0.0    1.0   0.0    4.83 4893.4 0.99
   8   N   N   80   44   44   -1.0   0.0    1.0   0.0    4.69 5039.7 1.00
   8   N   N   80   44   44   -1.0   0.0    1.0   0.0    4.72 5009.8 0.99
   9   N   N   80   50   50   -1.0   0.0    1.0   0.0    4.60 5136.0 1.00
   9   N   N   80   50   50   -1.0   0.0    1.0   0.0    4.67 5061.2 0.99

TEST  TA  TB    M    N    K        alpha         beta    Time  Mflop  SpUp
====  ==  ==  ===  ===  ===  ===== =====  ===== =====  ======  =====  ====

  10   N   N   10   80   10   -1.0   0.0    1.0   0.0    7.78 3035.1 1.00
  10   N   N   10   80   10   -1.0   0.0    1.0   0.0    8.22 2874.1 0.95
  11   N   N  750   80  750   -1.0   0.0    1.0   0.0    4.84 4909.1 1.00
  11   N   N  750   80  750   -1.0   0.0    1.0   0.0    0.76 31099.5 6.34
  12   N   N  380   80  380   -1.0   0.0    1.0   0.0    4.58 5170.1 1.00
  12   N   N  380   80  380   -1.0   0.0    1.0   0.0    0.80 29573.1 5.72
  13   N   N  195   80  195   -1.0   0.0    1.0   0.0    4.58 5164.0 1.00
  13   N   N  195   80  195   -1.0   0.0    1.0   0.0    1.91 12384.8 2.40
  14   N   N  102   80  102   -1.0   0.0    1.0   0.0    4.60 5131.3 1.00
  14   N   N  102   80  102   -1.0   0.0    1.0   0.0    1.60 14728.5 2.87
  15   N   N   56   80   56   -1.0   0.0    1.0   0.0    4.68 5052.4 1.00
  15   N   N   56   80   56   -1.0   0.0    1.0   0.0    4.63 5100.4 1.01
  16   N   N   33   80   33   -1.0   0.0    1.0   0.0    4.90 4817.6 1.00
  16   N   N   33   80   33   -1.0   0.0    1.0   0.0    5.03 4695.1 0.97
  17   N   N   44   80   44   -1.0   0.0    1.0   0.0    4.75 4976.0 1.00
  17   N   N   44   80   44   -1.0   0.0    1.0   0.0    4.85 4873.4 0.98
  18   N   N   50   80   50   -1.0   0.0    1.0   0.0    4.80 4926.1 1.00
  18   N   N   50   80   50   -1.0   0.0    1.0   0.0    4.70 5026.7 1.02

TEST  TA  TB    M    N    K        alpha         beta    Time  Mflop  SpUp
====  ==  ==  ===  ===  ===  ===== =====  ===== =====  ======  =====  ====

  19   N   N   80   80   10   -1.0   0.0    1.0   0.0    5.31 4450.9 1.00
  19   N   N   80   80   10   -1.0   0.0    1.0   0.0    5.18 4560.9 1.02

TEST  TA  TB    M    N    K        alpha         beta    Time  Mflop  SpUp
====  ==  ==  ===  ===  ===  ===== =====  ===== =====  ======  =====  ====

  20   N   N   10   10   80   -1.0   0.0    1.0   0.0    5.96 3963.9 1.00
  20   N   N   10   10   80   -1.0   0.0    1.0   0.0    6.96 3396.4 0.86
  21   N   N  750  750   80   -1.0   0.0    1.0   0.0    4.74 5008.4 1.00
  21   N   N  750  750   80   -1.0   0.0    1.0   0.0    0.55 43043.5 8.59
  22   N   N  380  380   80   -1.0   0.0    1.0   0.0    4.51 5248.1 1.00
  22   N   N  380  380   80   -1.0   0.0    1.0   0.0    0.64 37198.9 7.09
  23   N   N  195  195   80   -1.0   0.0    1.0   0.0    4.57 5168.5 1.00
  23   N   N  195  195   80   -1.0   0.0    1.0   0.0    1.27 18577.2 3.59
  24   N   N  102  102   80   -1.0   0.0    1.0   0.0    4.60 5135.8 1.00
  24   N   N  102  102   80   -1.0   0.0    1.0   0.0    0.91 26018.2 5.07
  25   N   N   56   56   80   -1.0   0.0    1.0   0.0    4.73 4992.6 1.00
  25   N   N   56   56   80   -1.0   0.0    1.0   0.0    4.65 5078.4 1.02
  26   N   N   33   33   80   -1.0   0.0    1.0   0.0    4.77 4950.9 1.00
  26   N   N   33   33   80   -1.0   0.0    1.0   0.0    4.88 4845.3 0.98
  27   N   N   44   44   80   -1.0   0.0    1.0   0.0    4.78 4938.5 1.00
  27   N   N   44   44   80   -1.0   0.0    1.0   0.0    4.80 4918.0 1.00
  28   N   N   50   50   80   -1.0   0.0    1.0   0.0    4.72 5005.4 1.00
  28   N   N   50   50   80   -1.0   0.0    1.0   0.0    4.77 4950.9 0.99

TEST  TA  TB    M    N    K        alpha         beta    Time  Mflop  SpUp
====  ==  ==  ===  ===  ===  ===== =====  ===== =====  ======  =====  ====

  29   N   N   10   10   10   -1.0   0.0    1.0   0.0    8.42 2804.5 1.00
  29   N   N   10   10   10   -1.0   0.0    1.0   0.0   10.01 2360.6 0.84
  30   N   N  750  750  750   -1.0   0.0    1.0   0.0    4.82 4905.5 1.00
  30   N   N  750  750  750   -1.0   0.0    1.0   0.0    0.70 33944.0 6.92
  31   N   N  380  380  380   -1.0   0.0    1.0   0.0    4.54 5225.9 1.00
  31   N   N  380  380  380   -1.0   0.0    1.0   0.0    0.93 25543.9 4.89
  32   N   N  195  195  195   -1.0   0.0    1.0   0.0    4.56 5185.9 1.00
  32   N   N  195  195  195   -1.0   0.0    1.0   0.0    1.88 12589.5 2.43
  33   N   N  102  102  102   -1.0   0.0    1.0   0.0    4.66 5065.8 1.00
  33   N   N  102  102  102   -1.0   0.0    1.0   0.0    1.71 13800.7 2.72
  34   N   N   56   56   56   -1.0   0.0    1.0   0.0    4.75 4975.8 1.00
  34   N   N   56   56   56   -1.0   0.0    1.0   0.0    4.69 5039.5 1.01
  35   N   N   33   33   33   -1.0   0.0    1.0   0.0    5.02 4702.4 1.00
  35   N   N   33   33   33   -1.0   0.0    1.0   0.0    5.22 4525.9 0.96
  36   N   N   44   44   44   -1.0   0.0    1.0   0.0    4.77 4955.0 1.00
  36   N   N   44   44   44   -1.0   0.0    1.0   0.0    4.92 4805.8 0.97
  37   N   N   50   50   50   -1.0   0.0    1.0   0.0    4.74 4980.0 1.00
  37   N   N   50   50   50   -1.0   0.0    1.0   0.0    4.83 4893.3 0.98

TEST  TA  TB    M    N    K        alpha         beta    Time  Mflop  SpUp
====  ==  ==  ===  ===  ===  ===== =====  ===== =====  ======  =====  ====

  38   N   T   80   10   10   -1.0   0.0    1.0   0.0    5.26 4488.0 1.00
  38   N   T   80   10   10   -1.0   0.0    1.0   0.0    5.72 4130.2 0.92
  39   N   T   80  750  750   -1.0   0.0    1.0   0.0    4.75 5004.2 1.00
  39   N   T   80  750  750   -1.0   0.0    1.0   0.0    0.74 32108.1 6.42
  40   N   T   80  380  380   -1.0   0.0    1.0   0.0    4.52 5234.2 1.00
  40   N   T   80  380  380   -1.0   0.0    1.0   0.0    0.83 28573.1 5.46
  41   N   T   80  195  195   -1.0   0.0    1.0   0.0    4.60 5141.5 1.00
  41   N   T   80  195  195   -1.0   0.0    1.0   0.0    1.34 17634.5 3.43
  42   N   T   80  102  102   -1.0   0.0    1.0   0.0    4.54 5199.1 1.00
  42   N   T   80  102  102   -1.0   0.0    1.0   0.0    1.49 15876.7 3.05
  43   N   T   80   56   56   -1.0   0.0    1.0   0.0    4.59 5149.3 1.00
  43   N   T   80   56   56   -1.0   0.0    1.0   0.0    4.62 5118.0 0.99
  44   N   T   80   79   79   -1.0   0.0    1.0   0.0    4.52 5222.4 1.00
  44   N   T   80   79   79   -1.0   0.0    1.0   0.0    4.62 5118.3 0.98
  45   N   T   80   90   90   -1.0   0.0    1.0   0.0    4.54 5204.6 1.00
  45   N   T   80   90   90   -1.0   0.0    1.0   0.0    1.12 21022.0 4.04

TEST  TA  TB    M    N    K        alpha         beta    Time  Mflop  SpUp
====  ==  ==  ===  ===  ===  ===== =====  ===== =====  ======  =====  ====

  46   N   T   10   80   10   -1.0   0.0    1.0   0.0    6.94 3404.2 1.00
  46   N   T   10   80   10   -1.0   0.0    1.0   0.0    7.05 3350.1 0.98
  47   N   T  750   80  750   -1.0   0.0    1.0   0.0    4.76 4995.8 1.00
  47   N   T  750   80  750   -1.0   0.0    1.0   0.0    0.75 31595.7 6.32
  48   N   T  380   80  380   -1.0   0.0    1.0   0.0    4.57 5174.6 1.00
  48   N   T  380   80  380   -1.0   0.0    1.0   0.0    0.85 27768.2 5.37
  49   N   T  195   80  195   -1.0   0.0    1.0   0.0    4.53 5214.1 1.00
  49   N   T  195   80  195   -1.0   0.0    1.0   0.0    1.97 12007.2 2.30
  50   N   T  102   80  102   -1.0   0.0    1.0   0.0    4.61 5126.9 1.00
  50   N   T  102   80  102   -1.0   0.0    1.0   0.0    1.62 14619.2 2.85
  51   N   T   56   80   56   -1.0   0.0    1.0   0.0    4.68 5043.7 1.00
  51   N   T   56   80   56   -1.0   0.0    1.0   0.0    4.73 4992.6 0.99
  52   N   T   79   80   79   -1.0   0.0    1.0   0.0    4.49 5264.2 1.00
  52   N   T   79   80   79   -1.0   0.0    1.0   0.0    4.51 5236.2 0.99
  53   N   T   90   80   90   -1.0   0.0    1.0   0.0    4.54 5200.0 1.00
  53   N   T   90   80   90   -1.0   0.0    1.0   0.0    1.13 20947.4 4.03

TEST  TA  TB    M    N    K        alpha         beta    Time  Mflop  SpUp
====  ==  ==  ===  ===  ===  ===== =====  ===== =====  ======  =====  ====

  54   N   T   80   80   10   -1.0   0.0    1.0   0.0    5.01 4717.5 1.00
  54   N   T   80   80   10   -1.0   0.0    1.0   0.0    5.02 4710.0 1.00
  55   N   T   80   80  750   -1.0   0.0    1.0   0.0    4.52 5228.6 1.00
  55   N   T   80   80  750   -1.0   0.0    1.0   0.0    0.81 29275.2 5.60
  56   N   T   80   80  380   -1.0   0.0    1.0   0.0    4.50 5253.1 1.00
  56   N   T   80   80  380   -1.0   0.0    1.0   0.0    0.78 30151.8 5.74
  57   N   T   80   80  195   -1.0   0.0    1.0   0.0    4.52 5228.3 1.00
  57   N   T   80   80  195   -1.0   0.0    1.0   0.0    1.32 17957.5 3.43
  58   N   T   80   80  102   -1.0   0.0    1.0   0.0    4.58 5163.1 1.00
  58   N   T   80   80  102   -1.0   0.0    1.0   0.0    1.53 15462.1 2.99
  59   N   T   80   80   56   -1.0   0.0    1.0   0.0    4.61 5127.1 1.00
  59   N   T   80   80   56   -1.0   0.0    1.0   0.0    0.79 29981.9 5.85
  60   N   T   80   80   33   -1.0   0.0    1.0   0.0    4.65 5078.6 1.00
  60   N   T   80   80   33   -1.0   0.0    1.0   0.0    4.67 5061.2 1.00
  61   N   T   80   80   44   -1.0   0.0    1.0   0.0    4.61 5122.5 1.00
  61   N   T   80   80   44   -1.0   0.0    1.0   0.0    1.38 17070.2 3.33

TEST  TA  TB    M    N    K        alpha         beta    Time  Mflop  SpUp
====  ==  ==  ===  ===  ===  ===== =====  ===== =====  ======  =====  ====

  62   N   T   10   10   80   -1.0   0.0    1.0   0.0    6.48 3643.6 1.00
  62   N   T   10   10   80   -1.0   0.0    1.0   0.0    7.90 2992.0 0.82
  63   N   T  750  750   80   -1.0   0.0    1.0   0.0    4.95 4801.9 1.00
  63   N   T  750  750   80   -1.0   0.0    1.0   0.0    0.54 43676.5 9.10
  64   N   T  380  380   80   -1.0   0.0    1.0   0.0    4.78 4949.5 1.00
  64   N   T  380  380   80   -1.0   0.0    1.0   0.0    0.64 36736.8 7.42
  65   N   T  195  195   80   -1.0   0.0    1.0   0.0    4.50 5255.8 1.00
  65   N   T  195  195   80   -1.0   0.0    1.0   0.0    1.32 17956.1 3.42
  66   N   T  102  102   80   -1.0   0.0    1.0   0.0    4.59 5144.7 1.00
  66   N   T  102  102   80   -1.0   0.0    1.0   0.0    0.91 26018.2 5.06
  67   N   T   56   56   80   -1.0   0.0    1.0   0.0    4.60 5140.3 1.00
  67   N   T   56   56   80   -1.0   0.0    1.0   0.0    4.65 5082.8 0.99
  68   N   T   79   79   80   -1.0   0.0    1.0   0.0    4.50 5250.2 1.00
  68   N   T   79   79   80   -1.0   0.0    1.0   0.0    4.54 5203.9 0.99
  69   N   T   90   90   80   -1.0   0.0    1.0   0.0    4.59 5145.6 1.00
  69   N   T   90   90   80   -1.0   0.0    1.0   0.0    0.74 31930.6 6.21

TEST  TA  TB    M    N    K        alpha         beta    Time  Mflop  SpUp
====  ==  ==  ===  ===  ===  ===== =====  ===== =====  ======  =====  ====

  70   N   T   10   10   10   -1.0   0.0    1.0   0.0    8.25 2862.9 1.00
  70   N   T   10   10   10   -1.0   0.0    1.0   0.0   10.08 2344.7 0.82
  71   N   T  750  750  750   -1.0   0.0    1.0   0.0    4.92 4805.7 1.00
  71   N   T  750  750  750   -1.0   0.0    1.0   0.0    0.74 32099.2 6.68
  72   N   T  380  380  380   -1.0   0.0    1.0   0.0    4.70 5039.3 1.00
  72   N   T  380  380  380   -1.0   0.0    1.0   0.0    0.93 25434.2 5.05
  73   N   T  195  195  195   -1.0   0.0    1.0   0.0    4.54 5213.3 1.00
  73   N   T  195  195  195   -1.0   0.0    1.0   0.0    1.90 12457.0 2.39
  74   N   T  102  102  102   -1.0   0.0    1.0   0.0    4.65 5083.2 1.00
  74   N   T  102  102  102   -1.0   0.0    1.0   0.0    1.72 13704.6 2.70
  75   N   T   56   56   56   -1.0   0.0    1.0   0.0    4.71 5018.1 1.00
  75   N   T   56   56   56   -1.0   0.0    1.0   0.0    4.74 4988.4 0.99
  76   N   T   79   79   79   -1.0   0.0    1.0   0.0    4.54 5208.6 1.00
  76   N   T   79   79   79   -1.0   0.0    1.0   0.0    4.51 5236.4 1.01
  77   N   T   67   67   67   -1.0   0.0    1.0   0.0    4.62 5113.8 1.00
  77   N   T   67   67   67   -1.0   0.0    1.0   0.0    4.60 5131.5 1.00

TEST  TA  TB    M    N    K        alpha         beta    Time  Mflop  SpUp
====  ==  ==  ===  ===  ===  ===== =====  ===== =====  ======  =====  ====

  78   T   N   80   10   10   -1.0   0.0    1.0   0.0    6.40 3689.1 1.00
  78   T   N   80   10   10   -1.0   0.0    1.0   0.0    6.67 3543.0 0.96
  79   T   N   80  750  750   -1.0   0.0    1.0   0.0    4.66 5094.3 1.00
  79   T   N   80  750  750   -1.0   0.0    1.0   0.0    0.72 33184.4 6.51
  80   T   N   80  380  380   -1.0   0.0    1.0   0.0    4.63 5107.6 1.00
  80   T   N   80  380  380   -1.0   0.0    1.0   0.0    0.80 29573.1 5.79
  81   T   N   80  195  195   -1.0   0.0    1.0   0.0    4.58 5154.9 1.00
  81   T   N   80  195  195   -1.0   0.0    1.0   0.0    1.30 18121.4 3.52
  82   T   N   80  102  102   -1.0   0.0    1.0   0.0    4.53 5212.8 1.00
  82   T   N   80  102  102   -1.0   0.0    1.0   0.0    1.46 16225.7 3.11
  83   T   N   80   56   56   -1.0   0.0    1.0   0.0    4.70 5026.6 1.00
  83   T   N   80   56   56   -1.0   0.0    1.0   0.0    4.62 5109.2 1.02
  84   T   N   80   33   33   -1.0   0.0    1.0   0.0    4.80 4917.9 1.00
  84   T   N   80   33   33   -1.0   0.0    1.0   0.0    4.94 4786.4 0.97
  85   T   N   80   44   44   -1.0   0.0    1.0   0.0    4.62 5118.3 1.00
  85   T   N   80   44   44   -1.0   0.0    1.0   0.0    4.70 5026.8 0.98
  86   T   N   80   50   50   -1.0   0.0    1.0   0.0    4.63 5100.5 1.00
  86   T   N   80   50   50   -1.0   0.0    1.0   0.0    4.70 5026.7 0.99

TEST  TA  TB    M    N    K        alpha         beta    Time  Mflop  SpUp
====  ==  ==  ===  ===  ===  ===== =====  ===== =====  ======  =====  ====

  87   T   N   10   80   10   -1.0   0.0    1.0   0.0    7.57 3121.7 1.00
  87   T   N   10   80   10   -1.0   0.0    1.0   0.0    8.16 2895.2 0.93
  88   T   N  750   80  750   -1.0   0.0    1.0   0.0    4.60 5165.2 1.00
  88   T   N  750   80  750   -1.0   0.0    1.0   0.0    0.78 30618.6 5.93
  89   T   N  380   80  380   -1.0   0.0    1.0   0.0    4.53 5220.3 1.00
  89   T   N  380   80  380   -1.0   0.0    1.0   0.0    0.80 29721.7 5.69
  90   T   N  195   80  195   -1.0   0.0    1.0   0.0    4.50 5246.5 1.00
  90   T   N  195   80  195   -1.0   0.0    1.0   0.0    1.90 12463.2 2.38
  91   T   N  102   80  102   -1.0   0.0    1.0   0.0    4.59 5149.2 1.00
  91   T   N  102   80  102   -1.0   0.0    1.0   0.0    1.58 14914.5 2.90
  92   T   N   56   80   56   -1.0   0.0    1.0   0.0    4.76 4967.4 1.00
  92   T   N   56   80   56   -1.0   0.0    1.0   0.0    4.65 5082.8 1.02
  93   T   N   33   80   33   -1.0   0.0    1.0   0.0    4.83 4893.4 1.00
  93   T   N   33   80   33   -1.0   0.0    1.0   0.0    5.00 4721.3 0.96
  94   T   N   44   80   44   -1.0   0.0    1.0   0.0    4.66 5065.6 1.00
  94   T   N   44   80   44   -1.0   0.0    1.0   0.0    4.84 4885.4 0.96
  95   T   N   50   80   50   -1.0   0.0    1.0   0.0    4.63 5104.9 1.00
  95   T   N   50   80   50   -1.0   0.0    1.0   0.0    4.74 4980.1 0.98

TEST  TA  TB    M    N    K        alpha         beta    Time  Mflop  SpUp
====  ==  ==  ===  ===  ===  ===== =====  ===== =====  ======  =====  ====

  96   T   N   80   80   10   -1.0   0.0    1.0   0.0    5.35 4414.3 1.00
  96   T   N   80   80   10   -1.0   0.0    1.0   0.0    5.38 4391.3 0.99
  97   T   N   80   80  750   -1.0   0.0    1.0   0.0    4.65 5089.2 1.00
  97   T   N   80   80  750   -1.0   0.0    1.0   0.0    0.77 30800.0 6.05
  98   T   N   80   80  380   -1.0   0.0    1.0   0.0    4.59 5152.4 1.00
  98   T   N   80   80  380   -1.0   0.0    1.0   0.0    0.78 30151.8 5.85
  99   T   N   80   80  195   -1.0   0.0    1.0   0.0    4.60 5137.4 1.00
  99   T   N   80   80  195   -1.0   0.0    1.0   0.0    1.31 18012.3 3.51
 100   T   N   80   80  102   -1.0   0.0    1.0   0.0    4.60 5140.6 1.00
 100   T   N   80   80  102   -1.0   0.0    1.0   0.0    1.48 16006.9 3.11
 101   T   N   80   80   56   -1.0   0.0    1.0   0.0    4.71 5013.9 1.00
 101   T   N   80   80   56   -1.0   0.0    1.0   0.0    0.82 28953.1 5.77
 102   T   N   80   80   33   -1.0   0.0    1.0   0.0    4.72 5005.4 1.00
 102   T   N   80   80   33   -1.0   0.0    1.0   0.0    4.73 4992.7 1.00
 103   T   N   80   80   44   -1.0   0.0    1.0   0.0    4.62 5113.7 1.00
 103   T   N   80   80   44   -1.0   0.0    1.0   0.0    1.44 16452.0 3.22

TEST  TA  TB    M    N    K        alpha         beta    Time  Mflop  SpUp
====  ==  ==  ===  ===  ===  ===== =====  ===== =====  ======  =====  ====

 104   T   N   10   10   80   -1.0   0.0    1.0   0.0    5.26 4488.0 1.00
 104   T   N   10   10   80   -1.0   0.0    1.0   0.0    5.74 4118.7 0.92
 105   T   N  750  750   80   -1.0   0.0    1.0   0.0    4.51 5266.0 1.00
 105   T   N  750  750   80   -1.0   0.0    1.0   0.0    0.54 44328.4 8.42
 106   T   N  380  380   80   -1.0   0.0    1.0   0.0    4.60 5143.2 1.00
 106   T   N  380  380   80   -1.0   0.0    1.0   0.0    0.64 37198.9 7.23
 107   T   N  195  195   80   -1.0   0.0    1.0   0.0    4.59 5146.0 1.00
 107   T   N  195  195   80   -1.0   0.0    1.0   0.0    1.29 18289.7 3.55
 108   T   N  102  102   80   -1.0   0.0    1.0   0.0    4.54 5208.2 1.00
 108   T   N  102  102   80   -1.0   0.0    1.0   0.0    0.90 26366.7 5.06
 109   T   N   56   56   80   -1.0   0.0    1.0   0.0    4.67 5056.7 1.00
 109   T   N   56   56   80   -1.0   0.0    1.0   0.0    4.71 5013.8 0.99
 110   T   N   79   79   80   -1.0   0.0    1.0   0.0    4.59 5149.5 1.00
 110   T   N   79   79   80   -1.0   0.0    1.0   0.0    4.57 5167.5 1.00
 111   T   N   67   67   80   -1.0   0.0    1.0   0.0    4.60 5131.9 1.00
 111   T   N   67   67   80   -1.0   0.0    1.0   0.0    4.56 5181.4 1.01

TEST  TA  TB    M    N    K        alpha         beta    Time  Mflop  SpUp
====  ==  ==  ===  ===  ===  ===== =====  ===== =====  ======  =====  ====

 112   T   N   10   10   10   -1.0   0.0    1.0   0.0    8.69 2719.3 1.00
 112   T   N   10   10   10   -1.0   0.0    1.0   0.0   10.01 2360.6 0.87
 113   T   N  750  750  750   -1.0   0.0    1.0   0.0    4.61 5127.0 1.00
 113   T   N  750  750  750   -1.0   0.0    1.0   0.0    0.70 33750.0 6.58
 114   T   N  380  380  380   -1.0   0.0    1.0   0.0    4.62 5135.3 1.00
 114   T   N  380  380  380   -1.0   0.0    1.0   0.0    0.94 25325.5 4.93
 115   T   N  195  195  195   -1.0   0.0    1.0   0.0    4.53 5227.1 1.00
 115   T   N  195  195  195   -1.0   0.0    1.0   0.0    1.85 12807.5 2.45
 116   T   N  102  102  102   -1.0   0.0    1.0   0.0    4.51 5236.4 1.00
 116   T   N  102  102  102   -1.0   0.0    1.0   0.0    1.67 14130.8 2.70
 117   T   N   56   56   56   -1.0   0.0    1.0   0.0    4.71 5018.1 1.00
 117   T   N   56   56   56   -1.0   0.0    1.0   0.0    4.73 4992.7 0.99
 118   T   N   79   79   79   -1.0   0.0    1.0   0.0    4.59 5149.6 1.00
 118   T   N   79   79   79   -1.0   0.0    1.0   0.0    4.48 5273.8 1.02
 119   T   N   67   67   67   -1.0   0.0    1.0   0.0    4.66 5074.2 1.00
 119   T   N   67   67   67   -1.0   0.0    1.0   0.0    4.63 5104.9 1.01

TEST  TA  TB    M    N    K        alpha         beta    Time  Mflop  SpUp
====  ==  ==  ===  ===  ===  ===== =====  ===== =====  ======  =====  ====

 120   T   T   80   10   10   -1.0   0.0    1.0   0.0    6.58 3592.6 1.00
 120   T   T   80   10   10   -1.0   0.0    1.0   0.0    6.64 3560.1 0.99
 121   T   T   80  750  750   -1.0   0.0    1.0   0.0    4.93 4821.4 1.00
 121   T   T   80  750  750   -1.0   0.0    1.0   0.0    0.74 31935.5 6.62
 122   T   T   80  380  380   -1.0   0.0    1.0   0.0    4.66 5081.3 1.00
 122   T   T   80  380  380   -1.0   0.0    1.0   0.0    0.84 28031.4 5.52
 123   T   T   80  195  195   -1.0   0.0    1.0   0.0    4.67 5062.2 1.00
 123   T   T   80  195  195   -1.0   0.0    1.0   0.0    1.31 18065.9 3.57
 124   T   T   80  102  102   -1.0   0.0    1.0   0.0    4.62 5113.5 1.00
 124   T   T   80  102  102   -1.0   0.0    1.0   0.0    1.50 15791.8 3.09
 125   T   T   80   56   56   -1.0   0.0    1.0   0.0    4.69 5039.4 1.00
 125   T   T   80   56   56   -1.0   0.0    1.0   0.0    4.68 5052.4 1.00
 126   T   T   80   33   33   -1.0   0.0    1.0   0.0    4.86 4861.2 1.00
 126   T   T   80   33   33   -1.0   0.0    1.0   0.0    4.93 4794.1 0.99
 127   T   T   80   44   44   -1.0   0.0    1.0   0.0    4.66 5070.0 1.00
 127   T   T   80   44   44   -1.0   0.0    1.0   0.0    4.69 5035.4 0.99
 128   T   T   80   50   50   -1.0   0.0    1.0   0.0    4.65 5078.6 1.00
 128   T   T   80   50   50   -1.0   0.0    1.0   0.0    4.66 5065.5 1.00

TEST  TA  TB    M    N    K        alpha         beta    Time  Mflop  SpUp
====  ==  ==  ===  ===  ===  ===== =====  ===== =====  ======  =====  ====

 129   T   T   10   80   10   -1.0   0.0    1.0   0.0    7.34 3218.7 1.00
 129   T   T   10   80   10   -1.0   0.0    1.0   0.0    7.05 3350.1 1.04

TEST  TA  TB    M    N    K        alpha         beta    Time  Mflop  SpUp
====  ==  ==  ===  ===  ===  ===== =====  ===== =====  ======  =====  ====

 130   T   T   80   80   10   -1.0   0.0    1.0   0.0    5.40 4375.0 1.00
 130   T   T   80   80   10   -1.0   0.0    1.0   0.0    5.20 4543.3 1.04

TEST  TA  TB    M    N    K        alpha         beta    Time  Mflop  SpUp
====  ==  ==  ===  ===  ===  ===== =====  ===== =====  ======  =====  ====

 131   T   T   10   10   80   -1.0   0.0    1.0   0.0    6.14 3845.2 1.00
 131   T   T   10   10   80   -1.0   0.0    1.0   0.0    6.71 3521.9 0.92
 132   T   T  750  750   80   -1.0   0.0    1.0   0.0    4.69 5063.9 1.00
 132   T   T  750  750   80   -1.0   0.0    1.0   0.0    0.55 43357.7 8.56
 133   T   T  380  380   80   -1.0   0.0    1.0   0.0    4.64 5098.8 1.00
 133   T   T  380  380   80   -1.0   0.0    1.0   0.0    0.67 35416.9 6.95
 134   T   T  195  195   80   -1.0   0.0    1.0   0.0    4.61 5128.1 1.00
 134   T   T  195  195   80   -1.0   0.0    1.0   0.0    1.27 18577.2 3.62
 135   T   T  102  102   80   -1.0   0.0    1.0   0.0    4.62 5109.1 1.00
 135   T   T  102  102   80   -1.0   0.0    1.0   0.0    1.02 23161.3 4.53
 136   T   T   56   56   80   -1.0   0.0    1.0   0.0    4.73 4992.6 1.00
 136   T   T   56   56   80   -1.0   0.0    1.0   0.0    4.64 5087.2 1.02
 137   T   T   33   33   80   -1.0   0.0    1.0   0.0    4.76 4963.4 1.00
 137   T   T   33   33   80   -1.0   0.0    1.0   0.0    4.86 4861.2 0.98
 138   T   T   44   44   80   -1.0   0.0    1.0   0.0    4.82 4897.6 1.00
 138   T   T   44   44   80   -1.0   0.0    1.0   0.0    4.86 4865.3 0.99
 139   T   T   50   50   80   -1.0   0.0    1.0   0.0    4.78 4938.5 1.00
 139   T   T   50   50   80   -1.0   0.0    1.0   0.0    4.77 4955.0 1.00

TEST  TA  TB    M    N    K        alpha         beta    Time  Mflop  SpUp
====  ==  ==  ===  ===  ===  ===== =====  ===== =====  ======  =====  ====

 140   T   T   10   10   10   -1.0   0.0    1.0   0.0    9.12 2590.5 1.00
 140   T   T   10   10   10   -1.0   0.0    1.0   0.0   10.01 2359.7 0.91
 141   T   T  750  750  750   -1.0   0.0    1.0   0.0    4.78 4942.5 1.00
 141   T   T  750  750  750   -1.0   0.0    1.0   0.0    0.75 31584.2 6.39
 142   T   T  380  380  380   -1.0   0.0    1.0   0.0    4.53 5230.5 1.00
 142   T   T  380  380  380   -1.0   0.0    1.0   0.0    0.91 25992.0 4.97
 143   T   T  195  195  195   -1.0   0.0    1.0   0.0    4.78 4951.5 1.00
 143   T   T  195  195  195   -1.0   0.0    1.0   0.0    1.87 12643.3 2.55
 144   T   T  102  102  102   -1.0   0.0    1.0   0.0    4.56 5185.9 1.00
 144   T   T  102  102  102   -1.0   0.0    1.0   0.0    1.70 13898.1 2.68
 145   T   T   56   56   56   -1.0   0.0    1.0   0.0    4.82 4901.5 1.00
 145   T   T   56   56   56   -1.0   0.0    1.0   0.0    4.72 5009.6 1.02
 146   T   T   33   33   33   -1.0   0.0    1.0   0.0    4.96 4759.3 1.00
 146   T   T   33   33   33   -1.0   0.0    1.0   0.0    5.20 4546.8 0.96
 147   T   T   44   44   44   -1.0   0.0    1.0   0.0    4.89 4829.4 1.00
 147   T   T   44   44   44   -1.0   0.0    1.0   0.0    4.94 4782.4 0.99
 148   T   T   50   50   50   -1.0   0.0    1.0   0.0    4.72 5009.5 1.00
 148   T   T   50   50   50   -1.0   0.0    1.0   0.0    4.74 4980.0 0.99

TEST  TA  TB    M    N    K        alpha         beta    Time  Mflop  SpUp
====  ==  ==  ===  ===  ===  ===== =====  ===== =====  ======  =====  ====

 149   N   T   10   10   10   -1.0   0.0    1.0   0.0   10.06 2347.5 1.00
 149   N   T   10   10   10   -1.0   0.0    1.0   0.0   11.13 2123.0 0.90
 150   N   T  480  480  750   -1.0   0.0    1.0   0.0    0.68 34764.5 1.00
 150   N   T  480  480  750   -1.0   0.0    1.0   0.0    0.82 28800.0 0.83
 151   N   T  480  480 1500   -1.0   0.0    1.0   0.0    0.58 43200.0 1.00
 151   N   T  480  480 1500   -1.0   0.0    1.0   0.0    0.59 42318.4 0.98
 152   N   T  480  480 2250   -1.0   0.0    1.0   0.0    0.56 44434.3 1.00
 152   N   T  480  480 2250   -1.0   0.0    1.0   0.0    0.56 44119.1 0.99
 153   N   T  480  480 3000   -1.0   0.0    1.0   0.0    0.60 46080.0 1.00
 153   N   T  480  480 3000   -1.0   0.0    1.0   0.0    0.60 45774.8 0.99
 154   N   T  480  480 3750   -1.0   0.0    1.0   0.0    0.70 39497.1 1.00
 154   N   T  480  480 3750   -1.0   0.0    1.0   0.0    0.67 41142.9 1.04
 155   N   T  480  480 3375   -1.0   0.0    1.0   0.0    0.57 43502.1 1.00
 155   N   T  480  480 3375   -1.0   0.0    1.0   0.0    0.61 40926.3 0.94
 156   N   T  480  480 3562   -1.0   0.0    1.0   0.0    0.66 40033.4 1.00
 156   N   T  480  480 3562   -1.0   0.0    1.0   0.0    0.65 40279.0 1.01
 157   N   T  480  480 3468   -1.0   0.0    1.0   0.0    0.56 45334.9 1.00
 157   N   T  480  480 3468   -1.0   0.0    1.0   0.0    0.58 44084.3 0.97
 158   N   T  480  480 3515   -1.0   0.0    1.0   0.0    0.67 38564.6 1.00
 158   N   T  480  480 3515   -1.0   0.0    1.0   0.0    0.65 39992.9 1.04
 159   N   T  480  480 3491   -1.0   0.0    1.0   0.0    0.64 39966.5 1.00
 159   N   T  480  480 3491   -1.0   0.0    1.0   0.0    0.61 42333.0 1.06
 160   N   T  480  480 3479   -1.0   0.0    1.0   0.0    0.60 42750.0 1.00
 160   N   T  480  480 3479   -1.0   0.0    1.0   0.0    0.60 42466.8 0.99
 161   N   T  480  480 3485   -1.0   0.0    1.0   0.0    0.62 41711.4 1.00
 161   N   T  480  480 3485   -1.0   0.0    1.0   0.0    0.63 40655.4 0.97
cp -f /home/aposta/sc17/atlasBuild/include/cXover.h res/.
make[4]: Leaving directory '/home/aposta/sc17/atlasBuild/tune/blas/gemm'
make[3]: Leaving directory '/home/aposta/sc17/atlasBuild/tune/blas/gemm'
cp /home/aposta/sc17/atlasBuild/tune/blas/gemm/res/cXover.h INSTALL_LOG/.
make[2]: Leaving directory '/home/aposta/sc17/atlasBuild/bin'

*******************************************************************************
*******************************************************************************
*******************************************************************************
*      FINISHED ATLAS3.10.3 INSTALL OF SECTION 2-4-3 ON 08/11/2017 AT 03:19   *
*******************************************************************************
*******************************************************************************
*******************************************************************************



