
*******************************************************************************
*******************************************************************************
*******************************************************************************
*       BEGAN ATLAS3.10.3 INSTALL OF SECTION 4-3-1 ON 08/11/2017 AT 04:36     *
*******************************************************************************
*******************************************************************************
*******************************************************************************



make[2]: Entering directory '/home/aposta/sc17/atlasBuild/bin'
if [ -s "/home/aposta/sc17/atlasBuild/include/atlas_dGetNB_geqrf.h" ]; then \
           echo "Arch Defaults allow us to skip tuning" ; \
        else \
    cd /home/aposta/sc17/atlasBuild/tune/lapack ; make res/ATL_dGetNB_geqrf.h ; \
    cp /home/aposta/sc17/atlasBuild/tune/lapack/res/ATL_dGetNB_geqrf.h \
               /home/aposta/sc17/atlasBuild/include/atlas_dGetNB_geqrf.h ; \
        fi
make[3]: Entering directory '/home/aposta/sc17/atlasBuild/tune/lapack'
/usr/bin/c99-gcc -o dlanbsrch.o -c -DL2SIZE=33554432 -I/home/aposta/sc17/atlasBuild/include -I/home/aposta/sc17/ATLAS//include -I/home/aposta/sc17/ATLAS//include/contrib -DAdd_ -DF77_INTEGER=int -DStringSunStyle -DATL_OS_Linux -DATL_ARCH_Corei1 -DATL_CPUMHZ=2592 -DATL_AVXMAC -DATL_AVX -DATL_SSE3 -DATL_SSE2 -DATL_SSE1 -DATL_USE64BITS -DATL_GAS_x8664 -m64  -DATL_NCPU=2 -fomit-frame-pointer -mfpmath=sse -O2 -fno-schedule-insns2 -mavx2 -mfma -m64 -DATLCINT  -DDREAL /home/aposta/sc17/ATLAS//tune/lapack/lanbsrch.c
cd /home/aposta/sc17/atlasBuild/bin ; make dlapack
make[4]: Entering directory '/home/aposta/sc17/atlasBuild/bin'
cd /home/aposta/sc17/atlasBuild/src/lapack ; make dlib
make[5]: Entering directory '/home/aposta/sc17/atlasBuild/src/lapack'
make -j 2 dlib.grd
make[6]: Entering directory '/home/aposta/sc17/atlasBuild/src/lapack'
make[6]: 'dlib.grd' is up to date.
make[6]: Leaving directory '/home/aposta/sc17/atlasBuild/src/lapack'
make[5]: Leaving directory '/home/aposta/sc17/atlasBuild/src/lapack'
make[4]: Leaving directory '/home/aposta/sc17/atlasBuild/bin'
cd /home/aposta/sc17/atlasBuild/bin ; make dtstlib
make[4]: Entering directory '/home/aposta/sc17/atlasBuild/bin'
cd /home/aposta/sc17/atlasBuild/src/testing ; make dlib
make[5]: Entering directory '/home/aposta/sc17/atlasBuild/src/testing'
make -j 2 dlib.grd
make[6]: Entering directory '/home/aposta/sc17/atlasBuild/src/testing'
make[6]: 'dlib.grd' is up to date.
make[6]: Leaving directory '/home/aposta/sc17/atlasBuild/src/testing'
make[5]: Leaving directory '/home/aposta/sc17/atlasBuild/src/testing'
make[4]: Leaving directory '/home/aposta/sc17/atlasBuild/bin'
cd /home/aposta/sc17/atlasBuild/bin ; make dl3lib
make[4]: Entering directory '/home/aposta/sc17/atlasBuild/bin'
cd /home/aposta/sc17/atlasBuild/src/auxil ; make lib
make[5]: Entering directory '/home/aposta/sc17/atlasBuild/src/auxil'
make[5]: Nothing to be done for 'lib'.
make[5]: Leaving directory '/home/aposta/sc17/atlasBuild/src/auxil'
cd /home/aposta/sc17/atlasBuild/src/blas/gemm ; make dlib
make[5]: Entering directory '/home/aposta/sc17/atlasBuild/src/blas/gemm'
make auxillib dcleanuplib dusergemm
make[6]: Entering directory '/home/aposta/sc17/atlasBuild/src/blas/gemm'
cd /home/aposta/sc17/atlasBuild/src/auxil ; make lib
make[7]: Entering directory '/home/aposta/sc17/atlasBuild/src/auxil'
make[7]: Nothing to be done for 'lib'.
make[7]: Leaving directory '/home/aposta/sc17/atlasBuild/src/auxil'
cd KERNEL ; make -f dMakefile dlib
make[7]: Entering directory '/home/aposta/sc17/atlasBuild/src/blas/gemm/KERNEL'
make[7]: Nothing to be done for 'dlib'.
make[7]: Leaving directory '/home/aposta/sc17/atlasBuild/src/blas/gemm/KERNEL'
make[6]: Nothing to be done for 'dusergemm'.
make[6]: Leaving directory '/home/aposta/sc17/atlasBuild/src/blas/gemm'
make -j 2 dlib.grd
make[6]: Entering directory '/home/aposta/sc17/atlasBuild/src/blas/gemm'
make[6]: 'dlib.grd' is up to date.
make[6]: Leaving directory '/home/aposta/sc17/atlasBuild/src/blas/gemm'
make[5]: Leaving directory '/home/aposta/sc17/atlasBuild/src/blas/gemm'
cd /home/aposta/sc17/atlasBuild/src/blas/level3 ; make dlib
make[5]: Entering directory '/home/aposta/sc17/atlasBuild/src/blas/level3'
( cd kernel; make dlib )
make[6]: Entering directory '/home/aposta/sc17/atlasBuild/src/blas/level3/kernel'
make -j 2 dlib.grd
make[7]: Entering directory '/home/aposta/sc17/atlasBuild/src/blas/level3/kernel'
make[7]: 'dlib.grd' is up to date.
make[7]: Leaving directory '/home/aposta/sc17/atlasBuild/src/blas/level3/kernel'
make dl3ref
make[7]: Entering directory '/home/aposta/sc17/atlasBuild/src/blas/level3/kernel'
cd /home/aposta/sc17/atlasBuild/src/blas/reference/level3 ; make dlib
make[8]: Entering directory '/home/aposta/sc17/atlasBuild/src/blas/reference/level3'
make[8]: Nothing to be done for 'dlib'.
make[8]: Leaving directory '/home/aposta/sc17/atlasBuild/src/blas/reference/level3'
make[7]: Leaving directory '/home/aposta/sc17/atlasBuild/src/blas/level3/kernel'
make[6]: Leaving directory '/home/aposta/sc17/atlasBuild/src/blas/level3/kernel'
( cd rblas;  make dlib )
make[6]: Entering directory '/home/aposta/sc17/atlasBuild/src/blas/level3/rblas'
make[6]: Nothing to be done for 'dlib'.
make[6]: Leaving directory '/home/aposta/sc17/atlasBuild/src/blas/level3/rblas'
cd ../pklevel3 ; make dlib
make[6]: Entering directory '/home/aposta/sc17/atlasBuild/src/blas/pklevel3'
cd gpmm ; make dlib
make[7]: Entering directory '/home/aposta/sc17/atlasBuild/src/blas/pklevel3/gpmm'
make -j 2 dlib.grd
make[8]: Entering directory '/home/aposta/sc17/atlasBuild/src/blas/pklevel3/gpmm'
make[8]: 'dlib.grd' is up to date.
make[8]: Leaving directory '/home/aposta/sc17/atlasBuild/src/blas/pklevel3/gpmm'
make[7]: Leaving directory '/home/aposta/sc17/atlasBuild/src/blas/pklevel3/gpmm'
cd sprk ; make dlib
make[7]: Entering directory '/home/aposta/sc17/atlasBuild/src/blas/pklevel3/sprk'
make -j 2 dlib.grd
make[8]: Entering directory '/home/aposta/sc17/atlasBuild/src/blas/pklevel3/sprk'
make[8]: 'dlib.grd' is up to date.
make[8]: Leaving directory '/home/aposta/sc17/atlasBuild/src/blas/pklevel3/sprk'
make[7]: Leaving directory '/home/aposta/sc17/atlasBuild/src/blas/pklevel3/sprk'
make[6]: Leaving directory '/home/aposta/sc17/atlasBuild/src/blas/pklevel3'
make -j 2 dblas3.grd
make[6]: Entering directory '/home/aposta/sc17/atlasBuild/src/blas/level3'
make[6]: 'dblas3.grd' is up to date.
make[6]: Leaving directory '/home/aposta/sc17/atlasBuild/src/blas/level3'
make[5]: Leaving directory '/home/aposta/sc17/atlasBuild/src/blas/level3'
make[4]: Leaving directory '/home/aposta/sc17/atlasBuild/bin'
cd /home/aposta/sc17/atlasBuild/bin ; make dl2lib
make[4]: Entering directory '/home/aposta/sc17/atlasBuild/bin'
cd /home/aposta/sc17/atlasBuild/src/auxil ; make lib
make[5]: Entering directory '/home/aposta/sc17/atlasBuild/src/auxil'
make[5]: Nothing to be done for 'lib'.
make[5]: Leaving directory '/home/aposta/sc17/atlasBuild/src/auxil'
cd /home/aposta/sc17/atlasBuild/src/blas/level1 ; make dlvl1
make[5]: Entering directory '/home/aposta/sc17/atlasBuild/src/blas/level1'
make dgen
make[6]: Entering directory '/home/aposta/sc17/atlasBuild/src/blas/level1'
make Make_drot
make[7]: Entering directory '/home/aposta/sc17/atlasBuild/src/blas/level1'
make[7]: 'Make_drot' is up to date.
make[7]: Leaving directory '/home/aposta/sc17/atlasBuild/src/blas/level1'
make -f Make_drot lib
make[7]: Entering directory '/home/aposta/sc17/atlasBuild/src/blas/level1'
make[7]: Nothing to be done for 'lib'.
make[7]: Leaving directory '/home/aposta/sc17/atlasBuild/src/blas/level1'
make Make_daxpby
make[7]: Entering directory '/home/aposta/sc17/atlasBuild/src/blas/level1'
make[7]: 'Make_daxpby' is up to date.
make[7]: Leaving directory '/home/aposta/sc17/atlasBuild/src/blas/level1'
make -f Make_daxpby lib
make[7]: Entering directory '/home/aposta/sc17/atlasBuild/src/blas/level1'
make[7]: Nothing to be done for 'lib'.
make[7]: Leaving directory '/home/aposta/sc17/atlasBuild/src/blas/level1'
make Make_dcpsc
make[7]: Entering directory '/home/aposta/sc17/atlasBuild/src/blas/level1'
make[7]: 'Make_dcpsc' is up to date.
make[7]: Leaving directory '/home/aposta/sc17/atlasBuild/src/blas/level1'
make -f Make_dcpsc lib
make[7]: Entering directory '/home/aposta/sc17/atlasBuild/src/blas/level1'
make[7]: Nothing to be done for 'lib'.
make[7]: Leaving directory '/home/aposta/sc17/atlasBuild/src/blas/level1'
make Make_dset
make[7]: Entering directory '/home/aposta/sc17/atlasBuild/src/blas/level1'
make[7]: 'Make_dset' is up to date.
make[7]: Leaving directory '/home/aposta/sc17/atlasBuild/src/blas/level1'
make -f Make_dset lib
make[7]: Entering directory '/home/aposta/sc17/atlasBuild/src/blas/level1'
make[7]: Nothing to be done for 'lib'.
make[7]: Leaving directory '/home/aposta/sc17/atlasBuild/src/blas/level1'
make Make_dnrm2
make[7]: Entering directory '/home/aposta/sc17/atlasBuild/src/blas/level1'
make[7]: 'Make_dnrm2' is up to date.
make[7]: Leaving directory '/home/aposta/sc17/atlasBuild/src/blas/level1'
make -f Make_dnrm2 lib
make[7]: Entering directory '/home/aposta/sc17/atlasBuild/src/blas/level1'
make[7]: Nothing to be done for 'lib'.
make[7]: Leaving directory '/home/aposta/sc17/atlasBuild/src/blas/level1'
make Make_dasum
make[7]: Entering directory '/home/aposta/sc17/atlasBuild/src/blas/level1'
make[7]: 'Make_dasum' is up to date.
make[7]: Leaving directory '/home/aposta/sc17/atlasBuild/src/blas/level1'
make -f Make_dasum lib
make[7]: Entering directory '/home/aposta/sc17/atlasBuild/src/blas/level1'
make[7]: Nothing to be done for 'lib'.
make[7]: Leaving directory '/home/aposta/sc17/atlasBuild/src/blas/level1'
make Make_ddot
make[7]: Entering directory '/home/aposta/sc17/atlasBuild/src/blas/level1'
make[7]: 'Make_ddot' is up to date.
make[7]: Leaving directory '/home/aposta/sc17/atlasBuild/src/blas/level1'
make -f Make_ddot lib
make[7]: Entering directory '/home/aposta/sc17/atlasBuild/src/blas/level1'
make[7]: Nothing to be done for 'lib'.
make[7]: Leaving directory '/home/aposta/sc17/atlasBuild/src/blas/level1'
make Make_dswap
make[7]: Entering directory '/home/aposta/sc17/atlasBuild/src/blas/level1'
make[7]: 'Make_dswap' is up to date.
make[7]: Leaving directory '/home/aposta/sc17/atlasBuild/src/blas/level1'
make -f Make_dswap lib
make[7]: Entering directory '/home/aposta/sc17/atlasBuild/src/blas/level1'
make[7]: Nothing to be done for 'lib'.
make[7]: Leaving directory '/home/aposta/sc17/atlasBuild/src/blas/level1'
make Make_dscal
make[7]: Entering directory '/home/aposta/sc17/atlasBuild/src/blas/level1'
make[7]: 'Make_dscal' is up to date.
make[7]: Leaving directory '/home/aposta/sc17/atlasBuild/src/blas/level1'
make -f Make_dscal lib
make[7]: Entering directory '/home/aposta/sc17/atlasBuild/src/blas/level1'
make[7]: Nothing to be done for 'lib'.
make[7]: Leaving directory '/home/aposta/sc17/atlasBuild/src/blas/level1'
make Make_dcopy
make[7]: Entering directory '/home/aposta/sc17/atlasBuild/src/blas/level1'
make[7]: 'Make_dcopy' is up to date.
make[7]: Leaving directory '/home/aposta/sc17/atlasBuild/src/blas/level1'
make -f Make_dcopy lib
make[7]: Entering directory '/home/aposta/sc17/atlasBuild/src/blas/level1'
make[7]: Nothing to be done for 'lib'.
make[7]: Leaving directory '/home/aposta/sc17/atlasBuild/src/blas/level1'
make Make_daxpy
make[7]: Entering directory '/home/aposta/sc17/atlasBuild/src/blas/level1'
make[7]: 'Make_daxpy' is up to date.
make[7]: Leaving directory '/home/aposta/sc17/atlasBuild/src/blas/level1'
make -f Make_daxpy lib
make[7]: Entering directory '/home/aposta/sc17/atlasBuild/src/blas/level1'
make[7]: Nothing to be done for 'lib'.
make[7]: Leaving directory '/home/aposta/sc17/atlasBuild/src/blas/level1'
make Make_diamax
make[7]: Entering directory '/home/aposta/sc17/atlasBuild/src/blas/level1'
make[7]: 'Make_diamax' is up to date.
make[7]: Leaving directory '/home/aposta/sc17/atlasBuild/src/blas/level1'
make -f Make_diamax lib
make[7]: Entering directory '/home/aposta/sc17/atlasBuild/src/blas/level1'
make[7]: Nothing to be done for 'lib'.
make[7]: Leaving directory '/home/aposta/sc17/atlasBuild/src/blas/level1'
make[6]: Leaving directory '/home/aposta/sc17/atlasBuild/src/blas/level1'
make -j 2 dlib.grd
make[6]: Entering directory '/home/aposta/sc17/atlasBuild/src/blas/level1'
make[6]: 'dlib.grd' is up to date.
make[6]: Leaving directory '/home/aposta/sc17/atlasBuild/src/blas/level1'
make[5]: Leaving directory '/home/aposta/sc17/atlasBuild/src/blas/level1'
cd /home/aposta/sc17/atlasBuild/src/blas/gemv ; make dlib
make[5]: Entering directory '/home/aposta/sc17/atlasBuild/src/blas/gemv'
make -j 2 -f Make_dmvt dlib
make[6]: Entering directory '/home/aposta/sc17/atlasBuild/src/blas/gemv'
make[6]: Nothing to be done for 'dlib'.
make[6]: Leaving directory '/home/aposta/sc17/atlasBuild/src/blas/gemv'
make -j 2 -f Make_dmvn dlib
make[6]: Entering directory '/home/aposta/sc17/atlasBuild/src/blas/gemv'
make[6]: Nothing to be done for 'dlib'.
make[6]: Leaving directory '/home/aposta/sc17/atlasBuild/src/blas/gemv'
make -j 2 dlib.grd
make[6]: Entering directory '/home/aposta/sc17/atlasBuild/src/blas/gemv'
make[6]: 'dlib.grd' is up to date.
make[6]: Leaving directory '/home/aposta/sc17/atlasBuild/src/blas/gemv'
make[5]: Leaving directory '/home/aposta/sc17/atlasBuild/src/blas/gemv'
cd /home/aposta/sc17/atlasBuild/src/blas/ger ; make dlib
make[5]: Entering directory '/home/aposta/sc17/atlasBuild/src/blas/ger'
make -j 2 dlib.grd
make[6]: Entering directory '/home/aposta/sc17/atlasBuild/src/blas/ger'
make[6]: 'dlib.grd' is up to date.
make[6]: Leaving directory '/home/aposta/sc17/atlasBuild/src/blas/ger'
make -j 2 -f Make_dr1 lib
make[6]: Entering directory '/home/aposta/sc17/atlasBuild/src/blas/ger'
make[6]: Nothing to be done for 'lib'.
make[6]: Leaving directory '/home/aposta/sc17/atlasBuild/src/blas/ger'
make -j 2 -f Make_dr2 lib
make[6]: Entering directory '/home/aposta/sc17/atlasBuild/src/blas/ger'
make[6]: Nothing to be done for 'lib'.
make[6]: Leaving directory '/home/aposta/sc17/atlasBuild/src/blas/ger'
make[5]: Leaving directory '/home/aposta/sc17/atlasBuild/src/blas/ger'
cd /home/aposta/sc17/atlasBuild/src/blas/level2 ; make dlib
make[5]: Entering directory '/home/aposta/sc17/atlasBuild/src/blas/level2'
make[5]: Nothing to be done for 'dlib'.
make[5]: Leaving directory '/home/aposta/sc17/atlasBuild/src/blas/level2'
make[4]: Leaving directory '/home/aposta/sc17/atlasBuild/bin'
cd /home/aposta/sc17/atlasBuild/bin ; make dl1lib
make[4]: Entering directory '/home/aposta/sc17/atlasBuild/bin'
cd /home/aposta/sc17/atlasBuild/src/auxil ; make lib
make[5]: Entering directory '/home/aposta/sc17/atlasBuild/src/auxil'
make[5]: Nothing to be done for 'lib'.
make[5]: Leaving directory '/home/aposta/sc17/atlasBuild/src/auxil'
cd /home/aposta/sc17/atlasBuild/src/blas/level1 ; make dlvl1
make[5]: Entering directory '/home/aposta/sc17/atlasBuild/src/blas/level1'
make dgen
make[6]: Entering directory '/home/aposta/sc17/atlasBuild/src/blas/level1'
make Make_drot
make[7]: Entering directory '/home/aposta/sc17/atlasBuild/src/blas/level1'
make[7]: 'Make_drot' is up to date.
make[7]: Leaving directory '/home/aposta/sc17/atlasBuild/src/blas/level1'
make -f Make_drot lib
make[7]: Entering directory '/home/aposta/sc17/atlasBuild/src/blas/level1'
make[7]: Nothing to be done for 'lib'.
make[7]: Leaving directory '/home/aposta/sc17/atlasBuild/src/blas/level1'
make Make_daxpby
make[7]: Entering directory '/home/aposta/sc17/atlasBuild/src/blas/level1'
make[7]: 'Make_daxpby' is up to date.
make[7]: Leaving directory '/home/aposta/sc17/atlasBuild/src/blas/level1'
make -f Make_daxpby lib
make[7]: Entering directory '/home/aposta/sc17/atlasBuild/src/blas/level1'
make[7]: Nothing to be done for 'lib'.
make[7]: Leaving directory '/home/aposta/sc17/atlasBuild/src/blas/level1'
make Make_dcpsc
make[7]: Entering directory '/home/aposta/sc17/atlasBuild/src/blas/level1'
make[7]: 'Make_dcpsc' is up to date.
make[7]: Leaving directory '/home/aposta/sc17/atlasBuild/src/blas/level1'
make -f Make_dcpsc lib
make[7]: Entering directory '/home/aposta/sc17/atlasBuild/src/blas/level1'
make[7]: Nothing to be done for 'lib'.
make[7]: Leaving directory '/home/aposta/sc17/atlasBuild/src/blas/level1'
make Make_dset
make[7]: Entering directory '/home/aposta/sc17/atlasBuild/src/blas/level1'
make[7]: 'Make_dset' is up to date.
make[7]: Leaving directory '/home/aposta/sc17/atlasBuild/src/blas/level1'
make -f Make_dset lib
make[7]: Entering directory '/home/aposta/sc17/atlasBuild/src/blas/level1'
make[7]: Nothing to be done for 'lib'.
make[7]: Leaving directory '/home/aposta/sc17/atlasBuild/src/blas/level1'
make Make_dnrm2
make[7]: Entering directory '/home/aposta/sc17/atlasBuild/src/blas/level1'
make[7]: 'Make_dnrm2' is up to date.
make[7]: Leaving directory '/home/aposta/sc17/atlasBuild/src/blas/level1'
make -f Make_dnrm2 lib
make[7]: Entering directory '/home/aposta/sc17/atlasBuild/src/blas/level1'
make[7]: Nothing to be done for 'lib'.
make[7]: Leaving directory '/home/aposta/sc17/atlasBuild/src/blas/level1'
make Make_dasum
make[7]: Entering directory '/home/aposta/sc17/atlasBuild/src/blas/level1'
make[7]: 'Make_dasum' is up to date.
make[7]: Leaving directory '/home/aposta/sc17/atlasBuild/src/blas/level1'
make -f Make_dasum lib
make[7]: Entering directory '/home/aposta/sc17/atlasBuild/src/blas/level1'
make[7]: Nothing to be done for 'lib'.
make[7]: Leaving directory '/home/aposta/sc17/atlasBuild/src/blas/level1'
make Make_ddot
make[7]: Entering directory '/home/aposta/sc17/atlasBuild/src/blas/level1'
make[7]: 'Make_ddot' is up to date.
make[7]: Leaving directory '/home/aposta/sc17/atlasBuild/src/blas/level1'
make -f Make_ddot lib
make[7]: Entering directory '/home/aposta/sc17/atlasBuild/src/blas/level1'
make[7]: Nothing to be done for 'lib'.
make[7]: Leaving directory '/home/aposta/sc17/atlasBuild/src/blas/level1'
make Make_dswap
make[7]: Entering directory '/home/aposta/sc17/atlasBuild/src/blas/level1'
make[7]: 'Make_dswap' is up to date.
make[7]: Leaving directory '/home/aposta/sc17/atlasBuild/src/blas/level1'
make -f Make_dswap lib
make[7]: Entering directory '/home/aposta/sc17/atlasBuild/src/blas/level1'
make[7]: Nothing to be done for 'lib'.
make[7]: Leaving directory '/home/aposta/sc17/atlasBuild/src/blas/level1'
make Make_dscal
make[7]: Entering directory '/home/aposta/sc17/atlasBuild/src/blas/level1'
make[7]: 'Make_dscal' is up to date.
make[7]: Leaving directory '/home/aposta/sc17/atlasBuild/src/blas/level1'
make -f Make_dscal lib
make[7]: Entering directory '/home/aposta/sc17/atlasBuild/src/blas/level1'
make[7]: Nothing to be done for 'lib'.
make[7]: Leaving directory '/home/aposta/sc17/atlasBuild/src/blas/level1'
make Make_dcopy
make[7]: Entering directory '/home/aposta/sc17/atlasBuild/src/blas/level1'
make[7]: 'Make_dcopy' is up to date.
make[7]: Leaving directory '/home/aposta/sc17/atlasBuild/src/blas/level1'
make -f Make_dcopy lib
make[7]: Entering directory '/home/aposta/sc17/atlasBuild/src/blas/level1'
make[7]: Nothing to be done for 'lib'.
make[7]: Leaving directory '/home/aposta/sc17/atlasBuild/src/blas/level1'
make Make_daxpy
make[7]: Entering directory '/home/aposta/sc17/atlasBuild/src/blas/level1'
make[7]: 'Make_daxpy' is up to date.
make[7]: Leaving directory '/home/aposta/sc17/atlasBuild/src/blas/level1'
make -f Make_daxpy lib
make[7]: Entering directory '/home/aposta/sc17/atlasBuild/src/blas/level1'
make[7]: Nothing to be done for 'lib'.
make[7]: Leaving directory '/home/aposta/sc17/atlasBuild/src/blas/level1'
make Make_diamax
make[7]: Entering directory '/home/aposta/sc17/atlasBuild/src/blas/level1'
make[7]: 'Make_diamax' is up to date.
make[7]: Leaving directory '/home/aposta/sc17/atlasBuild/src/blas/level1'
make -f Make_diamax lib
make[7]: Entering directory '/home/aposta/sc17/atlasBuild/src/blas/level1'
make[7]: Nothing to be done for 'lib'.
make[7]: Leaving directory '/home/aposta/sc17/atlasBuild/src/blas/level1'
make[6]: Leaving directory '/home/aposta/sc17/atlasBuild/src/blas/level1'
make -j 2 dlib.grd
make[6]: Entering directory '/home/aposta/sc17/atlasBuild/src/blas/level1'
make[6]: 'dlib.grd' is up to date.
make[6]: Leaving directory '/home/aposta/sc17/atlasBuild/src/blas/level1'
make[5]: Leaving directory '/home/aposta/sc17/atlasBuild/src/blas/level1'
make[4]: Leaving directory '/home/aposta/sc17/atlasBuild/bin'
cd /home/aposta/sc17/atlasBuild/bin ; make dcblas
make[4]: Entering directory '/home/aposta/sc17/atlasBuild/bin'
cd /home/aposta/sc17/atlasBuild/interfaces/blas/C/src ; make dlib
make[5]: Entering directory '/home/aposta/sc17/atlasBuild/interfaces/blas/C/src'
make -j 2 dlvl3.grd
make[6]: Entering directory '/home/aposta/sc17/atlasBuild/interfaces/blas/C/src'
make[6]: 'dlvl3.grd' is up to date.
make[6]: Leaving directory '/home/aposta/sc17/atlasBuild/interfaces/blas/C/src'
make -j 2 dlvl2.grd
make[6]: Entering directory '/home/aposta/sc17/atlasBuild/interfaces/blas/C/src'
make[6]: 'dlvl2.grd' is up to date.
make[6]: Leaving directory '/home/aposta/sc17/atlasBuild/interfaces/blas/C/src'
make -j 2 dlvl1.grd
make[6]: Entering directory '/home/aposta/sc17/atlasBuild/interfaces/blas/C/src'
make[6]: 'dlvl1.grd' is up to date.
make[6]: Leaving directory '/home/aposta/sc17/atlasBuild/interfaces/blas/C/src'
make[5]: Leaving directory '/home/aposta/sc17/atlasBuild/interfaces/blas/C/src'
make[4]: Leaving directory '/home/aposta/sc17/atlasBuild/bin'
/usr/bin/x86_64-linux-gnu-gfortran -O -mavx2 -mfma -m64 -o xdlanbsrch dlanbsrch.o \
                   /home/aposta/sc17/atlasBuild/lib/libtstatlas.a /home/aposta/sc17/atlasBuild/lib/liblapack.a /home/aposta/sc17/atlasBuild/lib/libcblas.a /home/aposta/sc17/atlasBuild/lib/libf77blas.a \
                   /home/aposta/sc17/atlasBuild/lib/libatlas.a -lpthread -lm
./xdlanbsrch -oc res/ATL_dGetNB_geqrf
maxN = 3920
   FINDING NB FOR M=25, N=25, LDA=25:
      nb=12: inf inf inf --> inf MFLOP.

      NB refinement search:
      *** i=1, nbB=12, NB=56, mul1=4, mul2=0 ***
      nb=1: inf inf inf  --> inf MFLOP.
      nb=2: inf inf inf  --> inf MFLOP.
      nb=3: inf inf inf  --> inf MFLOP.
      nb=4: inf inf inf  --> inf MFLOP.
      nb=5: inf inf inf  --> inf MFLOP.
      nb=6: inf inf inf  --> inf MFLOP.
      nb=7: inf inf inf  --> inf MFLOP.
      nb=8: inf inf inf  --> inf MFLOP.
      nb=9: inf inf inf  --> inf MFLOP.
      nb=10: inf inf inf  --> inf MFLOP.
      nb=11: inf inf inf  --> inf MFLOP.
      nb=1: inf inf inf  --> inf MFLOP.
      nb=12: inf inf inf  --> inf MFLOP.
   FOR M=25, N=25, LDA=25, BEST NB=12

   FINDING NB FOR M=3920, N=3920, LDA=3920:
      nb=56: 19986.52 19966.65 --> 19986.52 MFLOP.
      nb=112: 21904.53 22170.48 --> 22170.48 MFLOP.
      nb=168: 22518.44 22367.99 --> 22518.44 MFLOP.
      nb=224: 22219.53 22048.79 --> 22219.53 MFLOP.
      nb=280: 21976.42 21785.74 --> 21976.42 MFLOP.
      nb=336: 21904.53 21833.10 --> 21904.53 MFLOP.
      nb=392: 21738.58 21528.89 --> 21738.58 MFLOP.
      nb=448: 21391.32 21436.98 --> 21436.98 MFLOP.

      NB refinement search:
      *** i=128, nbB=168, NB=56, mul1=16, mul2=0 ***
      nb=128: 21300.58 21505.84  --> 21505.84 MFLOP.
      nb=144: 20879.89 21054.98  --> 21054.98 MFLOP.
      nb=160: 20106.56 20066.39  --> 20106.56 MFLOP.
      nb=176: 21668.23 21278.02  --> 21668.23 MFLOP.
      nb=192: 21165.91 21210.61  --> 21210.61 MFLOP.
      nb=208: 20351.01 20289.34  --> 20351.01 MFLOP.
      nb=12: 9656.95  --> 9656.95 MFLOP.
      nb=560: 20836.57 21010.93  --> 21010.93 MFLOP.
   FOR M=3920, N=3920, LDA=3920, BEST NB=168

   FINDING NB FOR M=1960, N=1960, LDA=1960:
      nb=56: 19173.81 20094.15 19934.67 --> 20094.15 MFLOP.
      nb=112: 20420.89 19777.71 20256.20 --> 20420.89 MFLOP.
      nb=168: 20420.89 19934.67 19934.67 --> 20420.89 MFLOP.

      NB refinement search:
      *** i=64, nbB=112, NB=56, mul1=8, mul2=0 ***
      nb=64: 18201.22 18744.54 19028.55  --> 19028.55 MFLOP.
      nb=72: 18468.89 18605.70 18744.54  --> 18744.54 MFLOP.
      nb=80: 17813.96 17203.90 17941.21  --> 17941.21 MFLOP.
      nb=88: 17564.82 17688.51 16634.23  --> 17688.51 MFLOP.
      nb=96: 16204.96 16416.79 15897.27  --> 16416.79 MFLOP.
      nb=104: 15897.27 16101.08 16204.96  --> 16204.96 MFLOP.
      nb=120: 19777.71 19471.08 19321.30  --> 19777.71 MFLOP.
      nb=128: 18605.70 18885.48 18605.70  --> 18885.48 MFLOP.
      nb=136: 18885.48 18201.22 18070.28  --> 18885.48 MFLOP.
      nb=144: 17941.21 16971.41 16971.41  --> 17941.21 MFLOP.
      nb=152: 17688.51 17086.86 16857.51  --> 17688.51 MFLOP.
      nb=160: 17442.84 17322.54 17203.90  --> 17442.84 MFLOP.
      nb=12: 10128.10 10336.50 10294.13  --> 10336.50 MFLOP.
   FOR M=1960, N=1960, LDA=1960, BEST NB=112

   M=1960, N=1960, lda=1960, NB=112
   FINDING NB FOR M=952, N=952, LDA=952:
      nb=56: 16944.41 18003.44 18003.44 --> 18003.44 MFLOP.
      nb=112: 16944.41 15160.79 16944.41 --> 16944.41 MFLOP.

      NB refinement search:
      *** i=4, nbB=56, NB=56, mul1=4, mul2=0 ***
      nb=4: 5878.67 4966.47 6001.15  --> 6001.15 MFLOP.
      nb=8: 8728.94 9001.72 9001.72  --> 9001.72 MFLOP.
      nb=12: 10287.68 9932.93 9001.72  --> 10287.68 MFLOP.
      nb=16: 11079.04 11079.04 11522.20  --> 11522.20 MFLOP.
      nb=20: 10668.70 11079.04 10668.70  --> 11079.04 MFLOP.
      nb=24: 12002.29 12002.29 11522.20  --> 12002.29 MFLOP.
      nb=28: 12002.29 12524.13 12002.29  --> 12524.13 MFLOP.
      nb=32: 12524.13 12524.13 12524.13  --> 12524.13 MFLOP.
      nb=36: 11522.20 11522.20 10668.70  --> 11522.20 MFLOP.
      nb=40: 10287.68 10668.70 11079.04  --> 11079.04 MFLOP.
      nb=44: 11079.04 11079.04 11079.04  --> 11079.04 MFLOP.
      nb=48: 11079.04 10668.70 11079.04  --> 11079.04 MFLOP.
      nb=52: 11079.04 11079.04 11079.04  --> 11079.04 MFLOP.
      nb=60: 15160.79 15160.79 15160.79  --> 15160.79 MFLOP.
      nb=64: 15160.79 15160.79 15160.79  --> 15160.79 MFLOP.
      nb=68: 15160.79 15160.79 14402.75  --> 15160.79 MFLOP.
      nb=72: 13716.90 13093.41 13093.41  --> 13716.90 MFLOP.
      nb=76: 13716.90 12524.13 12524.13  --> 13716.90 MFLOP.
      nb=80: 14402.75 14402.75 14402.75  --> 14402.75 MFLOP.
      nb=84: 14402.75 13716.90 13716.90  --> 14402.75 MFLOP.
      nb=88: 13716.90 13093.41 13093.41  --> 13716.90 MFLOP.
      nb=92: 12524.13 12002.29 13093.41  --> 13093.41 MFLOP.
      nb=96: 12524.13 12524.13 13093.41  --> 13093.41 MFLOP.
      nb=100: 11522.20 12002.29 11522.20  --> 12002.29 MFLOP.
      nb=104: 12524.13 10668.70 12002.29  --> 12524.13 MFLOP.
      nb=108: 13716.90 13716.90 13093.41  --> 13716.90 MFLOP.
   FOR M=952, N=952, LDA=952, BEST NB=56

   M=952, N=952, lda=952, NB=56
   FINDING NB FOR M=448, N=448, LDA=448:
      nb=56: 15036.39 15036.39 10024.26 --> 15036.39 MFLOP.

      NB refinement search:
      *** i=4, nbB=56, NB=56, mul1=4, mul2=0 ***
      nb=4: 6014.56 4296.11 7518.20  --> 7518.20 MFLOP.
      nb=8: 10024.26 6014.56 7518.20  --> 10024.26 MFLOP.
      nb=12: 10024.26 10024.26 7518.20  --> 10024.26 MFLOP.
      nb=16: 10024.26 10024.26 10024.26  --> 10024.26 MFLOP.
      nb=20: 7518.20 7518.20 7518.20  --> 7518.20 MFLOP.
      nb=24: 7518.20 7518.20 10024.26  --> 10024.26 MFLOP.
      nb=28: 10024.26 10024.26 10024.26  --> 10024.26 MFLOP.
      nb=32: 10024.26 10024.26 10024.26  --> 10024.26 MFLOP.
      nb=36: 10024.26 7518.20 7518.20  --> 10024.26 MFLOP.
      nb=40: 7518.20 7518.20 6014.56  --> 7518.20 MFLOP.
      nb=44: 7518.20 7518.20 7518.20  --> 7518.20 MFLOP.
      nb=48: 7518.20 7518.20 7518.20  --> 7518.20 MFLOP.
      nb=52: 7518.20 7518.20 7518.20  --> 7518.20 MFLOP.
      nb=60: 10024.26 10024.26 10024.26  --> 10024.26 MFLOP.
      nb=64: 15036.39 10024.26 15036.39  --> 15036.39 MFLOP.
      nb=68: 10024.26 10024.26 10024.26  --> 10024.26 MFLOP.
      nb=72: 10024.26 10024.26 10024.26  --> 10024.26 MFLOP.
      nb=76: 10024.26 10024.26 10024.26  --> 10024.26 MFLOP.
      nb=80: 10024.26 10024.26 10024.26  --> 10024.26 MFLOP.
      nb=84: 10024.26 10024.26 10024.26  --> 10024.26 MFLOP.
      nb=88: 7518.20 10024.26 7518.20  --> 10024.26 MFLOP.
      nb=92: 7518.20 10024.26 7518.20  --> 10024.26 MFLOP.
      nb=96: 7518.20 7518.20 7518.20  --> 7518.20 MFLOP.
      nb=100: 7518.20 7518.20 6014.56  --> 7518.20 MFLOP.
      nb=104: 10024.26 7518.20 10024.26  --> 10024.26 MFLOP.
      nb=108: 7518.20 7518.20 6014.56  --> 7518.20 MFLOP.
      nb=56: 15036.39 10024.26 10024.26  --> 15036.39 MFLOP.
   FOR M=448, N=448, LDA=448, BEST NB=56

   M=448, N=448, lda=448, NB=56
   FINDING NB FOR M=224, N=224, LDA=224:
      nb=56: 3771.88 3771.88 3771.88 --> 3771.88 MFLOP.

      NB refinement search:
      *** i=4, nbB=56, NB=56, mul1=4, mul2=0 ***
      nb=4: 3771.88 3771.88 3771.88  --> 3771.88 MFLOP.
      nb=8: 3771.88 3771.88 3771.88  --> 3771.88 MFLOP.
      nb=12: inf inf inf  --> inf MFLOP.
      nb=16: inf inf inf  --> inf MFLOP.
      nb=20: inf inf 3771.88  --> 3771.88 MFLOP.
      nb=24: 3771.88 3771.88 3771.88  --> 3771.88 MFLOP.
      nb=28: 3771.88 inf 3771.88  --> 3771.88 MFLOP.
      nb=32: 3771.88 3771.88 3771.88  --> 3771.88 MFLOP.
      nb=36: inf inf 3771.88  --> 3771.88 MFLOP.
      nb=40: 3771.88 3771.88 3771.88  --> 3771.88 MFLOP.
      nb=44: inf 3771.88 3771.88  --> 3771.88 MFLOP.
      nb=48: 3771.88 inf 3771.88  --> 3771.88 MFLOP.
      nb=52: 3771.88 3771.88 inf  --> inf MFLOP.
      nb=56: inf inf inf  --> inf MFLOP.
      nb=60: 3771.88 3771.88 3771.88  --> 3771.88 MFLOP.
      nb=64: 3771.88 inf inf  --> inf MFLOP.
      nb=68: 3771.88 3771.88 3771.88  --> 3771.88 MFLOP.
      nb=72: inf inf 3771.88  --> 3771.88 MFLOP.
      nb=76: 3771.88 3771.88 inf  --> inf MFLOP.
      nb=80: 3771.88 3771.88 inf  --> inf MFLOP.
      nb=84: 3771.88 3771.88 inf  --> inf MFLOP.
      nb=88: 3771.88 3771.88 inf  --> inf MFLOP.
      nb=92: 3771.88 3771.88 inf  --> inf MFLOP.
      nb=96: 3771.88 3771.88 3771.88  --> 3771.88 MFLOP.
      nb=100: 3771.88 3771.88 3771.88  --> 3771.88 MFLOP.
      nb=104: 3771.88 inf 3771.88  --> 3771.88 MFLOP.
      nb=108: inf 3771.88 3771.88  --> 3771.88 MFLOP.
      nb=12: inf inf inf  --> inf MFLOP.
      nb=56: inf inf 3771.88  --> 3771.88 MFLOP.
   FOR M=224, N=224, LDA=224, BEST NB=12

   M=224, N=224, lda=224, NB=12
   FINDING NB FOR M=336, N=336, LDA=336:
      nb=56: inf 12701.28 6350.64 --> 12701.28 MFLOP.

      NB refinement search:
      *** i=4, nbB=56, NB=56, mul1=4, mul2=0 ***
      nb=4: 4233.76 6350.64 4233.76  --> 6350.64 MFLOP.
      nb=8: 12701.28 6350.64 12701.28  --> 12701.28 MFLOP.
      nb=12: 6350.64 6350.64 12701.28  --> 12701.28 MFLOP.
      nb=16: 6350.64 12701.28 6350.64  --> 12701.28 MFLOP.
      nb=20: 12701.28 6350.64 6350.64  --> 12701.28 MFLOP.
      nb=24: 6350.64 6350.64 12701.28  --> 12701.28 MFLOP.
      nb=28: 6350.64 12701.28 6350.64  --> 12701.28 MFLOP.
      nb=32: 12701.28 6350.64 6350.64  --> 12701.28 MFLOP.
      nb=36: 6350.64 6350.64 6350.64  --> 6350.64 MFLOP.
      nb=40: 6350.64 4233.76 6350.64  --> 6350.64 MFLOP.
      nb=44: 6350.64 6350.64 6350.64  --> 6350.64 MFLOP.
      nb=48: 6350.64 6350.64 6350.64  --> 6350.64 MFLOP.
      nb=52: 6350.64 6350.64 6350.64  --> 6350.64 MFLOP.
      nb=60: 6350.64 12701.28 12701.28  --> 12701.28 MFLOP.
      nb=64: 6350.64 12701.28 12701.28  --> 12701.28 MFLOP.
      nb=68: 6350.64 12701.28 6350.64  --> 12701.28 MFLOP.
      nb=72: 6350.64 12701.28 6350.64  --> 12701.28 MFLOP.
      nb=76: 6350.64 12701.28 6350.64  --> 12701.28 MFLOP.
      nb=80: 6350.64 6350.64 12701.28  --> 12701.28 MFLOP.
      nb=84: 6350.64 6350.64 6350.64  --> 6350.64 MFLOP.
      nb=88: 6350.64 6350.64 6350.64  --> 6350.64 MFLOP.
      nb=92: 6350.64 6350.64 6350.64  --> 6350.64 MFLOP.
      nb=96: 6350.64 6350.64 6350.64  --> 6350.64 MFLOP.
      nb=100: 6350.64 6350.64 6350.64  --> 6350.64 MFLOP.
      nb=104: 6350.64 4233.76 6350.64  --> 6350.64 MFLOP.
      nb=108: 6350.64 6350.64 6350.64  --> 6350.64 MFLOP.
      nb=56: 12701.28 12701.28 6350.64  --> 12701.28 MFLOP.
   FOR M=336, N=336, LDA=336, BEST NB=56

   M=336, N=336, lda=336, NB=56
   FINDING NB FOR M=1456, N=1456, LDA=1456:
      nb=56: 19072.92 19432.79 18391.74 --> 19432.79 MFLOP.
      nb=112: 18726.14 18726.14 19432.79 --> 19432.79 MFLOP.

      NB refinement search:
      *** i=8, nbB=56, NB=56, mul1=8, mul2=0 ***
      nb=8: 8511.88 8305.95 8305.95  --> 8511.88 MFLOP.
      nb=16: 10841.45 11443.75 11443.75  --> 11443.75 MFLOP.
      nb=24: 13037.19 12874.22 12874.22  --> 13037.19 MFLOP.
      nb=32: 13732.50 14108.73 13918.08  --> 14108.73 MFLOP.
      nb=40: 12116.91 11838.36 12261.16  --> 12261.16 MFLOP.
      nb=48: 12874.22 12116.91 12715.28  --> 12874.22 MFLOP.
      nb=64: 18069.08 17757.55 17757.55  --> 18069.08 MFLOP.
      nb=72: 17456.57 17456.57 16884.22  --> 17456.57 MFLOP.
      nb=80: 16884.22 14713.39 14926.63  --> 16884.22 MFLOP.
      nb=88: 16348.22 15372.20 16092.78  --> 16348.22 MFLOP.
      nb=96: 14926.63 14926.63 14304.69  --> 14926.63 MFLOP.
      nb=104: 14713.39 13918.08 14108.73  --> 14713.39 MFLOP.
      nb=56: 19432.79 19072.92 18726.14  --> 19432.79 MFLOP.
   FOR M=1456, N=1456, LDA=1456, BEST NB=56

   M=1456, N=1456, lda=1456, NB=56
         N     NB
==========  =====
        25    12
       224    12
       336    56
       448    56
       952    56
      1456    56
      1960   112
      3920   168
GEQRF: Side='RIGHT', Uplo='UPPER', M=25, N=25, bestNB=12
GEQRF: Side='RIGHT', Uplo='UPPER', M=224, N=224, bestNB=12
GEQRF: Side='RIGHT', Uplo='UPPER', M=336, N=336, bestNB=56
GEQRF: Side='RIGHT', Uplo='UPPER', M=448, N=448, bestNB=56
GEQRF: Side='RIGHT', Uplo='UPPER', M=952, N=952, bestNB=56
GEQRF: Side='RIGHT', Uplo='UPPER', M=1456, N=1456, bestNB=56
GEQRF: Side='RIGHT', Uplo='UPPER', M=1960, N=1960, bestNB=112
GEQRF: Side='RIGHT', Uplo='UPPER', M=3920, N=3920, bestNB=168
make[3]: Leaving directory '/home/aposta/sc17/atlasBuild/tune/lapack'
if [ -s "/home/aposta/sc17/atlasBuild/include/atlas_dtGetNB_geqrf.h" ]; then \
           echo "Arch Defaults allow us to skip threaded tuning" ; \
        elif [ -s "/home/aposta/sc17/atlasBuild/include/atlas_pthreads.h" ]; then \
    cd /home/aposta/sc17/atlasBuild/tune/lapack ; make res/ATL_dtGetNB_geqrf.h ; \
    cp /home/aposta/sc17/atlasBuild/tune/lapack/res/ATL_dtGetNB_geqrf.h \
               /home/aposta/sc17/atlasBuild/include/atlas_dtGetNB_geqrf.h ; \
        fi
make[3]: Entering directory '/home/aposta/sc17/atlasBuild/tune/lapack'
/usr/bin/c99-gcc -o dlanbsrch_pt.o -c -DL2SIZE=33554432 -I/home/aposta/sc17/atlasBuild/include -I/home/aposta/sc17/ATLAS//include -I/home/aposta/sc17/ATLAS//include/contrib -DAdd_ -DF77_INTEGER=int -DStringSunStyle -DATL_OS_Linux -DATL_ARCH_Corei1 -DATL_CPUMHZ=2592 -DATL_AVXMAC -DATL_AVX -DATL_SSE3 -DATL_SSE2 -DATL_SSE1 -DATL_USE64BITS -DATL_GAS_x8664 -m64  -DATL_NCPU=2 -fomit-frame-pointer -mfpmath=sse -O2 -fno-schedule-insns2 -mavx2 -mfma -m64 -DATLCINT -DATL_USEPTHREADS -DDREAL /home/aposta/sc17/ATLAS//tune/lapack/lanbsrch.c
cd /home/aposta/sc17/atlasBuild/bin ; make dlapack
make[4]: Entering directory '/home/aposta/sc17/atlasBuild/bin'
cd /home/aposta/sc17/atlasBuild/src/lapack ; make dlib
make[5]: Entering directory '/home/aposta/sc17/atlasBuild/src/lapack'
make -j 2 dlib.grd
make[6]: Entering directory '/home/aposta/sc17/atlasBuild/src/lapack'
/usr/bin/c99-gcc -fomit-frame-pointer -mfpmath=sse -O2 -fno-schedule-insns2 -mavx2 -mfma -m64 -DL2SIZE=33554432 -I/home/aposta/sc17/atlasBuild/include -I/home/aposta/sc17/ATLAS//include -I/home/aposta/sc17/ATLAS//include/contrib -DAdd_ -DF77_INTEGER=int -DStringSunStyle -DATL_OS_Linux -DATL_ARCH_Corei1 -DATL_CPUMHZ=2592 -DATL_AVXMAC -DATL_AVX -DATL_SSE3 -DATL_SSE2 -DATL_SSE1 -DATL_USE64BITS -DATL_GAS_x8664 -m64  -DATL_NCPU=2 -c -o ATL_ilaenv.o  \
               /home/aposta/sc17/ATLAS//src/lapack/ATL_ilaenv.c
ar r /home/aposta/sc17/atlasBuild/lib/liblapack.a ATL_dgelq2.o ATL_dgelqf.o ATL_dgelqr.o ATL_dgels.o ATL_dgeql2.o ATL_dgeqlf.o ATL_dgeqlr.o ATL_dgeqr2.o ATL_dgeqrf.o ATL_dgeqrr.o ATL_dgerq2.o ATL_dgerqf.o ATL_dgerqr.o ATL_dgetf2.o ATL_dgetrf.o ATL_dgetrfC.o ATL_dgetrfR.o ATL_dgetri.o ATL_dgetriC.o ATL_dgetriR.o ATL_dgetrs.o ATL_dlamch.o ATL_dlapy2.o ATL_dlarf.o ATL_dlarfb.o ATL_dlarfg.o ATL_dlarft.o ATL_dlascl.o ATL_dlaswp.o ATL_dlauum.o ATL_dlauumCL.o ATL_dlauumCU.o ATL_dlauumRL.o ATL_dlauumRU.o ATL_dormlq.o ATL_dormql.o ATL_dormqr.o ATL_dormrq.o ATL_dpotrf.o ATL_dpotrfL.o ATL_dpotrfU.o ATL_dpotrs.o ATL_dtrtri.o ATL_dtrtriCL.o ATL_dtrtriCU.o ATL_dtrtriRL.o ATL_dtrtriRU.o ATL_dtrtrs.o ATL_ilaenv.o
echo /home/aposta/sc17/atlasBuild/lib/liblapack.a
/home/aposta/sc17/atlasBuild/lib/liblapack.a
touch dlib.grd
make[6]: Leaving directory '/home/aposta/sc17/atlasBuild/src/lapack'
make[5]: Leaving directory '/home/aposta/sc17/atlasBuild/src/lapack'
make[4]: Leaving directory '/home/aposta/sc17/atlasBuild/bin'
cd /home/aposta/sc17/atlasBuild/bin ; make dtstlib_pt
make[4]: Entering directory '/home/aposta/sc17/atlasBuild/bin'
cd /home/aposta/sc17/atlasBuild/src/testing ; make dlib
make[5]: Entering directory '/home/aposta/sc17/atlasBuild/src/testing'
make -j 2 dlib.grd
make[6]: Entering directory '/home/aposta/sc17/atlasBuild/src/testing'
make[6]: 'dlib.grd' is up to date.
make[6]: Leaving directory '/home/aposta/sc17/atlasBuild/src/testing'
make[5]: Leaving directory '/home/aposta/sc17/atlasBuild/src/testing'
make[4]: Leaving directory '/home/aposta/sc17/atlasBuild/bin'
cd /home/aposta/sc17/atlasBuild/bin ; make dl3lib_pt
make[4]: Entering directory '/home/aposta/sc17/atlasBuild/bin'
cd /home/aposta/sc17/atlasBuild/src/auxil ; make lib
make[5]: Entering directory '/home/aposta/sc17/atlasBuild/src/auxil'
make[5]: Nothing to be done for 'lib'.
make[5]: Leaving directory '/home/aposta/sc17/atlasBuild/src/auxil'
cd /home/aposta/sc17/atlasBuild/src/blas/gemm ; make dlib
make[5]: Entering directory '/home/aposta/sc17/atlasBuild/src/blas/gemm'
make auxillib dcleanuplib dusergemm
make[6]: Entering directory '/home/aposta/sc17/atlasBuild/src/blas/gemm'
cd /home/aposta/sc17/atlasBuild/src/auxil ; make lib
make[7]: Entering directory '/home/aposta/sc17/atlasBuild/src/auxil'
make[7]: Nothing to be done for 'lib'.
make[7]: Leaving directory '/home/aposta/sc17/atlasBuild/src/auxil'
cd KERNEL ; make -f dMakefile dlib
make[7]: Entering directory '/home/aposta/sc17/atlasBuild/src/blas/gemm/KERNEL'
make[7]: Nothing to be done for 'dlib'.
make[7]: Leaving directory '/home/aposta/sc17/atlasBuild/src/blas/gemm/KERNEL'
make[6]: Nothing to be done for 'dusergemm'.
make[6]: Leaving directory '/home/aposta/sc17/atlasBuild/src/blas/gemm'
make -j 2 dlib.grd
make[6]: Entering directory '/home/aposta/sc17/atlasBuild/src/blas/gemm'
make[6]: 'dlib.grd' is up to date.
make[6]: Leaving directory '/home/aposta/sc17/atlasBuild/src/blas/gemm'
make[5]: Leaving directory '/home/aposta/sc17/atlasBuild/src/blas/gemm'
cd /home/aposta/sc17/atlasBuild/src/blas/level3 ; make dlib
make[5]: Entering directory '/home/aposta/sc17/atlasBuild/src/blas/level3'
( cd kernel; make dlib )
make[6]: Entering directory '/home/aposta/sc17/atlasBuild/src/blas/level3/kernel'
make -j 2 dlib.grd
make[7]: Entering directory '/home/aposta/sc17/atlasBuild/src/blas/level3/kernel'
make[7]: 'dlib.grd' is up to date.
make[7]: Leaving directory '/home/aposta/sc17/atlasBuild/src/blas/level3/kernel'
make dl3ref
make[7]: Entering directory '/home/aposta/sc17/atlasBuild/src/blas/level3/kernel'
cd /home/aposta/sc17/atlasBuild/src/blas/reference/level3 ; make dlib
make[8]: Entering directory '/home/aposta/sc17/atlasBuild/src/blas/reference/level3'
make[8]: Nothing to be done for 'dlib'.
make[8]: Leaving directory '/home/aposta/sc17/atlasBuild/src/blas/reference/level3'
make[7]: Leaving directory '/home/aposta/sc17/atlasBuild/src/blas/level3/kernel'
make[6]: Leaving directory '/home/aposta/sc17/atlasBuild/src/blas/level3/kernel'
( cd rblas;  make dlib )
make[6]: Entering directory '/home/aposta/sc17/atlasBuild/src/blas/level3/rblas'
make[6]: Nothing to be done for 'dlib'.
make[6]: Leaving directory '/home/aposta/sc17/atlasBuild/src/blas/level3/rblas'
cd ../pklevel3 ; make dlib
make[6]: Entering directory '/home/aposta/sc17/atlasBuild/src/blas/pklevel3'
cd gpmm ; make dlib
make[7]: Entering directory '/home/aposta/sc17/atlasBuild/src/blas/pklevel3/gpmm'
make -j 2 dlib.grd
make[8]: Entering directory '/home/aposta/sc17/atlasBuild/src/blas/pklevel3/gpmm'
make[8]: 'dlib.grd' is up to date.
make[8]: Leaving directory '/home/aposta/sc17/atlasBuild/src/blas/pklevel3/gpmm'
make[7]: Leaving directory '/home/aposta/sc17/atlasBuild/src/blas/pklevel3/gpmm'
cd sprk ; make dlib
make[7]: Entering directory '/home/aposta/sc17/atlasBuild/src/blas/pklevel3/sprk'
make -j 2 dlib.grd
make[8]: Entering directory '/home/aposta/sc17/atlasBuild/src/blas/pklevel3/sprk'
make[8]: 'dlib.grd' is up to date.
make[8]: Leaving directory '/home/aposta/sc17/atlasBuild/src/blas/pklevel3/sprk'
make[7]: Leaving directory '/home/aposta/sc17/atlasBuild/src/blas/pklevel3/sprk'
make[6]: Leaving directory '/home/aposta/sc17/atlasBuild/src/blas/pklevel3'
make -j 2 dblas3.grd
make[6]: Entering directory '/home/aposta/sc17/atlasBuild/src/blas/level3'
make[6]: 'dblas3.grd' is up to date.
make[6]: Leaving directory '/home/aposta/sc17/atlasBuild/src/blas/level3'
make[5]: Leaving directory '/home/aposta/sc17/atlasBuild/src/blas/level3'
cd /home/aposta/sc17/atlasBuild/src/auxil ; make ptlib
make[5]: Entering directory '/home/aposta/sc17/atlasBuild/src/auxil'
make[5]: Nothing to be done for 'ptlib'.
make[5]: Leaving directory '/home/aposta/sc17/atlasBuild/src/auxil'
cd /home/aposta/sc17/atlasBuild/src/blas/gemm ; make dlib
make[5]: Entering directory '/home/aposta/sc17/atlasBuild/src/blas/gemm'
make auxillib dcleanuplib dusergemm
make[6]: Entering directory '/home/aposta/sc17/atlasBuild/src/blas/gemm'
cd /home/aposta/sc17/atlasBuild/src/auxil ; make lib
make[7]: Entering directory '/home/aposta/sc17/atlasBuild/src/auxil'
make[7]: Nothing to be done for 'lib'.
make[7]: Leaving directory '/home/aposta/sc17/atlasBuild/src/auxil'
cd KERNEL ; make -f dMakefile dlib
make[7]: Entering directory '/home/aposta/sc17/atlasBuild/src/blas/gemm/KERNEL'
make[7]: Nothing to be done for 'dlib'.
make[7]: Leaving directory '/home/aposta/sc17/atlasBuild/src/blas/gemm/KERNEL'
make[6]: Nothing to be done for 'dusergemm'.
make[6]: Leaving directory '/home/aposta/sc17/atlasBuild/src/blas/gemm'
make -j 2 dlib.grd
make[6]: Entering directory '/home/aposta/sc17/atlasBuild/src/blas/gemm'
make[6]: 'dlib.grd' is up to date.
make[6]: Leaving directory '/home/aposta/sc17/atlasBuild/src/blas/gemm'
make[5]: Leaving directory '/home/aposta/sc17/atlasBuild/src/blas/gemm'
cd /home/aposta/sc17/atlasBuild/src/threads ; make lib
make[5]: Entering directory '/home/aposta/sc17/atlasBuild/src/threads'
cd blas/level3 ; make dlib
make[6]: Entering directory '/home/aposta/sc17/atlasBuild/src/threads/blas/level3'
make[6]: Nothing to be done for 'dlib'.
make[6]: Leaving directory '/home/aposta/sc17/atlasBuild/src/threads/blas/level3'
cd /home/aposta/sc17/atlasBuild/src/blas/gemm ; make dtlib
make[6]: Entering directory '/home/aposta/sc17/atlasBuild/src/blas/gemm'
make[6]: Nothing to be done for 'dtlib'.
make[6]: Leaving directory '/home/aposta/sc17/atlasBuild/src/blas/gemm'
cd blas/level3 ; make zlib
make[6]: Entering directory '/home/aposta/sc17/atlasBuild/src/threads/blas/level3'
make[6]: Nothing to be done for 'zlib'.
make[6]: Leaving directory '/home/aposta/sc17/atlasBuild/src/threads/blas/level3'
cd /home/aposta/sc17/atlasBuild/src/blas/gemm ; make ztlib
make[6]: Entering directory '/home/aposta/sc17/atlasBuild/src/blas/gemm'
make[6]: Nothing to be done for 'ztlib'.
make[6]: Leaving directory '/home/aposta/sc17/atlasBuild/src/blas/gemm'
cd blas/level3 ; make clib
make[6]: Entering directory '/home/aposta/sc17/atlasBuild/src/threads/blas/level3'
make[6]: Nothing to be done for 'clib'.
make[6]: Leaving directory '/home/aposta/sc17/atlasBuild/src/threads/blas/level3'
cd /home/aposta/sc17/atlasBuild/src/blas/gemm ; make ctlib
make[6]: Entering directory '/home/aposta/sc17/atlasBuild/src/blas/gemm'
make[6]: Nothing to be done for 'ctlib'.
make[6]: Leaving directory '/home/aposta/sc17/atlasBuild/src/blas/gemm'
cd blas/level3 ; make slib
make[6]: Entering directory '/home/aposta/sc17/atlasBuild/src/threads/blas/level3'
make[6]: Nothing to be done for 'slib'.
make[6]: Leaving directory '/home/aposta/sc17/atlasBuild/src/threads/blas/level3'
cd /home/aposta/sc17/atlasBuild/src/blas/gemm ; make stlib
make[6]: Entering directory '/home/aposta/sc17/atlasBuild/src/blas/gemm'
make[6]: Nothing to be done for 'stlib'.
make[6]: Leaving directory '/home/aposta/sc17/atlasBuild/src/blas/gemm'
cd blas/level2 ; make dlib
make[6]: Entering directory '/home/aposta/sc17/atlasBuild/src/threads/blas/level2'
make[6]: Nothing to be done for 'dlib'.
make[6]: Leaving directory '/home/aposta/sc17/atlasBuild/src/threads/blas/level2'
cd blas/level2 ; make zlib
make[6]: Entering directory '/home/aposta/sc17/atlasBuild/src/threads/blas/level2'
make[6]: Nothing to be done for 'zlib'.
make[6]: Leaving directory '/home/aposta/sc17/atlasBuild/src/threads/blas/level2'
cd blas/level2 ; make clib
make[6]: Entering directory '/home/aposta/sc17/atlasBuild/src/threads/blas/level2'
make[6]: Nothing to be done for 'clib'.
make[6]: Leaving directory '/home/aposta/sc17/atlasBuild/src/threads/blas/level2'
cd blas/level2 ; make slib
make[6]: Entering directory '/home/aposta/sc17/atlasBuild/src/threads/blas/level2'
make[6]: Nothing to be done for 'slib'.
make[6]: Leaving directory '/home/aposta/sc17/atlasBuild/src/threads/blas/level2'
make[5]: Leaving directory '/home/aposta/sc17/atlasBuild/src/threads'
cd /home/aposta/sc17/atlasBuild/src/threads/blas/level3 ; make dlib
make[5]: Entering directory '/home/aposta/sc17/atlasBuild/src/threads/blas/level3'
make[5]: Nothing to be done for 'dlib'.
make[5]: Leaving directory '/home/aposta/sc17/atlasBuild/src/threads/blas/level3'
cd /home/aposta/sc17/atlasBuild/src/threads ; make dlib3
make[5]: Entering directory '/home/aposta/sc17/atlasBuild/src/threads'
cd blas/level3 ; make dlib
make[6]: Entering directory '/home/aposta/sc17/atlasBuild/src/threads/blas/level3'
make[6]: Nothing to be done for 'dlib'.
make[6]: Leaving directory '/home/aposta/sc17/atlasBuild/src/threads/blas/level3'
cd /home/aposta/sc17/atlasBuild/src/blas/gemm ; make dtlib
make[6]: Entering directory '/home/aposta/sc17/atlasBuild/src/blas/gemm'
make[6]: Nothing to be done for 'dtlib'.
make[6]: Leaving directory '/home/aposta/sc17/atlasBuild/src/blas/gemm'
make[5]: Leaving directory '/home/aposta/sc17/atlasBuild/src/threads'
make[4]: Leaving directory '/home/aposta/sc17/atlasBuild/bin'
cd /home/aposta/sc17/atlasBuild/bin ; make dl2lib_pt
make[4]: Entering directory '/home/aposta/sc17/atlasBuild/bin'
cd /home/aposta/sc17/atlasBuild/src/auxil ; make lib
make[5]: Entering directory '/home/aposta/sc17/atlasBuild/src/auxil'
make[5]: Nothing to be done for 'lib'.
make[5]: Leaving directory '/home/aposta/sc17/atlasBuild/src/auxil'
cd /home/aposta/sc17/atlasBuild/src/blas/level1 ; make dlvl1
make[5]: Entering directory '/home/aposta/sc17/atlasBuild/src/blas/level1'
make dgen
make[6]: Entering directory '/home/aposta/sc17/atlasBuild/src/blas/level1'
make Make_drot
make[7]: Entering directory '/home/aposta/sc17/atlasBuild/src/blas/level1'
make[7]: 'Make_drot' is up to date.
make[7]: Leaving directory '/home/aposta/sc17/atlasBuild/src/blas/level1'
make -f Make_drot lib
make[7]: Entering directory '/home/aposta/sc17/atlasBuild/src/blas/level1'
make[7]: Nothing to be done for 'lib'.
make[7]: Leaving directory '/home/aposta/sc17/atlasBuild/src/blas/level1'
make Make_daxpby
make[7]: Entering directory '/home/aposta/sc17/atlasBuild/src/blas/level1'
make[7]: 'Make_daxpby' is up to date.
make[7]: Leaving directory '/home/aposta/sc17/atlasBuild/src/blas/level1'
make -f Make_daxpby lib
make[7]: Entering directory '/home/aposta/sc17/atlasBuild/src/blas/level1'
make[7]: Nothing to be done for 'lib'.
make[7]: Leaving directory '/home/aposta/sc17/atlasBuild/src/blas/level1'
make Make_dcpsc
make[7]: Entering directory '/home/aposta/sc17/atlasBuild/src/blas/level1'
make[7]: 'Make_dcpsc' is up to date.
make[7]: Leaving directory '/home/aposta/sc17/atlasBuild/src/blas/level1'
make -f Make_dcpsc lib
make[7]: Entering directory '/home/aposta/sc17/atlasBuild/src/blas/level1'
make[7]: Nothing to be done for 'lib'.
make[7]: Leaving directory '/home/aposta/sc17/atlasBuild/src/blas/level1'
make Make_dset
make[7]: Entering directory '/home/aposta/sc17/atlasBuild/src/blas/level1'
make[7]: 'Make_dset' is up to date.
make[7]: Leaving directory '/home/aposta/sc17/atlasBuild/src/blas/level1'
make -f Make_dset lib
make[7]: Entering directory '/home/aposta/sc17/atlasBuild/src/blas/level1'
make[7]: Nothing to be done for 'lib'.
make[7]: Leaving directory '/home/aposta/sc17/atlasBuild/src/blas/level1'
make Make_dnrm2
make[7]: Entering directory '/home/aposta/sc17/atlasBuild/src/blas/level1'
make[7]: 'Make_dnrm2' is up to date.
make[7]: Leaving directory '/home/aposta/sc17/atlasBuild/src/blas/level1'
make -f Make_dnrm2 lib
make[7]: Entering directory '/home/aposta/sc17/atlasBuild/src/blas/level1'
make[7]: Nothing to be done for 'lib'.
make[7]: Leaving directory '/home/aposta/sc17/atlasBuild/src/blas/level1'
make Make_dasum
make[7]: Entering directory '/home/aposta/sc17/atlasBuild/src/blas/level1'
make[7]: 'Make_dasum' is up to date.
make[7]: Leaving directory '/home/aposta/sc17/atlasBuild/src/blas/level1'
make -f Make_dasum lib
make[7]: Entering directory '/home/aposta/sc17/atlasBuild/src/blas/level1'
make[7]: Nothing to be done for 'lib'.
make[7]: Leaving directory '/home/aposta/sc17/atlasBuild/src/blas/level1'
make Make_ddot
make[7]: Entering directory '/home/aposta/sc17/atlasBuild/src/blas/level1'
make[7]: 'Make_ddot' is up to date.
make[7]: Leaving directory '/home/aposta/sc17/atlasBuild/src/blas/level1'
make -f Make_ddot lib
make[7]: Entering directory '/home/aposta/sc17/atlasBuild/src/blas/level1'
make[7]: Nothing to be done for 'lib'.
make[7]: Leaving directory '/home/aposta/sc17/atlasBuild/src/blas/level1'
make Make_dswap
make[7]: Entering directory '/home/aposta/sc17/atlasBuild/src/blas/level1'
make[7]: 'Make_dswap' is up to date.
make[7]: Leaving directory '/home/aposta/sc17/atlasBuild/src/blas/level1'
make -f Make_dswap lib
make[7]: Entering directory '/home/aposta/sc17/atlasBuild/src/blas/level1'
make[7]: Nothing to be done for 'lib'.
make[7]: Leaving directory '/home/aposta/sc17/atlasBuild/src/blas/level1'
make Make_dscal
make[7]: Entering directory '/home/aposta/sc17/atlasBuild/src/blas/level1'
make[7]: 'Make_dscal' is up to date.
make[7]: Leaving directory '/home/aposta/sc17/atlasBuild/src/blas/level1'
make -f Make_dscal lib
make[7]: Entering directory '/home/aposta/sc17/atlasBuild/src/blas/level1'
make[7]: Nothing to be done for 'lib'.
make[7]: Leaving directory '/home/aposta/sc17/atlasBuild/src/blas/level1'
make Make_dcopy
make[7]: Entering directory '/home/aposta/sc17/atlasBuild/src/blas/level1'
make[7]: 'Make_dcopy' is up to date.
make[7]: Leaving directory '/home/aposta/sc17/atlasBuild/src/blas/level1'
make -f Make_dcopy lib
make[7]: Entering directory '/home/aposta/sc17/atlasBuild/src/blas/level1'
make[7]: Nothing to be done for 'lib'.
make[7]: Leaving directory '/home/aposta/sc17/atlasBuild/src/blas/level1'
make Make_daxpy
make[7]: Entering directory '/home/aposta/sc17/atlasBuild/src/blas/level1'
make[7]: 'Make_daxpy' is up to date.
make[7]: Leaving directory '/home/aposta/sc17/atlasBuild/src/blas/level1'
make -f Make_daxpy lib
make[7]: Entering directory '/home/aposta/sc17/atlasBuild/src/blas/level1'
make[7]: Nothing to be done for 'lib'.
make[7]: Leaving directory '/home/aposta/sc17/atlasBuild/src/blas/level1'
make Make_diamax
make[7]: Entering directory '/home/aposta/sc17/atlasBuild/src/blas/level1'
make[7]: 'Make_diamax' is up to date.
make[7]: Leaving directory '/home/aposta/sc17/atlasBuild/src/blas/level1'
make -f Make_diamax lib
make[7]: Entering directory '/home/aposta/sc17/atlasBuild/src/blas/level1'
make[7]: Nothing to be done for 'lib'.
make[7]: Leaving directory '/home/aposta/sc17/atlasBuild/src/blas/level1'
make[6]: Leaving directory '/home/aposta/sc17/atlasBuild/src/blas/level1'
make -j 2 dlib.grd
make[6]: Entering directory '/home/aposta/sc17/atlasBuild/src/blas/level1'
make[6]: 'dlib.grd' is up to date.
make[6]: Leaving directory '/home/aposta/sc17/atlasBuild/src/blas/level1'
make[5]: Leaving directory '/home/aposta/sc17/atlasBuild/src/blas/level1'
cd /home/aposta/sc17/atlasBuild/src/blas/gemv ; make dlib
make[5]: Entering directory '/home/aposta/sc17/atlasBuild/src/blas/gemv'
make -j 2 -f Make_dmvt dlib
make[6]: Entering directory '/home/aposta/sc17/atlasBuild/src/blas/gemv'
make[6]: Nothing to be done for 'dlib'.
make[6]: Leaving directory '/home/aposta/sc17/atlasBuild/src/blas/gemv'
make -j 2 -f Make_dmvn dlib
make[6]: Entering directory '/home/aposta/sc17/atlasBuild/src/blas/gemv'
make[6]: Nothing to be done for 'dlib'.
make[6]: Leaving directory '/home/aposta/sc17/atlasBuild/src/blas/gemv'
make -j 2 dlib.grd
make[6]: Entering directory '/home/aposta/sc17/atlasBuild/src/blas/gemv'
make[6]: 'dlib.grd' is up to date.
make[6]: Leaving directory '/home/aposta/sc17/atlasBuild/src/blas/gemv'
make[5]: Leaving directory '/home/aposta/sc17/atlasBuild/src/blas/gemv'
cd /home/aposta/sc17/atlasBuild/src/blas/ger ; make dlib
make[5]: Entering directory '/home/aposta/sc17/atlasBuild/src/blas/ger'
make -j 2 dlib.grd
make[6]: Entering directory '/home/aposta/sc17/atlasBuild/src/blas/ger'
make[6]: 'dlib.grd' is up to date.
make[6]: Leaving directory '/home/aposta/sc17/atlasBuild/src/blas/ger'
make -j 2 -f Make_dr1 lib
make[6]: Entering directory '/home/aposta/sc17/atlasBuild/src/blas/ger'
make[6]: Nothing to be done for 'lib'.
make[6]: Leaving directory '/home/aposta/sc17/atlasBuild/src/blas/ger'
make -j 2 -f Make_dr2 lib
make[6]: Entering directory '/home/aposta/sc17/atlasBuild/src/blas/ger'
make[6]: Nothing to be done for 'lib'.
make[6]: Leaving directory '/home/aposta/sc17/atlasBuild/src/blas/ger'
make[5]: Leaving directory '/home/aposta/sc17/atlasBuild/src/blas/ger'
cd /home/aposta/sc17/atlasBuild/src/blas/level2 ; make dlib
make[5]: Entering directory '/home/aposta/sc17/atlasBuild/src/blas/level2'
make[5]: Nothing to be done for 'dlib'.
make[5]: Leaving directory '/home/aposta/sc17/atlasBuild/src/blas/level2'
cd /home/aposta/sc17/atlasBuild/src/threads/blas/level2 ; make dlib
make[5]: Entering directory '/home/aposta/sc17/atlasBuild/src/threads/blas/level2'
make[5]: Nothing to be done for 'dlib'.
make[5]: Leaving directory '/home/aposta/sc17/atlasBuild/src/threads/blas/level2'
cd /home/aposta/sc17/atlasBuild/src/threads ; make lib
make[5]: Entering directory '/home/aposta/sc17/atlasBuild/src/threads'
cd blas/level3 ; make dlib
make[6]: Entering directory '/home/aposta/sc17/atlasBuild/src/threads/blas/level3'
make[6]: Nothing to be done for 'dlib'.
make[6]: Leaving directory '/home/aposta/sc17/atlasBuild/src/threads/blas/level3'
cd /home/aposta/sc17/atlasBuild/src/blas/gemm ; make dtlib
make[6]: Entering directory '/home/aposta/sc17/atlasBuild/src/blas/gemm'
make[6]: Nothing to be done for 'dtlib'.
make[6]: Leaving directory '/home/aposta/sc17/atlasBuild/src/blas/gemm'
cd blas/level3 ; make zlib
make[6]: Entering directory '/home/aposta/sc17/atlasBuild/src/threads/blas/level3'
make[6]: Nothing to be done for 'zlib'.
make[6]: Leaving directory '/home/aposta/sc17/atlasBuild/src/threads/blas/level3'
cd /home/aposta/sc17/atlasBuild/src/blas/gemm ; make ztlib
make[6]: Entering directory '/home/aposta/sc17/atlasBuild/src/blas/gemm'
make[6]: Nothing to be done for 'ztlib'.
make[6]: Leaving directory '/home/aposta/sc17/atlasBuild/src/blas/gemm'
cd blas/level3 ; make clib
make[6]: Entering directory '/home/aposta/sc17/atlasBuild/src/threads/blas/level3'
make[6]: Nothing to be done for 'clib'.
make[6]: Leaving directory '/home/aposta/sc17/atlasBuild/src/threads/blas/level3'
cd /home/aposta/sc17/atlasBuild/src/blas/gemm ; make ctlib
make[6]: Entering directory '/home/aposta/sc17/atlasBuild/src/blas/gemm'
make[6]: Nothing to be done for 'ctlib'.
make[6]: Leaving directory '/home/aposta/sc17/atlasBuild/src/blas/gemm'
cd blas/level3 ; make slib
make[6]: Entering directory '/home/aposta/sc17/atlasBuild/src/threads/blas/level3'
make[6]: Nothing to be done for 'slib'.
make[6]: Leaving directory '/home/aposta/sc17/atlasBuild/src/threads/blas/level3'
cd /home/aposta/sc17/atlasBuild/src/blas/gemm ; make stlib
make[6]: Entering directory '/home/aposta/sc17/atlasBuild/src/blas/gemm'
make[6]: Nothing to be done for 'stlib'.
make[6]: Leaving directory '/home/aposta/sc17/atlasBuild/src/blas/gemm'
cd blas/level2 ; make dlib
make[6]: Entering directory '/home/aposta/sc17/atlasBuild/src/threads/blas/level2'
make[6]: Nothing to be done for 'dlib'.
make[6]: Leaving directory '/home/aposta/sc17/atlasBuild/src/threads/blas/level2'
cd blas/level2 ; make zlib
make[6]: Entering directory '/home/aposta/sc17/atlasBuild/src/threads/blas/level2'
make[6]: Nothing to be done for 'zlib'.
make[6]: Leaving directory '/home/aposta/sc17/atlasBuild/src/threads/blas/level2'
cd blas/level2 ; make clib
make[6]: Entering directory '/home/aposta/sc17/atlasBuild/src/threads/blas/level2'
make[6]: Nothing to be done for 'clib'.
make[6]: Leaving directory '/home/aposta/sc17/atlasBuild/src/threads/blas/level2'
cd blas/level2 ; make slib
make[6]: Entering directory '/home/aposta/sc17/atlasBuild/src/threads/blas/level2'
make[6]: Nothing to be done for 'slib'.
make[6]: Leaving directory '/home/aposta/sc17/atlasBuild/src/threads/blas/level2'
make[5]: Leaving directory '/home/aposta/sc17/atlasBuild/src/threads'
make[4]: Leaving directory '/home/aposta/sc17/atlasBuild/bin'
cd /home/aposta/sc17/atlasBuild/bin ; make dl1lib_pt
make[4]: Entering directory '/home/aposta/sc17/atlasBuild/bin'
cd /home/aposta/sc17/atlasBuild/src/auxil ; make ptlib
make[5]: Entering directory '/home/aposta/sc17/atlasBuild/src/auxil'
make[5]: Nothing to be done for 'ptlib'.
make[5]: Leaving directory '/home/aposta/sc17/atlasBuild/src/auxil'
cd /home/aposta/sc17/atlasBuild/src/auxil ; make lib
make[5]: Entering directory '/home/aposta/sc17/atlasBuild/src/auxil'
make[5]: Nothing to be done for 'lib'.
make[5]: Leaving directory '/home/aposta/sc17/atlasBuild/src/auxil'
cd /home/aposta/sc17/atlasBuild/src/blas/level1 ; make dlvl1
make[5]: Entering directory '/home/aposta/sc17/atlasBuild/src/blas/level1'
make dgen
make[6]: Entering directory '/home/aposta/sc17/atlasBuild/src/blas/level1'
make Make_drot
make[7]: Entering directory '/home/aposta/sc17/atlasBuild/src/blas/level1'
make[7]: 'Make_drot' is up to date.
make[7]: Leaving directory '/home/aposta/sc17/atlasBuild/src/blas/level1'
make -f Make_drot lib
make[7]: Entering directory '/home/aposta/sc17/atlasBuild/src/blas/level1'
make[7]: Nothing to be done for 'lib'.
make[7]: Leaving directory '/home/aposta/sc17/atlasBuild/src/blas/level1'
make Make_daxpby
make[7]: Entering directory '/home/aposta/sc17/atlasBuild/src/blas/level1'
make[7]: 'Make_daxpby' is up to date.
make[7]: Leaving directory '/home/aposta/sc17/atlasBuild/src/blas/level1'
make -f Make_daxpby lib
make[7]: Entering directory '/home/aposta/sc17/atlasBuild/src/blas/level1'
make[7]: Nothing to be done for 'lib'.
make[7]: Leaving directory '/home/aposta/sc17/atlasBuild/src/blas/level1'
make Make_dcpsc
make[7]: Entering directory '/home/aposta/sc17/atlasBuild/src/blas/level1'
make[7]: 'Make_dcpsc' is up to date.
make[7]: Leaving directory '/home/aposta/sc17/atlasBuild/src/blas/level1'
make -f Make_dcpsc lib
make[7]: Entering directory '/home/aposta/sc17/atlasBuild/src/blas/level1'
make[7]: Nothing to be done for 'lib'.
make[7]: Leaving directory '/home/aposta/sc17/atlasBuild/src/blas/level1'
make Make_dset
make[7]: Entering directory '/home/aposta/sc17/atlasBuild/src/blas/level1'
make[7]: 'Make_dset' is up to date.
make[7]: Leaving directory '/home/aposta/sc17/atlasBuild/src/blas/level1'
make -f Make_dset lib
make[7]: Entering directory '/home/aposta/sc17/atlasBuild/src/blas/level1'
make[7]: Nothing to be done for 'lib'.
make[7]: Leaving directory '/home/aposta/sc17/atlasBuild/src/blas/level1'
make Make_dnrm2
make[7]: Entering directory '/home/aposta/sc17/atlasBuild/src/blas/level1'
make[7]: 'Make_dnrm2' is up to date.
make[7]: Leaving directory '/home/aposta/sc17/atlasBuild/src/blas/level1'
make -f Make_dnrm2 lib
make[7]: Entering directory '/home/aposta/sc17/atlasBuild/src/blas/level1'
make[7]: Nothing to be done for 'lib'.
make[7]: Leaving directory '/home/aposta/sc17/atlasBuild/src/blas/level1'
make Make_dasum
make[7]: Entering directory '/home/aposta/sc17/atlasBuild/src/blas/level1'
make[7]: 'Make_dasum' is up to date.
make[7]: Leaving directory '/home/aposta/sc17/atlasBuild/src/blas/level1'
make -f Make_dasum lib
make[7]: Entering directory '/home/aposta/sc17/atlasBuild/src/blas/level1'
make[7]: Nothing to be done for 'lib'.
make[7]: Leaving directory '/home/aposta/sc17/atlasBuild/src/blas/level1'
make Make_ddot
make[7]: Entering directory '/home/aposta/sc17/atlasBuild/src/blas/level1'
make[7]: 'Make_ddot' is up to date.
make[7]: Leaving directory '/home/aposta/sc17/atlasBuild/src/blas/level1'
make -f Make_ddot lib
make[7]: Entering directory '/home/aposta/sc17/atlasBuild/src/blas/level1'
make[7]: Nothing to be done for 'lib'.
make[7]: Leaving directory '/home/aposta/sc17/atlasBuild/src/blas/level1'
make Make_dswap
make[7]: Entering directory '/home/aposta/sc17/atlasBuild/src/blas/level1'
make[7]: 'Make_dswap' is up to date.
make[7]: Leaving directory '/home/aposta/sc17/atlasBuild/src/blas/level1'
make -f Make_dswap lib
make[7]: Entering directory '/home/aposta/sc17/atlasBuild/src/blas/level1'
make[7]: Nothing to be done for 'lib'.
make[7]: Leaving directory '/home/aposta/sc17/atlasBuild/src/blas/level1'
make Make_dscal
make[7]: Entering directory '/home/aposta/sc17/atlasBuild/src/blas/level1'
make[7]: 'Make_dscal' is up to date.
make[7]: Leaving directory '/home/aposta/sc17/atlasBuild/src/blas/level1'
make -f Make_dscal lib
make[7]: Entering directory '/home/aposta/sc17/atlasBuild/src/blas/level1'
make[7]: Nothing to be done for 'lib'.
make[7]: Leaving directory '/home/aposta/sc17/atlasBuild/src/blas/level1'
make Make_dcopy
make[7]: Entering directory '/home/aposta/sc17/atlasBuild/src/blas/level1'
make[7]: 'Make_dcopy' is up to date.
make[7]: Leaving directory '/home/aposta/sc17/atlasBuild/src/blas/level1'
make -f Make_dcopy lib
make[7]: Entering directory '/home/aposta/sc17/atlasBuild/src/blas/level1'
make[7]: Nothing to be done for 'lib'.
make[7]: Leaving directory '/home/aposta/sc17/atlasBuild/src/blas/level1'
make Make_daxpy
make[7]: Entering directory '/home/aposta/sc17/atlasBuild/src/blas/level1'
make[7]: 'Make_daxpy' is up to date.
make[7]: Leaving directory '/home/aposta/sc17/atlasBuild/src/blas/level1'
make -f Make_daxpy lib
make[7]: Entering directory '/home/aposta/sc17/atlasBuild/src/blas/level1'
make[7]: Nothing to be done for 'lib'.
make[7]: Leaving directory '/home/aposta/sc17/atlasBuild/src/blas/level1'
make Make_diamax
make[7]: Entering directory '/home/aposta/sc17/atlasBuild/src/blas/level1'
make[7]: 'Make_diamax' is up to date.
make[7]: Leaving directory '/home/aposta/sc17/atlasBuild/src/blas/level1'
make -f Make_diamax lib
make[7]: Entering directory '/home/aposta/sc17/atlasBuild/src/blas/level1'
make[7]: Nothing to be done for 'lib'.
make[7]: Leaving directory '/home/aposta/sc17/atlasBuild/src/blas/level1'
make[6]: Leaving directory '/home/aposta/sc17/atlasBuild/src/blas/level1'
make -j 2 dlib.grd
make[6]: Entering directory '/home/aposta/sc17/atlasBuild/src/blas/level1'
make[6]: 'dlib.grd' is up to date.
make[6]: Leaving directory '/home/aposta/sc17/atlasBuild/src/blas/level1'
make[5]: Leaving directory '/home/aposta/sc17/atlasBuild/src/blas/level1'
make[4]: Leaving directory '/home/aposta/sc17/atlasBuild/bin'
cd /home/aposta/sc17/atlasBuild/bin ; make dcblas_pt
make[4]: Entering directory '/home/aposta/sc17/atlasBuild/bin'
cd /home/aposta/sc17/atlasBuild/interfaces/blas/C/src ; make dptlib
make[5]: Entering directory '/home/aposta/sc17/atlasBuild/interfaces/blas/C/src'
make -j 2 dptlvl3.grd
make[6]: Entering directory '/home/aposta/sc17/atlasBuild/interfaces/blas/C/src'
make[6]: 'dptlvl3.grd' is up to date.
make[6]: Leaving directory '/home/aposta/sc17/atlasBuild/interfaces/blas/C/src'
make -j 2 dptlvl2.grd
make[6]: Entering directory '/home/aposta/sc17/atlasBuild/interfaces/blas/C/src'
make[6]: 'dptlvl2.grd' is up to date.
make[6]: Leaving directory '/home/aposta/sc17/atlasBuild/interfaces/blas/C/src'
make -j 2 dptlvl1.grd
make[6]: Entering directory '/home/aposta/sc17/atlasBuild/interfaces/blas/C/src'
make[6]: 'dptlvl1.grd' is up to date.
make[6]: Leaving directory '/home/aposta/sc17/atlasBuild/interfaces/blas/C/src'
make[5]: Leaving directory '/home/aposta/sc17/atlasBuild/interfaces/blas/C/src'
make[4]: Leaving directory '/home/aposta/sc17/atlasBuild/bin'
/usr/bin/x86_64-linux-gnu-gfortran -O -mavx2 -mfma -m64 -o xdlanbsrch_pt dlanbsrch_pt.o \
                   /home/aposta/sc17/atlasBuild/lib/libtstatlas.a /home/aposta/sc17/atlasBuild/lib/libptlapack.a /home/aposta/sc17/atlasBuild/lib/libptcblas.a /home/aposta/sc17/atlasBuild/lib/libptf77blas.a \
                   /home/aposta/sc17/atlasBuild/lib/libatlas.a -lpthread -lm
./xdlanbsrch_pt -oc res/ATL_dtGetNB_geqrf
maxN = 4928
   FINDING NB FOR M=25, N=25, LDA=25:
      nb=12: 463.02 889.00 854.81 --> 889.00 MFLOP.

      NB refinement search:
      *** i=1, nbB=12, NB=56, mul1=4, mul2=0 ***
      nb=1: 823.15 854.81 854.81  --> 854.81 MFLOP.
      nb=2: 926.04 966.30 966.30  --> 966.30 MFLOP.
      nb=3: 926.04 889.00 889.00  --> 926.04 MFLOP.
      nb=4: 926.04 926.04 926.04  --> 926.04 MFLOP.
      nb=5: 889.00 926.04 926.04  --> 926.04 MFLOP.
      nb=6: 854.81 542.07 966.30  --> 966.30 MFLOP.
      nb=7: 926.04 1058.33 1111.25  --> 1111.25 MFLOP.
      nb=8: 889.00 889.00 854.81  --> 889.00 MFLOP.
      nb=9: 889.00 1010.23 926.04  --> 1010.23 MFLOP.
      nb=10: 854.81 889.00 966.30  --> 966.30 MFLOP.
      nb=11: 889.00 529.17 854.81  --> 889.00 MFLOP.
      nb=12: 854.81 854.81 926.04  --> 926.04 MFLOP.
   FOR M=25, N=25, LDA=25, BEST NB=7

   FINDING NB FOR M=4928, N=4928, LDA=4928:
      nb=56: 27731.46 --> 27731.46 MFLOP.
      nb=112: 30329.58 --> 30329.58 MFLOP.
      nb=168: 30330.61 --> 30330.61 MFLOP.
      nb=224: 30333.24 --> 30333.24 MFLOP.
      nb=280: 30456.12 --> 30456.12 MFLOP.
      nb=336: 29811.41 --> 29811.41 MFLOP.
      nb=392: 29970.42 --> 29970.42 MFLOP.
      nb=448: 29461.32 --> 29461.32 MFLOP.
      nb=504: 28972.13 --> 28972.13 MFLOP.
      nb=560: 28578.84 --> 28578.84 MFLOP.

      NB refinement search:
      *** i=64, nbB=112, NB=56, mul1=8, mul2=0 ***
      nb=64: 28929.74  --> 28929.74 MFLOP.
      nb=72: 28420.56  --> 28420.56 MFLOP.
      nb=80: 28046.56  --> 28046.56 MFLOP.
      nb=88: 28309.65  --> 28309.65 MFLOP.
      nb=96: 26914.64  --> 26914.64 MFLOP.
      nb=104: 27074.23  --> 27074.23 MFLOP.
      nb=120: 29824.93  --> 29824.93 MFLOP.
      nb=128: 29476.51  --> 29476.51 MFLOP.
      nb=136: 28854.65  --> 28854.65 MFLOP.
      nb=144: 29797.96  --> 29797.96 MFLOP.
      nb=152: 27692.36  --> 27692.36 MFLOP.
      nb=160: 28020.52  --> 28020.52 MFLOP.
      nb=7: 7433.19  --> 7433.19 MFLOP.
   FOR M=4928, N=4928, LDA=4928, BEST NB=112

   FINDING NB FOR M=2464, N=2464, LDA=2464:
      nb=56: 27902.51 26343.92 26571.57 --> 27902.51 MFLOP.
      nb=112: 27499.11 24801.19 24267.23 --> 27499.11 MFLOP.

      NB refinement search:
      *** i=8, nbB=56, NB=56, mul1=8, mul2=0 ***
      nb=8: 11868.30 11912.30 12108.92  --> 12108.92 MFLOP.
      nb=16: 17389.11 17337.21 17083.84  --> 17389.11 MFLOP.
      nb=24: 18541.36 19144.53 18833.82  --> 19144.53 MFLOP.
      nb=32: 21000.21 20125.19 20880.95  --> 21000.21 MFLOP.
      nb=40: 19162.46 18524.93 18416.38  --> 19162.46 MFLOP.
      nb=48: 19420.67 19246.59 19392.72  --> 19420.67 MFLOP.
      nb=64: 26570.51 25632.40 25653.85  --> 26570.51 MFLOP.
      nb=72: 25915.47 25572.66 26207.24  --> 26207.24 MFLOP.
      nb=80: 23480.79 25470.93 23876.75  --> 25470.93 MFLOP.
      nb=88: 25554.72 24993.50 24243.50  --> 25554.72 MFLOP.
      nb=96: 24124.32 23356.97 23015.33  --> 24124.32 MFLOP.
      nb=104: 22862.76 23160.92 23316.09  --> 23316.09 MFLOP.
      nb=7: 7401.86 7496.49  --> 7496.49 MFLOP.
   FOR M=2464, N=2464, LDA=2464, BEST NB=56

   M=2464, N=2464, lda=2464, NB=56
   FINDING NB FOR M=1232, N=1232, LDA=1232:
      nb=56: 17390.03 21642.78 20846.81 --> 21642.78 MFLOP.

      NB refinement search:
      *** i=8, nbB=56, NB=56, mul1=8, mul2=0 ***
      nb=8: 10769.01 10939.95 10157.76  --> 10939.95 MFLOP.
      nb=16: 13407.46 13637.52 12852.73  --> 13637.52 MFLOP.
      nb=24: 13511.67 14149.08 15458.34  --> 15458.34 MFLOP.
      nb=32: 15354.70 16652.47 16938.34  --> 16938.34 MFLOP.
      nb=40: 14163.77 14522.87 14584.64  --> 14584.64 MFLOP.
      nb=48: 14796.61 13629.85 14565.07  --> 14796.61 MFLOP.
      nb=64: 19490.48 20399.28 20046.75  --> 20399.28 MFLOP.
      nb=72: 20902.84 19758.29 19420.88  --> 20902.84 MFLOP.
      nb=80: 19935.64 19064.91 18988.49  --> 19935.64 MFLOP.
      nb=88: 19232.51 17710.69 19429.05  --> 19429.05 MFLOP.
      nb=96: 17067.46 17717.98 15099.21  --> 17717.98 MFLOP.
      nb=104: 17138.00 16990.45 17295.33  --> 17295.33 MFLOP.
      nb=7: 6422.26 6747.80 6673.71  --> 6747.80 MFLOP.
      nb=56: 22844.82 21660.81 21759.75  --> 22844.82 MFLOP.
   FOR M=1232, N=1232, LDA=1232, BEST NB=56

   M=1232, N=1232, lda=1232, NB=56
   FINDING NB FOR M=616, N=616, LDA=616:
      nb=56: 15297.57 12480.91 15257.97 --> 15297.57 MFLOP.

      NB refinement search:
      *** i=4, nbB=56, NB=56, mul1=4, mul2=0 ***
      nb=4: 5382.97 5473.70 3788.73  --> 5473.70 MFLOP.
      nb=8: 6033.65 5179.24 7636.63  --> 7636.63 MFLOP.
      nb=12: 9878.65 9986.97 8799.39  --> 9986.97 MFLOP.
      nb=16: 11473.46 11435.66 11360.40  --> 11473.46 MFLOP.
      nb=20: 9267.67 10610.37 11158.74  --> 11158.74 MFLOP.
      nb=24: 11602.13 11438.59 11506.42  --> 11602.13 MFLOP.
      nb=28: 9901.19 12151.31 11675.41  --> 12151.31 MFLOP.
      nb=32: 10492.07 9981.54 9546.90  --> 10492.07 MFLOP.
      nb=36: 9212.19 8254.44 9947.22  --> 9947.22 MFLOP.
      nb=40: 9650.11 10276.03 10271.30  --> 10276.03 MFLOP.
      nb=44: 9759.84 8284.43 9275.09  --> 9759.84 MFLOP.
      nb=48: 9634.63 8936.56 8546.64  --> 9634.63 MFLOP.
      nb=52: 9909.67 9656.97 9778.47  --> 9909.67 MFLOP.
      nb=60: 13863.25 14003.69 13198.52  --> 14003.69 MFLOP.
      nb=64: 13606.06 13513.07 13252.83  --> 13606.06 MFLOP.
      nb=68: 12862.71 9788.89 9663.84  --> 12862.71 MFLOP.
      nb=72: 13347.96 11061.94 9064.39  --> 13347.96 MFLOP.
      nb=76: 9193.49 11140.43 10460.10  --> 11140.43 MFLOP.
      nb=80: 7376.80 11879.63 12326.78  --> 12326.78 MFLOP.
      nb=84: 12417.91 12202.09 11004.66  --> 12417.91 MFLOP.
      nb=88: 9286.40 11891.83 11322.11  --> 11891.83 MFLOP.
      nb=92: 10916.22 10710.03 10785.83  --> 10916.22 MFLOP.
      nb=96: 11104.79 11023.30 9569.12  --> 11104.79 MFLOP.
      nb=100: 11309.81 10686.22 8526.34  --> 11309.81 MFLOP.
      nb=104: 10810.08 10903.65 7365.67  --> 10903.65 MFLOP.
      nb=108: 12641.00 12737.37 12285.10  --> 12737.37 MFLOP.
      nb=7: 5438.63 4801.18 5223.93  --> 5438.63 MFLOP.
      nb=56: 14652.58 15285.59 16426.85  --> 16426.85 MFLOP.
   FOR M=616, N=616, LDA=616, BEST NB=56

   M=616, N=616, lda=616, NB=56
   FINDING NB FOR M=280, N=280, LDA=280:
      nb=56: 9532.79 9495.88 9368.90 --> 9532.79 MFLOP.

      NB refinement search:
      *** i=4, nbB=56, NB=56, mul1=4, mul2=0 ***
      nb=4: 4429.22 4490.04 4489.35  --> 4490.04 MFLOP.
      nb=8: 6085.14 6209.69 6203.15  --> 6209.69 MFLOP.
      nb=12: 6391.77 6212.31 6476.17  --> 6476.17 MFLOP.
      nb=16: 7101.28 6397.33 6629.36  --> 7101.28 MFLOP.
      nb=20: 5951.01 6309.55 5666.81  --> 6309.55 MFLOP.
      nb=24: 3988.58 4833.73 6253.23  --> 6253.23 MFLOP.
      nb=28: 6481.88 6459.11 6587.80  --> 6587.80 MFLOP.
      nb=32: 6055.09 5689.81 5860.93  --> 6055.09 MFLOP.
      nb=36: 5746.48 5879.66 5666.81  --> 5879.66 MFLOP.
      nb=40: 5682.12 5635.34 5626.72  --> 5682.12 MFLOP.
      nb=44: 5292.76 5425.46 5369.04  --> 5425.46 MFLOP.
      nb=48: 5519.08 5440.51 5606.35  --> 5606.35 MFLOP.
      nb=52: 5635.34 5719.67 5604.21  --> 5719.67 MFLOP.
      nb=60: 7121.91 6734.03 7163.52  --> 7163.52 MFLOP.
      nb=64: 6890.12 6983.32 6875.64  --> 6983.32 MFLOP.
      nb=68: 6501.93 6583.38 6604.07  --> 6604.07 MFLOP.
      nb=72: 7244.64 7137.45 7175.74  --> 7244.64 MFLOP.
      nb=76: 6463.37 6490.45 6321.74  --> 6490.45 MFLOP.
      nb=80: 6297.39 6242.62 6423.86  --> 6423.86 MFLOP.
      nb=84: 6033.98 6592.23 6300.09  --> 6592.23 MFLOP.
      nb=88: 5930.62 5949.80 5798.57  --> 5949.80 MFLOP.
      nb=92: 5609.55 5837.68 5633.18  --> 5837.68 MFLOP.
      nb=96: 5972.75 5509.78 5515.97  --> 5972.75 MFLOP.
      nb=100: 4297.90 5103.66 5925.84  --> 5925.84 MFLOP.
      nb=104: 5453.62 5709.69 5464.76  --> 5709.69 MFLOP.
      nb=108: 6513.44 6134.61 6416.86  --> 6513.44 MFLOP.
      nb=7: 4183.04 4229.34 4078.69  --> 4229.34 MFLOP.
      nb=56: 9676.99 9744.28 9438.01  --> 9744.28 MFLOP.
   FOR M=280, N=280, LDA=280, BEST NB=56

   M=280, N=280, lda=280, NB=56
   FINDING NB FOR M=112, N=112, LDA=112:
      nb=56: 3673.04 3644.84 3529.67 --> 3673.04 MFLOP.

      NB refinement search:
      *** i=4, nbB=56, NB=56, mul1=4, mul2=0 ***
      nb=4: 3964.43 3867.54 3867.54  --> 3964.43 MFLOP.
      nb=8: 3775.27 4031.76 4101.43  --> 4101.43 MFLOP.
      nb=12: 3805.53 3610.19 3813.17  --> 3813.17 MFLOP.
      nb=16: 3708.91 1639.86 3510.09  --> 3708.91 MFLOP.
      nb=20: 3186.17 3118.16 3331.51  --> 3331.51 MFLOP.
      nb=24: 2953.28 3149.19 2817.45  --> 3149.19 MFLOP.
      nb=28: 1815.45 2226.21 3343.24  --> 3343.24 MFLOP.
      nb=32: 3133.60 2601.32 3343.24  --> 3343.24 MFLOP.
      nb=36: 1813.72 2772.20 2447.11  --> 2772.20 MFLOP.
      nb=40: 2796.70 2495.35 2361.89  --> 2796.70 MFLOP.
      nb=44: 2482.30 1832.97 3325.67  --> 3325.67 MFLOP.
      nb=48: 3262.82 3314.07 2667.08  --> 3314.07 MFLOP.
      nb=52: 2298.98 2501.92 3033.48  --> 3033.48 MFLOP.
      nb=56: 3516.59 3673.04 3665.95  --> 3673.04 MFLOP.
      nb=7: 3440.14 3582.94 3229.52  --> 3582.94 MFLOP.
   FOR M=112, N=112, LDA=112, BEST NB=8

   M=112, N=112, lda=112, NB=8
   FINDING NB FOR M=168, N=168, LDA=168:
      nb=56: 5912.49 5480.74 5804.89 --> 5912.49 MFLOP.

      NB refinement search:
      *** i=4, nbB=56, NB=56, mul1=4, mul2=0 ***
      nb=4: 4524.52 4550.34 4602.87  --> 4602.87 MFLOP.
      nb=8: 4949.24 4704.70 4612.85  --> 4949.24 MFLOP.
      nb=12: 5027.25 5011.45 5059.14  --> 5059.14 MFLOP.
      nb=16: 5099.58 5031.21 4822.05  --> 5099.58 MFLOP.
      nb=20: 4360.61 4579.74 4622.88  --> 4622.88 MFLOP.
      nb=24: 4818.41 4732.62 4767.99  --> 4818.41 MFLOP.
      nb=28: 4743.18 4778.71 4968.52  --> 4968.52 MFLOP.
      nb=32: 4255.89 4139.89 4354.66  --> 4354.66 MFLOP.
      nb=36: 4118.51 3999.73 4255.89  --> 4255.89 MFLOP.
      nb=40: 4099.98 4081.62 4097.35  --> 4099.98 MFLOP.
      nb=44: 3950.20 3765.98 3989.73  --> 3989.73 MFLOP.
      nb=48: 4336.90 4313.44 4042.82  --> 4336.90 MFLOP.
      nb=52: 4177.85 4121.17 4250.22  --> 4250.22 MFLOP.
      nb=60: 4937.75 4953.09 4888.56  --> 4953.09 MFLOP.
      nb=64: 3258.21 3622.70 4643.07  --> 4643.07 MFLOP.
      nb=68: 3774.90 3338.34 4476.90  --> 4476.90 MFLOP.
      nb=72: 4053.10 4081.62 4476.90  --> 4476.90 MFLOP.
      nb=76: 4505.35 4375.57 4342.80  --> 4505.35 MFLOP.
      nb=80: 3651.73 4210.94 4298.91  --> 4298.91 MFLOP.
      nb=84: 4172.38 4480.04 4511.72  --> 4511.72 MFLOP.
      nb=56: 6230.05 6242.25 6373.20  --> 6373.20 MFLOP.
   FOR M=168, N=168, LDA=168, BEST NB=56

   M=168, N=168, lda=168, NB=56
         N     NB
==========  =====
        25     7
       112     8
       168    56
       280    56
       616    56
      1232    56
      2464    56
      4928   112
GEQRF: Side='RIGHT', Uplo='UPPER', M=25, N=25, bestNB=7
GEQRF: Side='RIGHT', Uplo='UPPER', M=112, N=112, bestNB=8
GEQRF: Side='RIGHT', Uplo='UPPER', M=168, N=168, bestNB=56
GEQRF: Side='RIGHT', Uplo='UPPER', M=280, N=280, bestNB=56
GEQRF: Side='RIGHT', Uplo='UPPER', M=616, N=616, bestNB=56
GEQRF: Side='RIGHT', Uplo='UPPER', M=1232, N=1232, bestNB=56
GEQRF: Side='RIGHT', Uplo='UPPER', M=2464, N=2464, bestNB=56
GEQRF: Side='RIGHT', Uplo='UPPER', M=4928, N=4928, bestNB=112
make[3]: Leaving directory '/home/aposta/sc17/atlasBuild/tune/lapack'
make[2]: Leaving directory '/home/aposta/sc17/atlasBuild/bin'

*******************************************************************************
*******************************************************************************
*******************************************************************************
*      FINISHED ATLAS3.10.3 INSTALL OF SECTION 4-3-1 ON 08/11/2017 AT 04:43   *
*******************************************************************************
*******************************************************************************
*******************************************************************************



