
*******************************************************************************
*******************************************************************************
*******************************************************************************
*       BEGAN ATLAS3.10.3 INSTALL OF SECTION 2-2-7 ON 08/09/2017 AT 15:56     *
*******************************************************************************
*******************************************************************************
*******************************************************************************



make[2]: Entering directory '/home/aposta/sc17/atlasBuild/bin'
cd /home/aposta/sc17/atlasBuild/tune/blas/gemv ; make res/sMVNK.sum pre=s
make[3]: Entering directory '/home/aposta/sc17/atlasBuild/tune/blas/gemv'
./xmvnksearch -p s

      Read in L1 Cache size as = 128KB.

Cases read in:
ID=1 ROUT='ATL_gemvN_axpy.c' AUTH='R. Clint Whaley' TA='N' \
   rankR=0 CacheElts=0 SSE=0 alignA=0 alignY=0 alignX=0 minM=0 minN=0 NU=16  \
   MU=1 LDAMUL=0 PFTUNABLE=0 ALIGNX2A=0 ADDCFLAGS=0 GEMMBASED=0 AXPYBASED=1  \
   ALLALIGNXY=0 LDYTOP=0 FNU=0 X87=0 
ID=2 ROUT='ATL_sgemvN_8x4_sse.c' AUTH='R. Clint Whaley' TA='N' \
   rankR=0 CacheElts=0 SSE=1 alignA=0 alignY=16 alignX=0 minM=0 minN=0  \
   NU=4 MU=8 LDAMUL=16 PFTUNABLE=0 ALIGNX2A=1 ADDCFLAGS=0 GEMMBASED=0 AXPYBASED=1  \
   ALLALIGNXY=0 LDYTOP=0 FNU=0 X87=0 
ID=3 ROUT='ATL_gemvN_v6x8_vsx.c' AUTH='IBM' TA='N' \
   rankR=0 CacheElts=0 SSE=0 alignA=0 alignY=0 alignX=0 minM=0 minN=0 NU=8  \
   MU=24 LDAMUL=0 PFTUNABLE=0 ALIGNX2A=0 ADDCFLAGS=0 GEMMBASED=0 AXPYBASED=1  \
   ALLALIGNXY=0 LDYTOP=0 FNU=0 X87=0   CFLAGS='-O3 -mvsx'  COMP='gcc'

BEGIN BASIC KERNEL TESTS:
   Kernel ATL_gemvN_axpy.c(1) passes basic test
   Kernel ATL_sgemvN_8x4_sse.c(2) passes basic test
   NUKING bad kernel ATL_gemvN_v6x8_vsx.c(3), MU=24, NU=8
DONE BASIC KERNEL TESTS:


Surviving cases:
ID=1 ROUT='ATL_gemvN_axpy.c' AUTH='R. Clint Whaley' TA='N' \
   rankR=0 CacheElts=0 SSE=0 alignA=0 alignY=0 alignX=0 minM=0 minN=0 NU=16  \
   MU=1 LDAMUL=0 PFTUNABLE=0 ALIGNX2A=0 ADDCFLAGS=0 GEMMBASED=0 AXPYBASED=1  \
   ALLALIGNXY=0 LDYTOP=0 FNU=0 X87=0 
ID=2 ROUT='ATL_sgemvN_8x4_sse.c' AUTH='R. Clint Whaley' TA='N' \
   rankR=0 CacheElts=0 SSE=1 alignA=0 alignY=16 alignX=0 minM=0 minN=0  \
   NU=4 MU=8 LDAMUL=16 PFTUNABLE=0 ALIGNX2A=1 ADDCFLAGS=0 GEMMBASED=0 AXPYBASED=1  \
   ALLALIGNXY=0 LDYTOP=0 FNU=0 X87=0 
BEGIN NU/MU EXTRACT SEARCH, imf=1:

BEGIN BASIC KERNEL TESTS:
   Kernel smvn_C.c(900000) passes basic test
   Kernel smvn_C.c(900000) passes basic test
   Kernel smvn_C.c(900000) passes basic test
   Kernel smvn_C.c(900000) passes basic test
   Kernel smvn_C.c(900000) passes basic test
   Kernel smvn_C.c(900000) passes basic test
   Kernel smvn_C.c(900000) passes basic test
   Kernel smvn_C.c(900000) passes basic test
   Kernel smvn_C.c(900000) passes basic test
   Kernel smvn_C.c(900000) passes basic test
   Kernel smvn_C.c(900000) passes basic test
   Kernel smvn_C.c(900000) passes basic test
   Kernel smvn_C.c(900000) passes basic test
   Kernel smvn_C.c(900000) passes basic test
   Kernel smvn_C.c(900000) passes basic test
   Kernel smvn_C.c(900000) passes basic test
DONE BASIC KERNEL TESTS:

   900000:smvn_C.c (M=3000, N=2000, lda=3003) gets 3000.75 MFLOPS
   900000:smvn_C.c (M=3000, N=2000, lda=3003) gets 3000.75 MFLOPS
   900000:smvn_C.c (M=3000, N=2000, lda=3003) gets 3000.75 MFLOPS
   900000:smvn_C.c (M=3000, N=2000, lda=3003) gets 3000.75 MFLOPS
   900000:smvn_C.c (M=3000, N=1992, lda=3003) gets 2988.75 MFLOPS
   900000:smvn_C.c (M=3000, N=2000, lda=3003) gets 3000.75 MFLOPS
   900000:smvn_C.c (M=3000, N=2000, lda=3003) gets 3000.75 MFLOPS
   900000:smvn_C.c (M=3000, N=1992, lda=3003) gets 2988.75 MFLOPS
   900000:smvn_C.c (M=3000, N=2000, lda=3003) gets 1000.25 MFLOPS
   900000:smvn_C.c (M=3000, N=2000, lda=3003) gets 3000.75 MFLOPS
   900000:smvn_C.c (M=3000, N=2000, lda=3003) gets 3000.75 MFLOPS
   900000:smvn_C.c (M=3000, N=2000, lda=3003) gets 3000.75 MFLOPS
   900000:smvn_C.c (M=3000, N=1992, lda=3003) gets 2988.75 MFLOPS
   900000:smvn_C.c (M=3000, N=2000, lda=3003) gets 3000.75 MFLOPS
   900000:smvn_C.c (M=3000, N=2000, lda=3003) gets 3000.75 MFLOPS
   900000:smvn_C.c (M=3000, N=1992, lda=3003) gets 2988.75 MFLOPS
   mu=16, nu=1, mflop[1]=3000.75
   mu=16, nu=2, mflop[1]=3000.75
   mu=16, nu=4, mflop[1]=3000.75
   mu=16, nu=8, mflop[1]=3000.75
   mu=16, nu=12, mflop[1]=2988.75
   mu=16, nu=16, mflop[1]=3000.75
   mu=16, nu=20, mflop[1]=3000.75
   mu=16, nu=24, mflop[1]=2988.75
   mu=128, nu=1, mflop[1]=1000.25
   mu=112, nu=2, mflop[1]=3000.75
   mu=96, nu=4, mflop[1]=3000.75
   mu=80, nu=8, mflop[1]=3000.75
   mu=64, nu=12, mflop[1]=2988.75
   mu=48, nu=16, mflop[1]=3000.75
   mu=32, nu=20, mflop[1]=3000.75
   mu=32, nu=24, mflop[1]=2988.75
BEST GENERATED NU-TUNED KERNEL FOR imf=1: MU=16, NU=1, MF=3000.75

BEGIN MU EXTRACT SEARCH, imf=1
   NU=1, MU=16, mflop[1]=3000.75
   900000:smvn_C.c (M=3000, N=2000, lda=3003) gets 3000.75 MFLOPS
   NU=1, MU=32, mflop[1]=3000.75
   900000:smvn_C.c (M=3000, N=2000, lda=3003) gets 3000.75 MFLOPS
   NU=1, MU=1, mflop[1]=3000.75
   900000:smvn_C.c (M=3000, N=2000, lda=3003) gets 3000.75 MFLOPS
   NU=1, MU=2, mflop[1]=3000.75
   900000:smvn_C.c (M=3000, N=2000, lda=3003) gets 3000.75 MFLOPS
   NU=1, MU=4, mflop[1]=3000.75
   900000:smvn_C.c (M=3000, N=2000, lda=3003) gets 3000.75 MFLOPS
   NU=1, MU=8, mflop[1]=3000.75
   900000:smvn_C.c (M=3000, N=2000, lda=3003) gets 3000.75 MFLOPS
   NU=1, MU=12, mflop[1]=3000.75
BEST MU-TUNED GENERATED KERNEL FOR imf=1: NU=1, MU=16, MF=3000.75

BEGIN BASIC KERNEL TESTS:
   Kernel smvn_C.c(900000) passes basic test
DONE BASIC KERNEL TESTS:

BEGIN NU/MU EXTRACT SEARCH, imf=1:

BEGIN BASIC KERNEL TESTS:
   Kernel smvn_sse.c(900000) passes basic test
   Kernel smvn_sse.c(900000) passes basic test
   Kernel smvn_sse.c(900000) passes basic test
   Kernel smvn_sse.c(900000) passes basic test
   Kernel smvn_sse.c(900000) passes basic test
   Kernel smvn_sse.c(900000) passes basic test
   Kernel smvn_sse.c(900000) passes basic test
   Kernel smvn_sse.c(900000) passes basic test
   Kernel smvn_sse.c(900000) passes basic test
   Kernel smvn_sse.c(900000) passes basic test
DONE BASIC KERNEL TESTS:

   900000:smvn_sse.c (M=3000, N=2000, lda=3003) gets 3000.75 MFLOPS
   900000:smvn_sse.c (M=3000, N=2000, lda=3003) gets 3000.75 MFLOPS
   900000:smvn_sse.c (M=3000, N=2000, lda=3003) gets 3000.75 MFLOPS
   900000:smvn_sse.c (M=3000, N=2000, lda=3003) gets 3000.75 MFLOPS
   900000:smvn_sse.c (M=3000, N=1992, lda=3003) gets 2988.75 MFLOPS
   900000:smvn_sse.c (M=3000, N=2000, lda=3003) gets 3000.75 MFLOPS
   900000:smvn_sse.c (M=3000, N=2000, lda=3003) gets 3000.75 MFLOPS
   900000:smvn_sse.c (M=3000, N=2000, lda=3003) gets 3000.75 MFLOPS
   900000:smvn_sse.c (M=3000, N=2000, lda=3003) gets 3000.75 MFLOPS
   900000:smvn_sse.c (M=3000, N=1992, lda=3003) gets 2988.75 MFLOPS
   mu=16, nu=1, mflop[1]=3000.75
   mu=16, nu=2, mflop[1]=3000.75
   mu=16, nu=4, mflop[1]=3000.75
   mu=16, nu=8, mflop[1]=3000.75
   mu=16, nu=12, mflop[1]=2988.75
   mu=96, nu=1, mflop[1]=3000.75
   mu=80, nu=2, mflop[1]=3000.75
   mu=64, nu=4, mflop[1]=3000.75
   mu=48, nu=8, mflop[1]=3000.75
   mu=32, nu=12, mflop[1]=2988.75
BEST GENERATED NU-TUNED KERNEL FOR imf=1: MU=16, NU=1, MF=3000.75

BEGIN MU EXTRACT SEARCH, imf=1
   NU=1, MU=16, mflop[1]=3000.75
   900000:smvn_sse.c (M=3000, N=2000, lda=3003) gets 3000.75 MFLOPS
   NU=1, MU=32, mflop[1]=3000.75
BEST MU-TUNED GENERATED KERNEL FOR imf=1: NU=1, MU=16, MF=3000.75

BEGIN BASIC KERNEL TESTS:
   Kernel smvn_sse.c(900000) passes basic test
DONE BASIC KERNEL TESTS:


BEGIN L1-BLOCKED TUNING
   900002:smvn_sse.c (M=3000, N=2000, lda=3003) gets 3000.75 MFLOPS
   900001:smvn_C.c (M=3000, N=2000, lda=3003) gets 3000.75 MFLOPS
   1:ATL_gemvN_axpy.c (M=3000, N=2000, lda=3003) gets 3000.75 MFLOPS

TUNING PREFETCH INST, imf=0, BASELINE MFLOP=3000.75

   OP  PREF    MU    NU         MFLOP
   ==  ====  ====  ====  ============
    A   DEF    16     1       3000.75
    A   nta    16     1       3000.75
    A    t0    16     1       3000.75
    A    t1    16     1       3000.75
    A    t2    16     1       3000.75

   OP  PREF    MU    NU         MFLOP
   ==  ====  ====  ====  ============
    X   DEF    16     1       3000.75
    X   nta    16     1       3000.75
    X    t0    16     1       1500.38
    X    t1    16     1       3000.75
    X    t2    16     1       3000.75

   OP  PREF    MU    NU         MFLOP
   ==  ====  ====  ====  ============
    Y   DEF    16     1       3000.75
    Y   nta    16     1       3000.75
    Y    t0    16     1       3000.75
    Y    t1    16     1       3000.75
    Y    t2    16     1       3000.75

BEST MFLOP[0]=3000.75 (0.00 percent improvement)
   cflags='-x assembler-with-cpp'

TUNING PREFETCH DISTANCE FOR OPERAND 'A', imf=0:
   OP  DIST    MU    NU         MFLOP
   ==  ====  ====  ====  ============
    A   DEF    16     1       3000.75
    A    64    16     1       3000.75
    A   256    16     1       3000.75
    A   192    16     1       3000.75
    A     0    16     1       3000.75
DEFAULT imf=0 ADISTANCE IS BEST (3000.75)

TUNING PREFETCH DISTANCE FOR OPERAND 'X', imf=0:
   OP  DIST    MU    NU         MFLOP
   ==  ====  ====  ====  ============
    X   DEF    16     1       3000.75
    X    64    16     1       3000.75
    X   256    16     1       3000.75
    X   192    16     1       3000.75
    X     0    16     1       3000.75
DEFAULT imf=0 XDISTANCE IS BEST (3000.75)

TUNING PREFETCH DISTANCE FOR OPERAND 'Y', imf=0:
   OP  DIST    MU    NU         MFLOP
   ==  ====  ====  ====  ============
    Y   DEF    16     1       3000.75
    Y    64    16     1       3000.75
    Y   256    16     1       3000.75
    Y   192    16     1       3000.75
    Y     0    16     1       3000.75
DEFAULT imf=0 YDISTANCE IS BEST (3000.75)

PREFETCH DISTANCE TUNING imf=0 improved from 3000.75 to 3000.75 (0.00 percent)
DONE L1-BLOCKED TUNING, CHOSE 'smvn_sse.c' (3000.75)


CACHE TUNING FOR 900002:'smvn_sse.c', MU=16 NU=1
------------------------------------------
     M       N     lda  percL1       mflop
======  ======  ======  ======  ==========
  3000    2000    3003      50    3000.75
  3000    2000    3003     100    3000.75
  3000    2000    3003      74    3000.75
  3000    2000    3003      62    1500.38
  3000    2000    3003      56    1500.38
  3000    2000    3003      52    3000.75
  3000    2000    3003      54    3000.75
  3000    2000    3003      58    3000.75
  3000    2000    3003      60    1500.38
  3000    2000    3003      68    3000.75
  3000    2000    3003      64    1500.38
  3000    2000    3003      66    3000.75
  3000    2000    3003      70    3000.75
  3000    2000    3003      72    3000.75
  3000    2000    3003      86    3000.75
  3000    2000    3003      80    3000.75
  3000    2000    3003      76    3000.75
  3000    2000    3003      78    3000.75
  3000    2000    3003      82    3000.75
  3000    2000    3003      84    3000.75
  3000    2000    3003      92    3000.75
  3000    2000    3003      88    3000.75
  3000    2000    3003      90    3000.75
  3000    2000    3003      96    3000.75
  3000    2000    3003      94    3000.75
  3000    2000    3003      98    3000.75

BEST CASE 50 percent of L1, MFLOP=3000.75


BEGIN L2-BLOCKED TUNING
   900002:smvn_sse.c (M=3000, N=2000, lda=3003) gets 3000.75 MFLOPS
   900001:smvn_C.c (M=3000, N=2000, lda=3003) gets 3000.75 MFLOPS
   1:ATL_gemvN_axpy.c (M=3000, N=2000, lda=3003) gets 3000.75 MFLOPS

TUNING PREFETCH INST, imf=1, BASELINE MFLOP=3000.75

   OP  PREF    MU    NU         MFLOP
   ==  ====  ====  ====  ============
    A   DEF    16     1       3000.75
    A   nta    16     1       3000.75
    A    t0    16     1       3000.75
    A    t1    16     1       3000.75
    A    t2    16     1       3000.75

   OP  PREF    MU    NU         MFLOP
   ==  ====  ====  ====  ============
    X   DEF    16     1       3000.75
    X   nta    16     1       3000.75
    X    t0    16     1       3000.75
    X    t1    16     1       3000.75
    X    t2    16     1       3000.75

   OP  PREF    MU    NU         MFLOP
   ==  ====  ====  ====  ============
    Y   DEF    16     1       3000.75
    Y   nta    16     1       3000.75
    Y    t0    16     1       3000.75
    Y    t1    16     1       3000.75
    Y    t2    16     1       3000.75

BEST MFLOP[1]=3000.75 (0.00 percent improvement)
   cflags='-x assembler-with-cpp'

TUNING PREFETCH DISTANCE FOR OPERAND 'A', imf=1:
   OP  DIST    MU    NU         MFLOP
   ==  ====  ====  ====  ============
    A   DEF    16     1       3000.75
    A    64    16     1       3000.75
    A   256    16     1       3000.75
    A   192    16     1       3000.75
    A     0    16     1       3000.75
DEFAULT imf=1 ADISTANCE IS BEST (3000.75)

TUNING PREFETCH DISTANCE FOR OPERAND 'X', imf=1:
   OP  DIST    MU    NU         MFLOP
   ==  ====  ====  ====  ============
    X   DEF    16     1       3000.75
    X    64    16     1       3000.75
    X   256    16     1       3000.75
    X   192    16     1       3000.75
    X     0    16     1       3000.75
DEFAULT imf=1 XDISTANCE IS BEST (3000.75)

TUNING PREFETCH DISTANCE FOR OPERAND 'Y', imf=1:
   OP  DIST    MU    NU         MFLOP
   ==  ====  ====  ====  ============
    Y   DEF    16     1       1500.38
    Y    64    16     1       3000.75
    Y   256    16     1       3000.75
    Y   192    16     1       3000.75
    Y     0    16     1       3000.75
BEST imf=1 PFYDIST=128 (3000.75)

PREFETCH DISTANCE TUNING imf=1 improved from 3000.75 to 3000.75 (0.00 percent)
DONE L2-BLOCKED TUNING, CHOSE 'smvn_sse.c' (3000.75)


CACHE TUNING FOR 900002:'smvn_sse.c', MU=16 NU=1
------------------------------------------
     M       N     lda  percL1       mflop
======  ======  ======  ======  ==========
  3000    2000    3003     150    1500.38
  3000    2000    3003     800    3000.75
  3000    2000    3003     450    3000.75
  3000    2000    3003     300    3000.75
  3000    2000    3003     200    3000.75
  3000    2000    3003     250    3000.75
  3000    2000    3003     350    3000.75
  3000    2000    3003     400    3000.75
  3000    2000    3003     600    3000.75
  3000    2000    3003     500    3000.75
  3000    2000    3003     550    3000.75
  3000    2000    3003     700    1500.38
  3000    2000    3003     650    3000.75
  3000    2000    3003     750    3000.75

BEST CASE 200 percent of L1, MFLOP=3000.75

BEST L1-blocked kernel:
ID=900002 ROUT='smvn_sse.c' AUTH='R. Clint Whaley' TA='N' \
   rankR=0 CacheElts=16384 SSE=3 alignA=0 alignY=16 alignX=16 minM=16 minN=1  \
   NU=1 MU=16 LDAMUL=0 PFTUNABLE=1 ALIGNX2A=0 ADDCFLAGS=0 GEMMBASED=0 AXPYBASED=1  \
   ALLALIGNXY=0 LDYTOP=0 FNU=1 X87=0  \
   MFLOP=3.000750e+03,3.000750e+03  ASM=GAS_x8664  CFLAGS='-x assembler-with-cpp' \
     COMP='/usr/bin/c99-gcc -fomit-frame-pointer -mfpmath=sse -O2 -fno-schedule-insns2 -mavx2 -mfma -m64 -m64'
BEST L2-blocked kernel:
ID=900002 ROUT='smvn_sse.c' AUTH='R. Clint Whaley' TA='N' \
   rankR=0 CacheElts=65536 SSE=3 alignA=0 alignY=16 alignX=16 minM=16 minN=1  \
   NU=1 MU=16 LDAMUL=0 PFTUNABLE=1 ALIGNX2A=0 ADDCFLAGS=0 GEMMBASED=0 AXPYBASED=1  \
   ALLALIGNXY=0 LDYTOP=0 FNU=1 X87=0  \
   MFLOP=3.000750e+03,3.000750e+03  ASM=GAS_x8664 \
     CFLAGS='-x assembler-with-cpp -DPFYDIST=128' \
     COMP='/usr/bin/c99-gcc -fomit-frame-pointer -mfpmath=sse -O2 -fno-schedule-insns2 -mavx2 -mfma -m64 -m64'
BEGIN NU/MU EXTRACT SEARCH, imf=4:

BEGIN BASIC KERNEL TESTS:
   Kernel smvn_C.c(900000) passes basic test
   Kernel smvn_C.c(900000) passes basic test
   Kernel smvn_C.c(900000) passes basic test
   Kernel smvn_C.c(900000) passes basic test
   Kernel smvn_C.c(900000) passes basic test
   Kernel smvn_C.c(900000) passes basic test
   Kernel smvn_C.c(900000) passes basic test
   Kernel smvn_C.c(900000) passes basic test
   Kernel smvn_C.c(900000) passes basic test
   Kernel smvn_C.c(900000) passes basic test
   Kernel smvn_C.c(900000) passes basic test
   Kernel smvn_C.c(900000) passes basic test
   Kernel smvn_C.c(900000) passes basic test
   Kernel smvn_C.c(900000) passes basic test
   Kernel smvn_C.c(900000) passes basic test
   Kernel smvn_C.c(900000) passes basic test
DONE BASIC KERNEL TESTS:

   900000:smvn_C.c (M=3481, N=8, lda=3486) gets 2958.85 MFLOPS
   900000:smvn_C.c (M=3481, N=8, lda=3486) gets 2958.85 MFLOPS
   900000:smvn_C.c (M=3481, N=8, lda=3486) gets 2958.85 MFLOPS
   900000:smvn_C.c (M=3481, N=8, lda=3486) gets 2958.85 MFLOPS
   900000:smvn_C.c (M=2321, N=12, lda=2324) gets 2959.28 MFLOPS
   900000:smvn_C.c (M=1740, N=16, lda=1743) gets 2957.13 MFLOPS
   900000:smvn_C.c (M=1392, N=20, lda=1400) gets 2967.74 MFLOPS
   900000:smvn_C.c (M=1160, N=24, lda=1169) gets 2955.68 MFLOPS
   900000:smvn_C.c (M=3481, N=8, lda=3486) gets 1479.42 MFLOPS
   900000:smvn_C.c (M=3481, N=8, lda=3486) gets 1479.42 MFLOPS
   900000:smvn_C.c (M=3481, N=8, lda=3486) gets 1479.42 MFLOPS
   900000:smvn_C.c (M=3481, N=8, lda=3486) gets 2958.85 MFLOPS
   900000:smvn_C.c (M=2321, N=12, lda=2324) gets 2959.28 MFLOPS
   900000:smvn_C.c (M=1740, N=16, lda=1743) gets 2957.13 MFLOPS
   900000:smvn_C.c (M=1392, N=20, lda=1400) gets 2967.74 MFLOPS
   900000:smvn_C.c (M=1160, N=24, lda=1169) gets 2955.68 MFLOPS
   mu=16, nu=1, mflop[4]=2958.85
   mu=16, nu=2, mflop[4]=2958.85
   mu=16, nu=4, mflop[4]=2958.85
   mu=16, nu=8, mflop[4]=2958.85
   mu=16, nu=12, mflop[4]=2959.28
   mu=16, nu=16, mflop[4]=2957.13
   mu=16, nu=20, mflop[4]=2967.74
   mu=16, nu=24, mflop[4]=2955.68
   mu=128, nu=1, mflop[4]=1479.42
   mu=112, nu=2, mflop[4]=1479.42
   mu=96, nu=4, mflop[4]=1479.42
   mu=80, nu=8, mflop[4]=2958.85
   mu=64, nu=12, mflop[4]=2959.28
   mu=48, nu=16, mflop[4]=2957.13
   mu=32, nu=20, mflop[4]=2967.74
   mu=32, nu=24, mflop[4]=2955.68
BEST GENERATED NU-TUNED KERNEL FOR imf=4: MU=16, NU=20, MF=2967.74

BEGIN MU EXTRACT SEARCH, imf=4
   NU=20, MU=16, mflop[4]=2967.74
   900000:smvn_C.c (M=1392, N=20, lda=1400) gets 2967.74 MFLOPS
   NU=20, MU=32, mflop[4]=2967.74
   900000:smvn_C.c (M=1392, N=20, lda=1400) gets 2967.74 MFLOPS
   NU=20, MU=1, mflop[4]=2967.74
   900000:smvn_C.c (M=1392, N=20, lda=1400) gets 2967.74 MFLOPS
   NU=20, MU=2, mflop[4]=2967.74
   900000:smvn_C.c (M=1392, N=20, lda=1400) gets 2967.74 MFLOPS
   NU=20, MU=4, mflop[4]=2967.74
   900000:smvn_C.c (M=1392, N=20, lda=1400) gets 2967.74 MFLOPS
   NU=20, MU=8, mflop[4]=2967.74
   900000:smvn_C.c (M=1392, N=20, lda=1400) gets 2967.74 MFLOPS
   NU=20, MU=12, mflop[4]=2967.74
BEST MU-TUNED GENERATED KERNEL FOR imf=4: NU=20, MU=16, MF=2967.74

BEGIN BASIC KERNEL TESTS:
   Kernel smvn_C.c(900000) passes basic test
DONE BASIC KERNEL TESTS:

BEGIN NU/MU EXTRACT SEARCH, imf=4:

BEGIN BASIC KERNEL TESTS:
   Kernel smvn_sse.c(900000) passes basic test
   Kernel smvn_sse.c(900000) passes basic test
   Kernel smvn_sse.c(900000) passes basic test
   Kernel smvn_sse.c(900000) passes basic test
   Kernel smvn_sse.c(900000) passes basic test
   Kernel smvn_sse.c(900000) passes basic test
   Kernel smvn_sse.c(900000) passes basic test
   Kernel smvn_sse.c(900000) passes basic test
   Kernel smvn_sse.c(900000) passes basic test
   Kernel smvn_sse.c(900000) passes basic test
DONE BASIC KERNEL TESTS:

   900000:smvn_sse.c (M=3481, N=8, lda=3486) gets 1479.42 MFLOPS
   900000:smvn_sse.c (M=3481, N=8, lda=3486) gets 2958.85 MFLOPS
   900000:smvn_sse.c (M=3481, N=8, lda=3486) gets 2958.85 MFLOPS
   900000:smvn_sse.c (M=3481, N=8, lda=3486) gets 2958.85 MFLOPS
   900000:smvn_sse.c (M=2321, N=12, lda=2324) gets 2959.28 MFLOPS
   900000:smvn_sse.c (M=3481, N=8, lda=3486) gets 1479.42 MFLOPS
   900000:smvn_sse.c (M=3481, N=8, lda=3486) gets 2958.85 MFLOPS
   900000:smvn_sse.c (M=3481, N=8, lda=3486) gets 2958.85 MFLOPS
   900000:smvn_sse.c (M=3481, N=8, lda=3486) gets 2958.85 MFLOPS
   900000:smvn_sse.c (M=2321, N=12, lda=2324) gets 2959.28 MFLOPS
   mu=16, nu=1, mflop[4]=1479.42
   mu=16, nu=2, mflop[4]=2958.85
   mu=16, nu=4, mflop[4]=2958.85
   mu=16, nu=8, mflop[4]=2958.85
   mu=16, nu=12, mflop[4]=2959.28
   mu=96, nu=1, mflop[4]=1479.42
   mu=80, nu=2, mflop[4]=2958.85
   mu=64, nu=4, mflop[4]=2958.85
   mu=48, nu=8, mflop[4]=2958.85
   mu=32, nu=12, mflop[4]=2959.28
BEST GENERATED NU-TUNED KERNEL FOR imf=4: MU=16, NU=12, MF=2959.28

BEGIN MU EXTRACT SEARCH, imf=4
   NU=12, MU=16, mflop[4]=2959.28
   900000:smvn_sse.c (M=2321, N=12, lda=2324) gets 2959.28 MFLOPS
   NU=12, MU=32, mflop[4]=2959.28
BEST MU-TUNED GENERATED KERNEL FOR imf=4: NU=12, MU=16, MF=2959.28

BEGIN BASIC KERNEL TESTS:
   Kernel smvn_sse.c(900000) passes basic test
DONE BASIC KERNEL TESTS:

BEGIN NU/MU EXTRACT SEARCH, imf=3:

BEGIN BASIC KERNEL TESTS:
   Kernel smvn_C.c(900000) passes basic test
   Kernel smvn_C.c(900000) passes basic test
   Kernel smvn_C.c(900000) passes basic test
   Kernel smvn_C.c(900000) passes basic test
   Kernel smvn_C.c(900000) passes basic test
   Kernel smvn_C.c(900000) passes basic test
   Kernel smvn_C.c(900000) passes basic test
   Kernel smvn_C.c(900000) passes basic test
   Kernel smvn_C.c(900000) passes basic test
   Kernel smvn_C.c(900000) passes basic test
   Kernel smvn_C.c(900000) passes basic test
   Kernel smvn_C.c(900000) passes basic test
   Kernel smvn_C.c(900000) passes basic test
   Kernel smvn_C.c(900000) passes basic test
   Kernel smvn_C.c(900000) passes basic test
   Kernel smvn_C.c(900000) passes basic test
DONE BASIC KERNEL TESTS:

   900000:smvn_C.c (M=2048, N=16, lda=2051) gets 2973.70 MFLOPS
   900000:smvn_C.c (M=2048, N=16, lda=2051) gets 2973.70 MFLOPS
   900000:smvn_C.c (M=2048, N=16, lda=2051) gets 2973.70 MFLOPS
   900000:smvn_C.c (M=2048, N=16, lda=2051) gets 2973.70 MFLOPS
   900000:smvn_C.c (M=1365, N=24, lda=1372) gets 2976.38 MFLOPS
   900000:smvn_C.c (M=2048, N=16, lda=2051) gets 2973.70 MFLOPS
   900000:smvn_C.c (M=1638, N=20, lda=1645) gets 2954.95 MFLOPS
   900000:smvn_C.c (M=1365, N=24, lda=1372) gets 2976.38 MFLOPS
   900000:smvn_C.c (M=2048, N=16, lda=2051) gets 1486.85 MFLOPS
   900000:smvn_C.c (M=2048, N=16, lda=2051) gets 1486.85 MFLOPS
   900000:smvn_C.c (M=2048, N=16, lda=2051) gets 2973.70 MFLOPS
   900000:smvn_C.c (M=2048, N=16, lda=2051) gets 2973.70 MFLOPS
   900000:smvn_C.c (M=1365, N=24, lda=1372) gets 2976.38 MFLOPS
   900000:smvn_C.c (M=2048, N=16, lda=2051) gets 2973.70 MFLOPS
   900000:smvn_C.c (M=1638, N=20, lda=1645) gets 2954.95 MFLOPS
   900000:smvn_C.c (M=1365, N=24, lda=1372) gets 2976.38 MFLOPS
   mu=16, nu=1, mflop[3]=2973.70
   mu=16, nu=2, mflop[3]=2973.70
   mu=16, nu=4, mflop[3]=2973.70
   mu=16, nu=8, mflop[3]=2973.70
   mu=16, nu=12, mflop[3]=2976.38
   mu=16, nu=16, mflop[3]=2973.70
   mu=16, nu=20, mflop[3]=2954.95
   mu=16, nu=24, mflop[3]=2976.38
   mu=128, nu=1, mflop[3]=1486.85
   mu=112, nu=2, mflop[3]=1486.85
   mu=96, nu=4, mflop[3]=2973.70
   mu=80, nu=8, mflop[3]=2973.70
   mu=64, nu=12, mflop[3]=2976.38
   mu=48, nu=16, mflop[3]=2973.70
   mu=32, nu=20, mflop[3]=2954.95
   mu=32, nu=24, mflop[3]=2976.38
BEST GENERATED NU-TUNED KERNEL FOR imf=3: MU=16, NU=12, MF=2976.38

BEGIN MU EXTRACT SEARCH, imf=3
   NU=12, MU=16, mflop[3]=2976.38
   900000:smvn_C.c (M=1365, N=24, lda=1372) gets 2976.38 MFLOPS
   NU=12, MU=32, mflop[3]=2976.38
   900000:smvn_C.c (M=1365, N=24, lda=1372) gets 2976.38 MFLOPS
   NU=12, MU=1, mflop[3]=2976.38
   900000:smvn_C.c (M=1365, N=24, lda=1372) gets 2976.38 MFLOPS
   NU=12, MU=2, mflop[3]=2976.38
   900000:smvn_C.c (M=1365, N=24, lda=1372) gets 2976.38 MFLOPS
   NU=12, MU=4, mflop[3]=2976.38
   900000:smvn_C.c (M=1365, N=24, lda=1372) gets 2976.38 MFLOPS
   NU=12, MU=8, mflop[3]=2976.38
   900000:smvn_C.c (M=1365, N=24, lda=1372) gets 2976.38 MFLOPS
   NU=12, MU=12, mflop[3]=2976.38
BEST MU-TUNED GENERATED KERNEL FOR imf=3: NU=12, MU=16, MF=2976.38

BEGIN BASIC KERNEL TESTS:
   Kernel smvn_C.c(900000) passes basic test
DONE BASIC KERNEL TESTS:

BEGIN NU/MU EXTRACT SEARCH, imf=3:

BEGIN BASIC KERNEL TESTS:
   Kernel smvn_sse.c(900000) passes basic test
   Kernel smvn_sse.c(900000) passes basic test
   Kernel smvn_sse.c(900000) passes basic test
   Kernel smvn_sse.c(900000) passes basic test
   Kernel smvn_sse.c(900000) passes basic test
   Kernel smvn_sse.c(900000) passes basic test
   Kernel smvn_sse.c(900000) passes basic test
   Kernel smvn_sse.c(900000) passes basic test
   Kernel smvn_sse.c(900000) passes basic test
   Kernel smvn_sse.c(900000) passes basic test
DONE BASIC KERNEL TESTS:

   900000:smvn_sse.c (M=2048, N=16, lda=2051) gets 2973.70 MFLOPS
   900000:smvn_sse.c (M=2048, N=16, lda=2051) gets 2973.70 MFLOPS
   900000:smvn_sse.c (M=2048, N=16, lda=2051) gets 2973.70 MFLOPS
   900000:smvn_sse.c (M=2048, N=16, lda=2051) gets 2973.70 MFLOPS
   900000:smvn_sse.c (M=1365, N=24, lda=1372) gets 2976.38 MFLOPS
   900000:smvn_sse.c (M=2048, N=16, lda=2051) gets 2973.70 MFLOPS
   900000:smvn_sse.c (M=2048, N=16, lda=2051) gets 2973.70 MFLOPS
   900000:smvn_sse.c (M=2048, N=16, lda=2051) gets 2973.70 MFLOPS
   900000:smvn_sse.c (M=2048, N=16, lda=2051) gets 2973.70 MFLOPS
   900000:smvn_sse.c (M=1365, N=24, lda=1372) gets 2976.38 MFLOPS
   mu=16, nu=1, mflop[3]=2973.70
   mu=16, nu=2, mflop[3]=2973.70
   mu=16, nu=4, mflop[3]=2973.70
   mu=16, nu=8, mflop[3]=2973.70
   mu=16, nu=12, mflop[3]=2976.38
   mu=96, nu=1, mflop[3]=2973.70
   mu=80, nu=2, mflop[3]=2973.70
   mu=64, nu=4, mflop[3]=2973.70
   mu=48, nu=8, mflop[3]=2973.70
   mu=32, nu=12, mflop[3]=2976.38
BEST GENERATED NU-TUNED KERNEL FOR imf=3: MU=16, NU=12, MF=2976.38

BEGIN MU EXTRACT SEARCH, imf=3
   NU=12, MU=16, mflop[3]=2976.38
   900000:smvn_sse.c (M=1365, N=24, lda=1372) gets 2976.38 MFLOPS
   NU=12, MU=32, mflop[3]=2976.38
BEST MU-TUNED GENERATED KERNEL FOR imf=3: NU=12, MU=16, MF=2976.38

BEGIN BASIC KERNEL TESTS:
   Kernel smvn_sse.c(900000) passes basic test
DONE BASIC KERNEL TESTS:

   900007:smvn_C.c (M=2321, N=12, lda=2324) gets 2959.28 MFLOPS
   900005:smvn_sse.c (M=2321, N=12, lda=2324) gets 2959.28 MFLOPS
   900004:smvn_C.c (M=1392, N=20, lda=1400) gets 2967.74 MFLOPS
   900002:smvn_sse.c (M=3481, N=8, lda=3486) gets 1479.42 MFLOPS
   900001:smvn_C.c (M=3481, N=8, lda=3486) gets 2958.85 MFLOPS
   1:ATL_gemvN_axpy.c (M=1740, N=16, lda=1743) gets 2957.13 MFLOPS

TUNING PREFETCH INST, imf=4, BASELINE MFLOP=2967.74

   OP  PREF    MU    NU         MFLOP
   ==  ====  ====  ====  ============
    A   DEF    16    20       2967.74
    A   nta    16    20       4136.04
    A    t0    16    20       4101.57
    A    t1    16    20       3990.72
    A    t2    16    20       4136.04

   OP  PREF    MU    NU         MFLOP
   ==  ====  ====  ====  ============
    X   DEF    16    20       4159.34
    X   nta    16    20       4124.49
    X    t0    16    20       4113.00
    X    t1    16    20       4136.04
    X    t2    16    20       4113.00

   OP  PREF    MU    NU         MFLOP
   ==  ====  ====  ====  ============
    Y   DEF    16    20       4159.34
    Y   nta    16    20       4113.00
    Y    t0    16    20       4159.34
    Y    t1    16    20       4136.04
    Y    t2    16    20       4113.00

BEST MFLOP[4]=4159.34 (40.15 percent improvement)
   cflags='-fomit-frame-pointer -mfpmath=sse -O2 -fno-schedule-insns2 -mavx2 -mfma -m64 -DPFIY=prefetcht0'

TUNING PREFETCH DISTANCE FOR OPERAND 'A', imf=4:
   OP  DIST    MU    NU         MFLOP
   ==  ====  ====  ====  ============
    A   DEF    16    20       4124.49
    A    64    16    20       3937.51
    A   256    16    20       3916.62
    A   192    16    20       3948.04
    A     0    16    20       4124.49
DEFAULT imf=4 ADISTANCE IS BEST (4124.49)

TUNING PREFETCH DISTANCE FOR OPERAND 'X', imf=4:
   OP  DIST    MU    NU         MFLOP
   ==  ====  ====  ====  ============
    X   DEF    16    20       4124.49
    X    64    16    20       3161.81
    X   256    16    20       3575.22
    X   512    16    20       3490.70
    X   320    16    20       4090.21
    X   384    16    20       3449.92
    X   448    16    20       3673.05
    X     0    16    20       2812.51
DEFAULT imf=4 XDISTANCE IS BEST (4124.49)

TUNING PREFETCH DISTANCE FOR OPERAND 'Y', imf=4:
   OP  DIST    MU    NU         MFLOP
   ==  ====  ====  ====  ============
    Y   DEF    16    20       2709.30
    Y    64    16    20       2585.93
    Y   256    16    20       3252.35
    Y   512    16    20       3259.53
    Y   576    16    20       3288.57
    Y   640    16    20       3223.95
    Y   704    16    20       3189.13
    Y   768    16    20       3216.92
    Y   832    16    20       3355.83
    Y   896    16    20       3410.09
    Y   960    16    20       3108.56
    Y     0    16    20       3295.91
BEST imf=4 PFYDIST=896 (3410.09)

PREFETCH DISTANCE TUNING imf=4 improved from 4159.34 to 3259.53 (-21.63 percent)
   900007:smvn_C.c (M=1365, N=24, lda=1372) gets 2976.38 MFLOPS
   900005:smvn_sse.c (M=1365, N=24, lda=1372) gets 2976.38 MFLOPS
   900004:smvn_C.c (M=1638, N=20, lda=1645) gets 2954.95 MFLOPS
   900002:smvn_sse.c (M=2048, N=16, lda=2051) gets 1486.85 MFLOPS
   900001:smvn_C.c (M=2048, N=16, lda=2051) gets 2973.70 MFLOPS
   1:ATL_gemvN_axpy.c (M=2048, N=16, lda=2051) gets 2973.70 MFLOPS

TUNING PREFETCH INST, imf=3, BASELINE MFLOP=2976.38

   OP  PREF    MU    NU         MFLOP
   ==  ====  ====  ====  ============
    A   DEF    16    12       2976.38
    A   nta    16    12       3885.93
    A    t0    16    12       3885.93
    A    t1    16    12       3601.59
    A    t2    16    12       3601.59

   OP  PREF    MU    NU         MFLOP
   ==  ====  ====  ====  ============
    X   DEF    16    12       3990.96
    X   nta    16    12       3601.59
    X    t0    16    12       3691.63
    X    t1    16    12       3601.59
    X    t2    16    12       3601.59

   OP  PREF    MU    NU         MFLOP
   ==  ====  ====  ====  ============
    Y   DEF    16    12       3691.63
    Y   nta    16    12       3786.29
    Y    t0    16    12       3885.93
    Y    t1    16    12       3691.63
    Y    t2    16    12       3786.29

BEST MFLOP[3]=3885.93 (30.56 percent improvement)
   cflags='-fomit-frame-pointer -mfpmath=sse -O2 -fno-schedule-insns2 -mavx2 -mfma -m64'

TUNING PREFETCH DISTANCE FOR OPERAND 'A', imf=3:
   OP  DIST    MU    NU         MFLOP
   ==  ====  ====  ====  ============
    A   DEF    16    12       3691.63
    A    64    16    12       3601.59
    A   256    16    12       3786.29
    A   512    16    12       3601.59
    A   320    16    12       3786.29
    A   384    16    12       3691.63
    A   448    16    12       3786.29
    A     0    16    12       3786.29
BEST imf=3 PFADIST=256 (3786.29)

TUNING PREFETCH DISTANCE FOR OPERAND 'X', imf=3:
   OP  DIST    MU    NU         MFLOP
   ==  ====  ====  ====  ============
    X   DEF    16    12       3691.63
    X    64    16    12       3691.63
    X   256    16    12       3601.59
    X   192    16    12       3601.59
    X     0    16    12       3515.84
DEFAULT imf=3 XDISTANCE IS BEST (3691.63)

TUNING PREFETCH DISTANCE FOR OPERAND 'Y', imf=3:
   OP  DIST    MU    NU         MFLOP
   ==  ====  ====  ====  ============
    Y   DEF    16    12       3515.84
    Y    64    16    12       3601.59
    Y   256    16    12       3691.63
    Y   512    16    12       3691.63
    Y   320    16    12       3885.93
    Y   384    16    12       3691.63
    Y   448    16    12       3691.63
    Y     0    16    12       3601.59
BEST imf=3 PFYDIST=320 (3885.93)

PREFETCH DISTANCE TUNING imf=3 improved from 3885.93 to 3601.59 (-7.32 percent)
   900007:smvn_C.c (M=3000, N=1992, lda=3003) gets 2988.75 MFLOPS
   900005:smvn_sse.c (M=3000, N=1992, lda=3003) gets 2988.75 MFLOPS
   900004:smvn_C.c (M=3000, N=2000, lda=3003) gets 3000.75 MFLOPS
   900002:smvn_sse.c (M=3000, N=2000, lda=3003) gets 3000.75 MFLOPS
   900001:smvn_C.c (M=3000, N=2000, lda=3003) gets 3000.75 MFLOPS
   1:ATL_gemvN_axpy.c (M=3000, N=2000, lda=3003) gets 3000.75 MFLOPS

TUNING PREFETCH INST, imf=2, BASELINE MFLOP=3000.75

   OP  PREF    MU    NU         MFLOP
   ==  ====  ====  ====  ============
    A   DEF    16    20       3000.75
    A   nta    16    20       3000.75
    A    t0    16    20       3000.75
    A    t1    16    20       3000.75
    A    t2    16    20       3000.75

   OP  PREF    MU    NU         MFLOP
   ==  ====  ====  ====  ============
    X   DEF    16    20       3000.75
    X   nta    16    20       3000.75
    X    t0    16    20       3000.75
    X    t1    16    20       3000.75
    X    t2    16    20       3000.75

   OP  PREF    MU    NU         MFLOP
   ==  ====  ====  ====  ============
    Y   DEF    16    20       3000.75
    Y   nta    16    20       3000.75
    Y    t0    16    20       3000.75
    Y    t1    16    20       3000.75
    Y    t2    16    20       3000.75

BEST MFLOP[2]=3000.75 (0.00 percent improvement)
   cflags='-fomit-frame-pointer -mfpmath=sse -O2 -fno-schedule-insns2 -mavx2 -mfma -m64'

TUNING PREFETCH DISTANCE FOR OPERAND 'A', imf=2:
   OP  DIST    MU    NU         MFLOP
   ==  ====  ====  ====  ============
    A   DEF    16    20       3000.75
    A    64    16    20       3000.75
    A   256    16    20       3000.75
    A   192    16    20       3000.75
    A     0    16    20       3000.75
DEFAULT imf=2 ADISTANCE IS BEST (3000.75)

TUNING PREFETCH DISTANCE FOR OPERAND 'X', imf=2:
   OP  DIST    MU    NU         MFLOP
   ==  ====  ====  ====  ============
    X   DEF    16    20       3000.75
    X    64    16    20       3000.75
    X   256    16    20       3000.75
    X   192    16    20       3000.75
    X     0    16    20       3000.75
DEFAULT imf=2 XDISTANCE IS BEST (3000.75)

TUNING PREFETCH DISTANCE FOR OPERAND 'Y', imf=2:
   OP  DIST    MU    NU         MFLOP
   ==  ====  ====  ====  ============
    Y   DEF    16    20       3000.75
    Y    64    16    20       3000.75
    Y   256    16    20       3000.75
    Y   192    16    20       3000.75
    Y     0    16    20       3000.75
DEFAULT imf=2 YDISTANCE IS BEST (3000.75)

PREFETCH DISTANCE TUNING imf=2 improved from 3000.75 to 3000.75 (0.00 percent)

Best out-of-cache kernel:
ID=900002 ROUT='smvn_sse.c' AUTH='R. Clint Whaley' TA='N' \
   rankR=0 CacheElts=16384 SSE=3 alignA=0 alignY=16 alignX=16 minM=16 minN=1  \
   NU=1 MU=16 LDAMUL=0 PFTUNABLE=1 ALIGNX2A=0 ADDCFLAGS=0 GEMMBASED=0 AXPYBASED=1  \
   ALLALIGNXY=0 LDYTOP=0 FNU=1 X87=0  \
   MFLOP=3.000750e+03,3.000750e+03  ASM=GAS_x8664  CFLAGS='-x assembler-with-cpp' \
     COMP='/usr/bin/c99-gcc -fomit-frame-pointer -mfpmath=sse -O2 -fno-schedule-insns2 -mavx2 -mfma -m64 -m64'

BEGIN RESTRICTED OUT-OF-CACHE TUNING
   900006:smvn_sse.c (M=3000, N=1992, lda=3008) gets 2988.75 MFLOPS
   900003:smvn_sse.c (M=3000, N=2000, lda=3008) gets 3000.75 MFLOPS
   2:ATL_sgemvN_8x4_sse.c (M=3000, N=2000, lda=3008) gets 6001.50 MFLOPS

TUNING PREFETCH INST, imf=0, BASELINE MFLOP=3000.75

   OP  PREF    MU    NU         MFLOP
   ==  ====  ====  ====  ============
    A   DEF    16     1       3000.75
    A   nta    16     1       3000.75
    A    t0    16     1       3000.75
    A    t1    16     1       3000.75
    A    t2    16     1       3000.75

   OP  PREF    MU    NU         MFLOP
   ==  ====  ====  ====  ============
    X   DEF    16     1       3000.75
    X   nta    16     1       1500.38
    X    t0    16     1       3000.75
    X    t1    16     1       3000.75
    X    t2    16     1       3000.75

   OP  PREF    MU    NU         MFLOP
   ==  ====  ====  ====  ============
    Y   DEF    16     1       3000.75
    Y   nta    16     1       3000.75
    Y    t0    16     1       3000.75
    Y    t1    16     1       3000.75
    Y    t2    16     1       3000.75

BEST MFLOP[0]=3000.75 (0.00 percent improvement)
   cflags='-x assembler-with-cpp'

TUNING PREFETCH DISTANCE FOR OPERAND 'A', imf=0:
   OP  DIST    MU    NU         MFLOP
   ==  ====  ====  ====  ============
    A   DEF    16     1       3000.75
    A    64    16     1       3000.75
    A   256    16     1       3000.75
    A   192    16     1       3000.75
    A     0    16     1       3000.75
DEFAULT imf=0 ADISTANCE IS BEST (3000.75)

TUNING PREFETCH DISTANCE FOR OPERAND 'X', imf=0:
   OP  DIST    MU    NU         MFLOP
   ==  ====  ====  ====  ============
    X   DEF    16     1       1500.38
    X    64    16     1       3000.75
    X   256    16     1       3000.75
    X   192    16     1       3000.75
    X     0    16     1       3000.75
BEST imf=0 PFXDIST=128 (3000.75)

TUNING PREFETCH DISTANCE FOR OPERAND 'Y', imf=0:
   OP  DIST    MU    NU         MFLOP
   ==  ====  ====  ====  ============
    Y   DEF    16     1       3000.75
    Y    64    16     1       3000.75
    Y   256    16     1       3000.75
    Y   192    16     1       3000.75
    Y     0    16     1       3000.75
DEFAULT imf=0 YDISTANCE IS BEST (3000.75)

PREFETCH DISTANCE TUNING imf=0 improved from 3000.75 to 3000.75 (0.00 percent)
KERNEL CHOSEN:
ID=2 ROUT='ATL_sgemvN_8x4_sse.c' AUTH='R. Clint Whaley' TA='N' \
   rankR=1 CacheElts=16384 SSE=1 alignA=0 alignY=16 alignX=0 minM=0 minN=0  \
   NU=4 MU=8 LDAMUL=16 PFTUNABLE=0 ALIGNX2A=1 ADDCFLAGS=0 GEMMBASED=0 AXPYBASED=1  \
   ALLALIGNXY=0 LDYTOP=0 FNU=0 X87=0  \
   MFLOP=6.001500e+03
DONE RESTRICTED OUT-OF-CACHE TUNING.

BEGIN RESTRICTED L1-BLOCKED TUNING
   900006:smvn_sse.c (M=3000, N=1992, lda=3008) gets 2988.75 MFLOPS
   900003:smvn_sse.c (M=3000, N=2000, lda=3008) gets 3000.75 MFLOPS
   2:ATL_sgemvN_8x4_sse.c (M=3000, N=2000, lda=3008) gets 6001.50 MFLOPS

TUNING PREFETCH INST, imf=0, BASELINE MFLOP=3000.75

   OP  PREF    MU    NU         MFLOP
   ==  ====  ====  ====  ============
    A   DEF    16     1       3000.75
    A   nta    16     1       3000.75
    A    t0    16     1       3000.75
    A    t1    16     1       3000.75
    A    t2    16     1       1500.38

   OP  PREF    MU    NU         MFLOP
   ==  ====  ====  ====  ============
    X   DEF    16     1       3000.75
    X   nta    16     1       3000.75
    X    t0    16     1       1500.38
    X    t1    16     1       3000.75
    X    t2    16     1       3000.75

   OP  PREF    MU    NU         MFLOP
   ==  ====  ====  ====  ============
    Y   DEF    16     1       3000.75
    Y   nta    16     1       3000.75
    Y    t0    16     1       3000.75
    Y    t1    16     1       3000.75
    Y    t2    16     1       3000.75

BEST MFLOP[0]=3000.75 (0.00 percent improvement)
   cflags='-x assembler-with-cpp'

TUNING PREFETCH DISTANCE FOR OPERAND 'A', imf=0:
   OP  DIST    MU    NU         MFLOP
   ==  ====  ====  ====  ============
    A   DEF    16     1       3000.75
    A    64    16     1       3000.75
    A   256    16     1       3000.75
    A   192    16     1       3000.75
    A     0    16     1       1500.38
DEFAULT imf=0 ADISTANCE IS BEST (3000.75)

TUNING PREFETCH DISTANCE FOR OPERAND 'X', imf=0:
   OP  DIST    MU    NU         MFLOP
   ==  ====  ====  ====  ============
    X   DEF    16     1       3000.75
    X    64    16     1       3000.75
    X   256    16     1       3000.75
    X   192    16     1       3000.75
    X     0    16     1       3000.75
DEFAULT imf=0 XDISTANCE IS BEST (3000.75)

TUNING PREFETCH DISTANCE FOR OPERAND 'Y', imf=0:
   OP  DIST    MU    NU         MFLOP
   ==  ====  ====  ====  ============
    Y   DEF    16     1       3000.75
    Y    64    16     1       3000.75
    Y   256    16     1       1500.38
    Y   192    16     1       3000.75
    Y     0    16     1       3000.75
DEFAULT imf=0 YDISTANCE IS BEST (3000.75)

PREFETCH DISTANCE TUNING imf=0 improved from 3000.75 to 3000.75 (0.00 percent)
KERNEL CHOSEN:
ID=2 ROUT='ATL_sgemvN_8x4_sse.c' AUTH='R. Clint Whaley' TA='N' \
   rankR=1 CacheElts=16384 SSE=1 alignA=0 alignY=16 alignX=0 minM=0 minN=0  \
   NU=4 MU=8 LDAMUL=16 PFTUNABLE=0 ALIGNX2A=1 ADDCFLAGS=0 GEMMBASED=0 AXPYBASED=1  \
   ALLALIGNXY=0 LDYTOP=0 FNU=0 X87=0  \
   MFLOP=6.001500e+03
DONE RESTRICTED L1-BLOCKED TUNING.

BEGIN RESTRICTED in-L1 TUNING
   900006:smvn_sse.c (M=2321, N=12, lda=2332) gets 2959.28 MFLOPS
   900003:smvn_sse.c (M=3481, N=8, lda=3492) gets 2958.85 MFLOPS
   2:ATL_sgemvN_8x4_sse.c (M=3481, N=8, lda=3492) gets 11835.40 MFLOPS

TUNING PREFETCH INST, imf=4, BASELINE MFLOP=2959.28

   OP  PREF    MU    NU         MFLOP
   ==  ====  ====  ====  ============
    A   DEF    16    12       2959.28
    A   nta    16    12       4381.53
    A    t0    16    12       4420.89
    A    t1    16    12       4317.48
    A    t2    16    12       4159.37

   OP  PREF    MU    NU         MFLOP
   ==  ====  ====  ====  ============
    X   DEF    16    12       4420.89
    X   nta    16    12       4304.89
    X    t0    16    12       4171.12
    X    t1    16    12       4147.69
    X    t2    16    12       4243.04

   OP  PREF    MU    NU         MFLOP
   ==  ====  ====  ====  ============
    Y   DEF    16    12       4304.89
    Y   nta    16    12       4717.50
    Y    t0    16    12       4732.62
    Y    t1    16    12       4763.15
    Y    t2    16    12       4702.47

BEST MFLOP[4]=4763.15 (60.96 percent improvement)
   cflags='-x assembler-with-cpp -DPFIA=prefetcht0 -DPFIX=prefetchnta -DPFIY=prefetcht1'

TUNING PREFETCH DISTANCE FOR OPERAND 'A', imf=4:
   OP  DIST    MU    NU         MFLOP
   ==  ====  ====  ====  ============
    A   DEF    16    12       4687.55
    A    64    16    12       4687.55
    A   256    16    12       4717.50
    A   512    16    12       4717.50
    A   320    16    12       4763.15
    A   384    16    12       4732.62
    A   448    16    12       4687.55
    A     0    16    12       4687.55
BEST imf=4 PFADIST=320 (4763.15)

TUNING PREFETCH DISTANCE FOR OPERAND 'X', imf=4:
   OP  DIST    MU    NU         MFLOP
   ==  ====  ====  ====  ============
    X   DEF    16    12       4672.71
    X    64    16    12       4657.97
    X   256    16    12       4717.50
    X   512    16    12       4657.97
    X   320    16    12       4687.55
    X   384    16    12       4702.47
    X   448    16    12       4643.32
    X     0    16    12       4747.84
BEST imf=4 PFXDIST=0 (4747.84)

TUNING PREFETCH DISTANCE FOR OPERAND 'Y', imf=4:
   OP  DIST    MU    NU         MFLOP
   ==  ====  ====  ====  ============
    Y   DEF    16    12       4687.55
    Y    64    16    12       4687.55
    Y   256    16    12       4732.62
    Y   512    16    12       4747.84
    Y   576    16    12       4672.71
    Y   640    16    12       4778.56
    Y   704    16    12       4717.50
    Y   768    16    12       4732.62
    Y   832    16    12       4702.47
    Y   896    16    12       4643.32
    Y   960    16    12       4687.55
    Y     0    16    12       4778.56
BEST imf=4 PFYDIST=640 (4778.56)

PREFETCH DISTANCE TUNING imf=4 improved from 4763.15 to 4747.84 (-0.32 percent)
KERNEL CHOSEN:
ID=2 ROUT='ATL_sgemvN_8x4_sse.c' AUTH='R. Clint Whaley' TA='N' \
   rankR=2 CacheElts=16384 SSE=1 alignA=0 alignY=16 alignX=0 minM=0 minN=0  \
   NU=4 MU=8 LDAMUL=16 PFTUNABLE=0 ALIGNX2A=1 ADDCFLAGS=0 GEMMBASED=0 AXPYBASED=1  \
   ALLALIGNXY=0 LDYTOP=0 FNU=0 X87=0  \
   MFLOP=6.001500e+03,0.000000e+00,0.000000e+00,0.000000e+00,1.183540e+04
ID=900006 ROUT='smvn_sse.c' AUTH='R. Clint Whaley' TA='N' \
   rankR=1 CacheElts=16384 SSE=3 alignA=16 alignY=16 alignX=16 minM=16  \
   minN=12 NU=12 MU=16 LDAMUL=16 PFTUNABLE=1 ALIGNX2A=0 ADDCFLAGS=0 GEMMBASED=0  \
   AXPYBASED=1 ALLALIGNXY=0 LDYTOP=0 FNU=1 X87=0  \
   MFLOP=2.988750e+03,0.000000e+00,0.000000e+00,0.000000e+00,4.747835e+03 \
     ASM=GAS_x8664 \
     CFLAGS='-x assembler-with-cpp -DPFIA=prefetcht0 -DPFIX=prefetchnta -DPFIY=prefetcht1 -DPFADIST=320 -DPFXDIST=0 -DPFYDIST=640' \
     COMP='/usr/bin/c99-gcc -fomit-frame-pointer -mfpmath=sse -O2 -fno-schedule-insns2 -mavx2 -mfma -m64 -m64'
DONE RESTRICTED in-L1 TUNING.

BEGIN RESTRICTED in-L2 TUNING
   900006:smvn_sse.c (M=1365, N=24, lda=1376) gets 2976.38 MFLOPS
   900003:smvn_sse.c (M=2048, N=16, lda=2056) gets 2973.70 MFLOPS
   2:ATL_sgemvN_8x4_sse.c (M=2048, N=16, lda=2056) gets 11894.78 MFLOPS

TUNING PREFETCH INST, imf=3, BASELINE MFLOP=2976.38

   OP  PREF    MU    NU         MFLOP
   ==  ====  ====  ====  ============
    A   DEF    16    12       2976.38
    A   nta    16    12       4763.40
    A    t0    16    12       4614.54
    A    t1    16    12       4763.40
    A    t2    16    12       4763.40

   OP  PREF    MU    NU         MFLOP
   ==  ====  ====  ====  ============
    X   DEF    16    12       4763.40
    X   nta    16    12       4614.54
    X    t0    16    12       4763.40
    X    t1    16    12       4763.40
    X    t2    16    12       4763.40

   OP  PREF    MU    NU         MFLOP
   ==  ====  ====  ====  ============
    Y   DEF    16    12       4763.40
    Y   nta    16    12       4763.40
    Y    t0    16    12       4922.18
    Y    t1    16    12       4763.40
    Y    t2    16    12       4614.54

BEST MFLOP[3]=4922.18 (65.37 percent improvement)
   cflags='-x assembler-with-cpp -DPFIX=prefetcht0 -DPFIY=prefetcht0'

TUNING PREFETCH DISTANCE FOR OPERAND 'A', imf=3:
   OP  DIST    MU    NU         MFLOP
   ==  ====  ====  ====  ============
    A   DEF    16    12       4614.54
    A    64    16    12       4763.40
    A   256    16    12       4763.40
    A   192    16    12       4614.54
    A     0    16    12       4763.40
BEST imf=3 PFADIST=128 (4763.40)

TUNING PREFETCH DISTANCE FOR OPERAND 'X', imf=3:
   OP  DIST    MU    NU         MFLOP
   ==  ====  ====  ====  ============
    X   DEF    16    12       4763.40
    X    64    16    12       4614.54
    X   256    16    12       4763.40
    X   512    16    12       4763.40
    X   320    16    12       4763.40
    X   384    16    12       4763.40
    X   448    16    12       4614.54
    X     0    16    12       4763.40
DEFAULT imf=3 XDISTANCE IS BEST (4763.40)

TUNING PREFETCH DISTANCE FOR OPERAND 'Y', imf=3:
   OP  DIST    MU    NU         MFLOP
   ==  ====  ====  ====  ============
    Y   DEF    16    12       4763.40
    Y    64    16    12       4614.54
    Y   256    16    12       4614.54
    Y   192    16    12       4763.40
    Y     0    16    12       4763.40
DEFAULT imf=3 YDISTANCE IS BEST (4763.40)

PREFETCH DISTANCE TUNING imf=3 improved from 4922.18 to 4614.54 (-6.25 percent)
KERNEL CHOSEN:
ID=2 ROUT='ATL_sgemvN_8x4_sse.c' AUTH='R. Clint Whaley' TA='N' \
   rankR=2 CacheElts=65536 SSE=1 alignA=0 alignY=16 alignX=0 minM=0 minN=0  \
   NU=4 MU=8 LDAMUL=16 PFTUNABLE=0 ALIGNX2A=1 ADDCFLAGS=0 GEMMBASED=0 AXPYBASED=1  \
   ALLALIGNXY=0 LDYTOP=0 FNU=0 X87=0  \
   MFLOP=6.001500e+03,0.000000e+00,0.000000e+00,1.189478e+04,1.183540e+04
ID=900006 ROUT='smvn_sse.c' AUTH='R. Clint Whaley' TA='N' \
   rankR=1 CacheElts=65536 SSE=3 alignA=16 alignY=16 alignX=16 minM=16  \
   minN=12 NU=12 MU=16 LDAMUL=16 PFTUNABLE=1 ALIGNX2A=0 ADDCFLAGS=0 GEMMBASED=0  \
   AXPYBASED=1 ALLALIGNXY=0 LDYTOP=0 FNU=1 X87=0  \
   MFLOP=2.988750e+03,0.000000e+00,0.000000e+00,4.614542e+03,2.959275e+03 \
     ASM=GAS_x8664 \
     CFLAGS='-x assembler-with-cpp -DPFIX=prefetcht0 -DPFIY=prefetcht0 -DPFADIST=128' \
     COMP='/usr/bin/c99-gcc -fomit-frame-pointer -mfpmath=sse -O2 -fno-schedule-insns2 -mavx2 -mfma -m64 -m64'
DONE RESTRICTED in-L2 TUNING.
make smvninstall
make[4]: Entering directory '/home/aposta/sc17/atlasBuild/tune/blas/gemv'
mkdir smvnoutd
rm -f smvnoutd/*
if [ -s "/home/aposta/sc17/atlasBuild/src/blas/gemv/Make_smvn" ]; then \
           cd  /home/aposta/sc17/atlasBuild/src/blas/gemv ; make -f Make_smvn killall ; \
           rm -f /home/aposta/sc17/atlasBuild/src/blas/gemv/Make_smvn ; \
        fi
./xmvnhgen -p s -F res/sMVNK.sum -d smvnoutd
make[5]: Entering directory '/home/aposta/sc17/atlasBuild/tune/blas/gemv'
/home/aposta/sc17/atlasBuild/bin/xextract -b /home/aposta/sc17/ATLAS//tune/blas/gemv/atlas-l2g.base order=clmajor \
                           rout=mvn_sse nu=1 type=SREAL -def MU 1 \
                            -o EXTDIR/smvn_sse.c
make[5]: Leaving directory '/home/aposta/sc17/atlasBuild/tune/blas/gemv'
make[5]: Entering directory '/home/aposta/sc17/atlasBuild/tune/blas/gemv'
/home/aposta/sc17/atlasBuild/bin/xextract -b /home/aposta/sc17/ATLAS//tune/blas/gemv/atlas-l2g.base order=clmajor \
                           rout=mvn_sse nu=12 type=SREAL -def MU 1 \
                           -def ALIGNED 1 -o EXTDIR/smvn_sse.c
make[5]: Leaving directory '/home/aposta/sc17/atlasBuild/tune/blas/gemv'
make[5]: Entering directory '/home/aposta/sc17/atlasBuild/tune/blas/gemv'
/home/aposta/sc17/atlasBuild/bin/xextract -b /home/aposta/sc17/ATLAS//tune/blas/gemv/atlas-l2g.base -langC \
                           order=clmajor rout=mvn_C nu=12 type=SREAL \
                           -def MU 16  -o EXTDIR/smvn_C.c
make[5]: Leaving directory '/home/aposta/sc17/atlasBuild/tune/blas/gemv'
make[5]: Entering directory '/home/aposta/sc17/atlasBuild/tune/blas/gemv'
/home/aposta/sc17/atlasBuild/bin/xextract -b /home/aposta/sc17/ATLAS//tune/blas/gemv/atlas-l2g.base -langC \
                           order=clmajor rout=mvn_C nu=20 type=SREAL \
                           -def MU 16  -o EXTDIR/smvn_C.c
make[5]: Leaving directory '/home/aposta/sc17/atlasBuild/tune/blas/gemv'
cp -f smvnoutd/Make_smvn /home/aposta/sc17/atlasBuild/src/blas/gemv/.
cp smvnoutd/*.c /home/aposta/sc17/atlasBuild/src/blas/gemv/.
cp -f smvnoutd/*.h /home/aposta/sc17/atlasBuild/include/.
if [ -s "xccobj.exe" ] ; then \
   cp -f xccobj.exe /home/aposta/sc17/atlasBuild/src/blas/gemv/. ; \
elif [ -s "xccobj" ]; then \
           cp -f xccobj /home/aposta/sc17/atlasBuild/src/blas/gemv/. ; \
        fi
touch /home/aposta/sc17/ATLAS//include/atlas_mv.h
rm -f smvnoutd/* ; rmdir smvnoutd
make[4]: Leaving directory '/home/aposta/sc17/atlasBuild/tune/blas/gemv'
make[3]: Leaving directory '/home/aposta/sc17/atlasBuild/tune/blas/gemv'
cp /home/aposta/sc17/atlasBuild/tune/blas/gemv/res/sMVNK.sum INSTALL_LOG/.
make[2]: Leaving directory '/home/aposta/sc17/atlasBuild/bin'

*******************************************************************************
*******************************************************************************
*******************************************************************************
*      FINISHED ATLAS3.10.3 INSTALL OF SECTION 2-2-7 ON 08/09/2017 AT 16:20   *
*******************************************************************************
*******************************************************************************
*******************************************************************************



